[2022-10-10T14:37:02.476Z] Log level: Info
[2022-10-10T14:37:02.628Z] [info] Validating found git in: git
[2022-10-10T14:37:03.481Z] [info] Using git 2.25.1 from git
[2022-10-10T14:37:04.245Z] > git rev-parse --show-toplevel [595ms]
[2022-10-10T14:37:04.295Z] > git rev-parse --git-dir --git-common-dir [5ms]
[2022-10-10T14:37:04.412Z] [info] Open repository: /home/oluwatobi
[2022-10-10T14:37:04.530Z] > git rev-parse --show-toplevel [21ms]
[2022-10-10T14:37:04.577Z] > git rev-parse --show-toplevel [20ms]
[2022-10-10T14:37:04.619Z] > git rev-parse --show-toplevel [14ms]
[2022-10-10T14:37:04.648Z] > git rev-parse --show-toplevel [14ms]
[2022-10-10T14:37:04.690Z] > git rev-parse --show-toplevel [3ms]
[2022-10-10T14:37:04.814Z] > git rev-parse --show-toplevel [79ms]
[2022-10-10T14:37:04.856Z] > git rev-parse --show-toplevel [18ms]
[2022-10-10T14:37:04.888Z] > git rev-parse --show-toplevel [12ms]
[2022-10-10T14:37:05.002Z] > git rev-parse --show-toplevel [97ms]
[2022-10-10T14:37:05.042Z] > git rev-parse --git-dir --git-common-dir [3ms]
[2022-10-10T14:37:05.095Z] [info] Open repository: /home/oluwatobi/.vim_runtime
[2022-10-10T14:37:05.179Z] > git rev-parse --show-toplevel [11ms]
[2022-10-10T14:37:05.229Z] > git rev-parse --show-toplevel [15ms]
[2022-10-10T14:37:05.329Z] > git rev-parse --show-toplevel [67ms]
[2022-10-10T14:37:05.374Z] > git rev-parse --git-dir --git-common-dir [15ms]
[2022-10-10T14:37:05.415Z] [info] Open repository: /home/oluwatobi/Betty
[2022-10-10T14:37:05.811Z] > git rev-parse --show-toplevel [326ms]
[2022-10-10T14:37:06.023Z] > git rev-parse --show-toplevel [148ms]
[2022-10-10T14:37:06.050Z] > git rev-parse --git-dir --git-common-dir [5ms]
[2022-10-10T14:37:06.079Z] [info] Open repository: /home/oluwatobi/alx-low_level_programming
[2022-10-10T14:37:06.201Z] > git rev-parse --show-toplevel [67ms]
[2022-10-10T14:37:06.227Z] > git rev-parse --git-dir --git-common-dir [9ms]
[2022-10-10T14:37:06.262Z] [info] Open repository: /home/oluwatobi/alx-system
[2022-10-10T14:37:06.411Z] > git rev-parse --show-toplevel [92ms]
[2022-10-10T14:37:06.452Z] > git check-ignore -v -z --stdin [81ms]
[2022-10-10T14:37:06.459Z] > git rev-parse --git-dir --git-common-dir [21ms]
[2022-10-10T14:37:06.492Z] [info] Open repository: /home/oluwatobi/alx-system_engineering-devops
[2022-10-10T14:37:06.659Z] > git status -z -uall [550ms]
[2022-10-10T14:37:06.698Z] > git status -z -uall [406ms]
[2022-10-10T14:37:06.728Z] > git check-ignore -v -z --stdin [377ms]
[2022-10-10T14:37:06.745Z] > git check-ignore -v -z --stdin [343ms]
[2022-10-10T14:37:06.759Z] > git symbolic-ref --short HEAD [34ms]
[2022-10-10T14:37:06.780Z] > git symbolic-ref --short HEAD [83ms]
[2022-10-10T14:37:06.804Z] > git rev-parse --show-toplevel [232ms]
[2022-10-10T14:37:06.834Z] > git status -z -uall [300ms]
[2022-10-10T14:37:06.863Z] > git for-each-ref --format=%(refname)%00%(upstream:short)%00%(objectname)%00%(upstream:track)%00%(upstream:remotename)%00%(upstream:remoteref) refs/heads/main refs/remotes/main [85ms]
[2022-10-10T14:37:06.944Z] > git remote --verbose [17ms]
[2022-10-10T14:37:06.947Z] > git symbolic-ref --short HEAD [86ms]
[2022-10-10T14:37:06.965Z] > git for-each-ref --format=%(refname)%00%(upstream:short)%00%(objectname)%00%(upstream:track)%00%(upstream:remotename)%00%(upstream:remoteref) refs/heads/main refs/remotes/main [162ms]
[2022-10-10T14:37:07.010Z] > git rev-parse --show-toplevel [182ms]
[2022-10-10T14:37:07.061Z] > git remote --verbose [54ms]
[2022-10-10T14:37:07.063Z] > git for-each-ref --format=%(refname)%00%(upstream:short)%00%(objectname)%00%(upstream:track)%00%(upstream:remotename)%00%(upstream:remoteref) refs/heads/main refs/remotes/main [99ms]
[2022-10-10T14:37:07.114Z] > git for-each-ref --sort -committerdate --format %(refname) %(objectname) %(*objectname) [209ms]
[2022-10-10T14:37:07.420Z] > git check-ignore -v -z --stdin [235ms]
[2022-10-10T14:37:07.426Z] > git check-ignore -v -z --stdin [215ms]
[2022-10-10T14:37:07.428Z] > git check-ignore -v -z --stdin [174ms]
[2022-10-10T14:37:07.429Z] > git check-ignore -v -z --stdin [148ms]
[2022-10-10T14:37:07.431Z] > git check-ignore -v -z --stdin [123ms]
[2022-10-10T14:37:07.432Z] > git check-ignore -v -z --stdin [90ms]
[2022-10-10T14:37:07.434Z] > git remote --verbose [324ms]
[2022-10-10T14:37:07.435Z] > git for-each-ref --sort -committerdate --format %(refname) %(objectname) %(*objectname) [344ms]
[2022-10-10T14:37:07.478Z] > git for-each-ref --sort -committerdate --format %(refname) %(objectname) %(*objectname) [488ms]
[2022-10-10T14:37:07.535Z] > git rev-parse --show-toplevel [491ms]
[2022-10-10T14:37:07.708Z] > git rev-parse --show-toplevel [147ms]
[2022-10-10T14:37:07.739Z] > git config --get commit.template [367ms]
[2022-10-10T14:37:07.822Z] > git rev-parse --show-toplevel [84ms]
[2022-10-10T14:37:07.855Z] > git config --get commit.template [241ms]
[2022-10-10T14:37:07.908Z] > git config --get commit.template [319ms]
[2022-10-10T14:37:08.030Z] > git status -z -uall [215ms]
[2022-10-10T14:37:08.065Z] > git status -z -uall [158ms]
[2022-10-10T14:37:08.094Z] > git status -z -uall [162ms]
[2022-10-10T14:37:08.119Z] > git rev-parse --show-toplevel [265ms]
[2022-10-10T14:37:08.252Z] > git symbolic-ref --short HEAD [137ms]
[2022-10-10T14:37:08.272Z] > git symbolic-ref --short HEAD [179ms]
[2022-10-10T14:37:08.308Z] > git symbolic-ref --short HEAD [243ms]
[2022-10-10T14:37:08.532Z] > git status -z -uall [3078ms]
[2022-10-10T14:37:08.569Z] > git check-ignore -v -z --stdin [193ms]
[2022-10-10T14:37:08.576Z] > git check-ignore -v -z --stdin [168ms]
[2022-10-10T14:37:08.577Z] > git check-ignore -v -z --stdin [151ms]
[2022-10-10T14:37:08.578Z] > git check-ignore -v -z --stdin [125ms]
[2022-10-10T14:37:08.579Z] > git check-ignore -v -z --stdin [101ms]
[2022-10-10T14:37:08.580Z] > git check-ignore -v -z --stdin [74ms]
[2022-10-10T14:37:08.582Z] > git for-each-ref --format=%(refname)%00%(upstream:short)%00%(objectname)%00%(upstream:track)%00%(upstream:remotename)%00%(upstream:remoteref) refs/heads/main refs/remotes/main [234ms]
[2022-10-10T14:37:08.625Z] > git for-each-ref --format=%(refname)%00%(upstream:short)%00%(objectname)%00%(upstream:track)%00%(upstream:remotename)%00%(upstream:remoteref) refs/heads/main refs/remotes/main [318ms]
[2022-10-10T14:37:08.671Z] > git for-each-ref --format=%(refname)%00%(upstream:short)%00%(objectname)%00%(upstream:track)%00%(upstream:remotename)%00%(upstream:remoteref) refs/heads/main refs/remotes/main [400ms]
[2022-10-10T14:37:08.712Z] > git rev-parse --show-toplevel [574ms]
[2022-10-10T14:37:08.888Z] > git rev-parse --show-toplevel [143ms]
[2022-10-10T14:37:08.927Z] > git remote --verbose [219ms]
[2022-10-10T14:37:08.928Z] > git for-each-ref --sort -committerdate --format %(refname) %(objectname) %(*objectname) [240ms]
[2022-10-10T14:37:08.952Z] > git remote --verbose [288ms]
[2022-10-10T14:37:08.953Z] > git for-each-ref --sort -committerdate --format %(refname) %(objectname) %(*objectname) [307ms]
[2022-10-10T14:37:08.983Z] > git remote --verbose [365ms]
[2022-10-10T14:37:08.984Z] > git for-each-ref --sort -committerdate --format %(refname) %(objectname) %(*objectname) [386ms]
[2022-10-10T14:37:08.992Z] > git symbolic-ref --short HEAD [424ms]
[2022-10-10T14:37:09.219Z] > git rev-parse --show-toplevel [293ms]
[2022-10-10T14:37:09.276Z] > git rev-parse --show-toplevel [28ms]
[2022-10-10T14:37:09.302Z] > git config --get commit.template [173ms]
[2022-10-10T14:37:09.317Z] > git config --get commit.template [234ms]
[2022-10-10T14:37:09.319Z] > git config --get commit.template [274ms]
[2022-10-10T14:37:09.320Z] > git for-each-ref --format=%(refname)%00%(upstream:short)%00%(objectname)%00%(upstream:track)%00%(upstream:remotename)%00%(upstream:remoteref) refs/heads/master refs/remotes/master [308ms]
[2022-10-10T14:37:09.718Z] > git check-ignore -v -z --stdin [257ms]
[2022-10-10T14:37:09.734Z] > git check-ignore -v -z --stdin [224ms]
[2022-10-10T14:37:09.746Z] > git check-ignore -v -z --stdin [213ms]
[2022-10-10T14:37:09.747Z] > git check-ignore -v -z --stdin [134ms]
[2022-10-10T14:37:09.748Z] > git check-ignore -v -z --stdin [100ms]
[2022-10-10T14:37:09.750Z] > git check-ignore -v -z --stdin [63ms]
[2022-10-10T14:37:09.752Z] > git remote --verbose [360ms]
[2022-10-10T14:37:09.766Z] > git for-each-ref --sort -committerdate --format %(refname) %(objectname) %(*objectname) [423ms]
[2022-10-10T14:37:09.814Z] > git rev-parse --show-toplevel [513ms]
[2022-10-10T14:37:09.914Z] > git config --get commit.template [46ms]
[2022-10-10T14:37:09.968Z] > git rev-parse --show-toplevel [134ms]
[2022-10-10T14:37:10.016Z] > git rev-parse --show-toplevel [5ms]
[2022-10-10T14:37:10.069Z] > git status -z -uall [102ms]
[2022-10-10T14:37:10.099Z] > git rev-parse --show-toplevel [52ms]
[2022-10-10T14:37:10.135Z] > git symbolic-ref --short HEAD [37ms]
[2022-10-10T14:37:10.165Z] > git rev-parse --show-toplevel [38ms]
[2022-10-10T14:37:10.224Z] > git rev-parse --show-toplevel [7ms]
[2022-10-10T14:37:10.266Z] > git for-each-ref --format=%(refname)%00%(upstream:short)%00%(objectname)%00%(upstream:track)%00%(upstream:remotename)%00%(upstream:remoteref) refs/heads/master refs/remotes/master [105ms]
[2022-10-10T14:37:10.318Z] > git for-each-ref --sort -committerdate --format %(refname) %(objectname) %(*objectname) [29ms]
[2022-10-10T14:37:10.320Z] > git rev-parse --show-toplevel [55ms]
[2022-10-10T14:37:10.348Z] > git remote --verbose [38ms]
[2022-10-10T14:37:10.400Z] > git rev-parse --show-toplevel [56ms]
[2022-10-10T14:37:10.447Z] > git config --get commit.template [52ms]
[2022-10-10T14:37:10.465Z] > git rev-parse --show-toplevel [21ms]
[2022-10-10T14:37:10.504Z] > git rev-parse --show-toplevel [12ms]
[2022-10-10T14:37:10.558Z] > git rev-parse --show-toplevel [17ms]
[2022-10-10T14:37:10.612Z] > git rev-parse --show-toplevel [19ms]
[2022-10-10T14:37:10.650Z] > git rev-parse --show-toplevel [15ms]
[2022-10-10T14:37:10.677Z] > git rev-parse --show-toplevel [4ms]
[2022-10-10T14:37:10.723Z] > git rev-parse --show-toplevel [7ms]
[2022-10-10T14:37:10.779Z] > git rev-parse --show-toplevel [34ms]
[2022-10-10T14:37:10.820Z] > git rev-parse --git-dir --git-common-dir [2ms]
[2022-10-10T14:37:10.846Z] [info] Open repository: /home/oluwatobi/zero_day
[2022-10-10T14:37:11.003Z] > git status -z -uall [123ms]
[2022-10-10T14:37:11.138Z] > git show --textconv :django_prac/first_djang/mysite/blog/models.py [173ms]
[2022-10-10T14:37:11.142Z] > git ls-files --stage -- /home/oluwatobi/django_prac/first_djang/mysite/blog/models.py [146ms]
[2022-10-10T14:37:11.227Z] > git symbolic-ref --short HEAD [132ms]
[2022-10-10T14:37:11.300Z] > git for-each-ref --format=%(refname)%00%(upstream:short)%00%(objectname)%00%(upstream:track)%00%(upstream:remotename)%00%(upstream:remoteref) refs/heads/main refs/remotes/main [37ms]
[2022-10-10T14:37:11.389Z] > git remote --verbose [21ms]
[2022-10-10T14:37:11.390Z] > git for-each-ref --sort -committerdate --format %(refname) %(objectname) %(*objectname) [59ms]
[2022-10-10T14:37:11.475Z] > git config --get commit.template [10ms]
[2022-10-10T14:37:11.922Z] > git check-ignore -v -z --stdin [176ms]
[2022-10-10T14:37:11.925Z] > git check-ignore -v -z --stdin [153ms]
[2022-10-10T14:37:11.927Z] > git check-ignore -v -z --stdin [126ms]
[2022-10-10T14:37:11.928Z] > git check-ignore -v -z --stdin [94ms]
[2022-10-10T14:37:11.929Z] > git check-ignore -v -z --stdin [55ms]
[2022-10-10T14:37:11.930Z] > git check-ignore -v -z --stdin [30ms]
[2022-10-10T14:37:16.671Z] > git status -z -uall [12184ms]
[2022-10-10T14:37:16.693Z] > git symbolic-ref --short HEAD [3ms]
[2022-10-10T14:37:16.743Z] > git for-each-ref --format=%(refname)%00%(upstream:short)%00%(objectname)%00%(upstream:track)%00%(upstream:remotename)%00%(upstream:remoteref) refs/heads/main refs/remotes/main [35ms]
[2022-10-10T14:37:16.769Z] > git remote --verbose [4ms]
[2022-10-10T14:37:16.770Z] > git for-each-ref --sort -committerdate --format %(refname) %(objectname) %(*objectname) [16ms]
[2022-10-10T14:37:19.205Z] > git config --get commit.template [43ms]
[2022-10-10T14:37:19.423Z] > git status -z -uall [159ms]
[2022-10-10T14:37:19.445Z] > git symbolic-ref --short HEAD [5ms]
[2022-10-10T14:37:19.469Z] > git for-each-ref --format=%(refname)%00%(upstream:short)%00%(objectname)%00%(upstream:track)%00%(upstream:remotename)%00%(upstream:remoteref) refs/heads/main refs/remotes/main [5ms]
[2022-10-10T14:37:19.509Z] > git for-each-ref --sort -committerdate --format %(refname) %(objectname) %(*objectname) [22ms]
[2022-10-10T14:37:19.528Z] > git remote --verbose [23ms]
[2022-10-10T14:37:22.360Z] > git config --get commit.template [55ms]
[2022-10-10T14:37:22.580Z] > git status -z -uall [17444ms]
[2022-10-10T14:37:22.629Z] > git symbolic-ref --short HEAD [5ms]
[2022-10-10T14:37:22.655Z] > git for-each-ref --format=%(refname)%00%(upstream:short)%00%(objectname)%00%(upstream:track)%00%(upstream:remotename)%00%(upstream:remoteref) refs/heads/master refs/remotes/master [6ms]
[2022-10-10T14:37:22.704Z] > git for-each-ref --sort -committerdate --format %(refname) %(objectname) %(*objectname) [25ms]
[2022-10-10T14:37:22.709Z] > git remote --verbose [15ms]
[2022-10-10T14:37:22.761Z] > git config --get commit.template [6ms]
[2022-10-10T14:37:23.126Z] > git status -z -uall [340ms]
[2022-10-10T14:37:23.158Z] > git symbolic-ref --short HEAD [15ms]
[2022-10-10T14:37:23.205Z] > git for-each-ref --format=%(refname)%00%(upstream:short)%00%(objectname)%00%(upstream:track)%00%(upstream:remotename)%00%(upstream:remoteref) refs/heads/master refs/remotes/master [16ms]
[2022-10-10T14:37:23.263Z] > git for-each-ref --sort -committerdate --format %(refname) %(objectname) %(*objectname) [25ms]
[2022-10-10T14:37:23.265Z] > git remote --verbose [7ms]
[2022-10-10T14:37:23.318Z] > git config --get commit.template [9ms]
[2022-10-10T14:37:27.473Z] > git status -z -uall [65ms]
[2022-10-10T14:37:27.492Z] > git symbolic-ref --short HEAD [4ms]
[2022-10-10T14:37:27.512Z] > git for-each-ref --format=%(refname)%00%(upstream:short)%00%(objectname)%00%(upstream:track)%00%(upstream:remotename)%00%(upstream:remoteref) refs/heads/main refs/remotes/main [5ms]
[2022-10-10T14:37:27.548Z] > git for-each-ref --sort -committerdate --format %(refname) %(objectname) %(*objectname) [20ms]
[2022-10-10T14:37:27.549Z] > git remote --verbose [5ms]
[2022-10-10T14:37:29.483Z] > git config --get commit.template [21ms]
[2022-10-10T14:37:34.608Z] > git status -z -uall [105ms]
[2022-10-10T14:37:34.634Z] > git symbolic-ref --short HEAD [4ms]
[2022-10-10T14:37:34.655Z] > git for-each-ref --format=%(refname)%00%(upstream:short)%00%(objectname)%00%(upstream:track)%00%(upstream:remotename)%00%(upstream:remoteref) refs/heads/main refs/remotes/main [3ms]
[2022-10-10T14:37:34.689Z] > git for-each-ref --sort -committerdate --format %(refname) %(objectname) %(*objectname) [18ms]
[2022-10-10T14:37:34.691Z] > git remote --verbose [5ms]
[2022-10-10T14:37:36.434Z] > git config --get commit.template [21ms]
[2022-10-10T14:37:41.543Z] > git status -z -uall [78ms]
[2022-10-10T14:37:41.581Z] > git symbolic-ref --short HEAD [5ms]
[2022-10-10T14:37:41.625Z] > git for-each-ref --format=%(refname)%00%(upstream:short)%00%(objectname)%00%(upstream:track)%00%(upstream:remotename)%00%(upstream:remoteref) refs/heads/main refs/remotes/main [7ms]
[2022-10-10T14:37:41.700Z] > git for-each-ref --sort -committerdate --format %(refname) %(objectname) %(*objectname) [32ms]
[2022-10-10T14:37:41.704Z] > git remote --verbose [10ms]
[2022-10-10T14:37:43.499Z] > git config --get commit.template [52ms]
[2022-10-10T14:37:48.600Z] > git status -z -uall [81ms]
[2022-10-10T14:37:48.622Z] > git symbolic-ref --short HEAD [5ms]
[2022-10-10T14:37:48.642Z] > git for-each-ref --format=%(refname)%00%(upstream:short)%00%(objectname)%00%(upstream:track)%00%(upstream:remotename)%00%(upstream:remoteref) refs/heads/main refs/remotes/main [3ms]
[2022-10-10T14:37:48.677Z] > git for-each-ref --sort -committerdate --format %(refname) %(objectname) %(*objectname) [19ms]
[2022-10-10T14:37:48.679Z] > git remote --verbose [5ms]
[2022-10-10T14:37:50.336Z] > git config --get commit.template [23ms]
[2022-10-10T14:37:55.434Z] > git status -z -uall [76ms]
[2022-10-10T14:37:55.454Z] > git symbolic-ref --short HEAD [4ms]
[2022-10-10T14:37:55.474Z] > git for-each-ref --format=%(refname)%00%(upstream:short)%00%(objectname)%00%(upstream:track)%00%(upstream:remotename)%00%(upstream:remoteref) refs/heads/main refs/remotes/main [3ms]
[2022-10-10T14:37:55.511Z] > git for-each-ref --sort -committerdate --format %(refname) %(objectname) %(*objectname) [21ms]
[2022-10-10T14:37:55.513Z] > git remote --verbose [5ms]
[2022-10-10T14:37:57.204Z] > git config --get commit.template [35ms]
[2022-10-10T14:38:02.315Z] > git status -z -uall [88ms]
[2022-10-10T14:38:02.339Z] > git symbolic-ref --short HEAD [7ms]
[2022-10-10T14:38:02.361Z] > git for-each-ref --format=%(refname)%00%(upstream:short)%00%(objectname)%00%(upstream:track)%00%(upstream:remotename)%00%(upstream:remoteref) refs/heads/main refs/remotes/main [3ms]
[2022-10-10T14:38:02.401Z] > git for-each-ref --sort -committerdate --format %(refname) %(objectname) %(*objectname) [21ms]
[2022-10-10T14:38:02.403Z] > git remote --verbose [6ms]
[2022-10-10T14:38:04.636Z] > git config --get commit.template [49ms]
[2022-10-10T14:38:09.741Z] > git status -z -uall [73ms]
[2022-10-10T14:38:09.763Z] > git symbolic-ref --short HEAD [3ms]
[2022-10-10T14:38:09.785Z] > git for-each-ref --format=%(refname)%00%(upstream:short)%00%(objectname)%00%(upstream:track)%00%(upstream:remotename)%00%(upstream:remoteref) refs/heads/main refs/remotes/main [3ms]
[2022-10-10T14:38:09.826Z] > git for-each-ref --sort -committerdate --format %(refname) %(objectname) %(*objectname) [22ms]
[2022-10-10T14:38:09.827Z] > git remote --verbose [4ms]
[2022-10-10T14:38:11.688Z] > git config --get commit.template [21ms]
[2022-10-10T14:38:16.807Z] > git status -z -uall [89ms]
[2022-10-10T14:38:16.840Z] > git symbolic-ref --short HEAD [8ms]
[2022-10-10T14:38:16.874Z] > git for-each-ref --format=%(refname)%00%(upstream:short)%00%(objectname)%00%(upstream:track)%00%(upstream:remotename)%00%(upstream:remoteref) refs/heads/main refs/remotes/main [8ms]
[2022-10-10T14:38:16.920Z] > git for-each-ref --sort -committerdate --format %(refname) %(objectname) %(*objectname) [23ms]
[2022-10-10T14:38:16.922Z] > git remote --verbose [5ms]
[2022-10-10T14:38:21.248Z] > git config --get commit.template [42ms]
[2022-10-10T14:38:26.928Z] > git status -z -uall [181ms]
[2022-10-10T14:38:26.976Z] > git symbolic-ref --short HEAD [7ms]
[2022-10-10T14:38:27.016Z] > git for-each-ref --format=%(refname)%00%(upstream:short)%00%(objectname)%00%(upstream:track)%00%(upstream:remotename)%00%(upstream:remoteref) refs/heads/main refs/remotes/main [6ms]
[2022-10-10T14:38:27.109Z] > git for-each-ref --sort -committerdate --format %(refname) %(objectname) %(*objectname) [53ms]
[2022-10-10T14:38:27.117Z] > git remote --verbose [17ms]
[2022-10-10T14:38:28.980Z] > git config --get commit.template [64ms]
[2022-10-10T14:38:34.080Z] > git status -z -uall [77ms]
[2022-10-10T14:38:34.110Z] > git symbolic-ref --short HEAD [7ms]
[2022-10-10T14:38:34.145Z] > git for-each-ref --format=%(refname)%00%(upstream:short)%00%(objectname)%00%(upstream:track)%00%(upstream:remotename)%00%(upstream:remoteref) refs/heads/main refs/remotes/main [9ms]
[2022-10-10T14:38:34.198Z] > git for-each-ref --sort -committerdate --format %(refname) %(objectname) %(*objectname) [29ms]
[2022-10-10T14:38:34.208Z] > git remote --verbose [16ms]
[2022-10-10T14:38:36.534Z] > git config --get commit.template [15ms]
[2022-10-10T14:38:37.035Z] > git check-ignore -v -z --stdin [6ms]
[2022-10-10T14:38:38.378Z] > git check-ignore -v -z --stdin [21ms]
[2022-10-10T14:38:38.382Z] > git check-ignore -v -z --stdin [7ms]
[2022-10-10T14:38:40.912Z] > git check-ignore -v -z --stdin [3ms]
[2022-10-10T14:38:41.705Z] > git status -z -uall [134ms]
[2022-10-10T14:38:41.737Z] > git symbolic-ref --short HEAD [10ms]
[2022-10-10T14:38:41.775Z] > git for-each-ref --format=%(refname)%00%(upstream:short)%00%(objectname)%00%(upstream:track)%00%(upstream:remotename)%00%(upstream:remoteref) refs/heads/main refs/remotes/main [12ms]
[2022-10-10T14:38:41.830Z] > git for-each-ref --sort -committerdate --format %(refname) %(objectname) %(*objectname) [29ms]
[2022-10-10T14:38:41.835Z] > git remote --verbose [8ms]
[2022-10-10T14:38:43.721Z] > git config --get commit.template [23ms]
[2022-10-10T14:38:44.257Z] > git check-ignore -v -z --stdin [14ms]
[2022-10-10T14:38:46.450Z] > git check-ignore -v -z --stdin [13ms]
[2022-10-10T14:38:48.512Z] > git check-ignore -v -z --stdin [2ms]
[2022-10-10T14:38:48.877Z] > git status -z -uall [127ms]
[2022-10-10T14:38:48.932Z] > git symbolic-ref --short HEAD [27ms]
[2022-10-10T14:38:48.970Z] > git for-each-ref --format=%(refname)%00%(upstream:short)%00%(objectname)%00%(upstream:track)%00%(upstream:remotename)%00%(upstream:remoteref) refs/heads/main refs/remotes/main [9ms]
[2022-10-10T14:38:49.032Z] > git for-each-ref --sort -committerdate --format %(refname) %(objectname) %(*objectname) [41ms]
[2022-10-10T14:38:49.037Z] > git remote --verbose [25ms]
[2022-10-10T14:38:51.185Z] > git config --get commit.template [23ms]
[2022-10-10T14:38:51.695Z] > git check-ignore -v -z --stdin [13ms]
[2022-10-10T14:38:56.349Z] > git status -z -uall [128ms]
[2022-10-10T14:38:56.379Z] > git symbolic-ref --short HEAD [5ms]
[2022-10-10T14:38:56.408Z] > git for-each-ref --format=%(refname)%00%(upstream:short)%00%(objectname)%00%(upstream:track)%00%(upstream:remotename)%00%(upstream:remoteref) refs/heads/main refs/remotes/main [4ms]
[2022-10-10T14:38:56.477Z] > git for-each-ref --sort -committerdate --format %(refname) %(objectname) %(*objectname) [45ms]
[2022-10-10T14:38:56.479Z] > git remote --verbose [24ms]
[2022-10-10T14:38:58.857Z] > git config --get commit.template [20ms]
[2022-10-10T14:39:03.987Z] > git status -z -uall [102ms]
[2022-10-10T14:39:04.027Z] > git symbolic-ref --short HEAD [15ms]
[2022-10-10T14:39:04.063Z] > git for-each-ref --format=%(refname)%00%(upstream:short)%00%(objectname)%00%(upstream:track)%00%(upstream:remotename)%00%(upstream:remoteref) refs/heads/main refs/remotes/main [7ms]
[2022-10-10T14:39:04.126Z] > git for-each-ref --sort -committerdate --format %(refname) %(objectname) %(*objectname) [33ms]
[2022-10-10T14:39:04.131Z] > git remote --verbose [10ms]
[2022-10-10T14:39:06.403Z] > git config --get commit.template [18ms]
[2022-10-10T14:39:15.432Z] > git status -z -uall [346ms]
[2022-10-10T14:39:15.485Z] > git symbolic-ref --short HEAD [5ms]
[2022-10-10T14:39:15.551Z] > git for-each-ref --format=%(refname)%00%(upstream:short)%00%(objectname)%00%(upstream:track)%00%(upstream:remotename)%00%(upstream:remoteref) refs/heads/main refs/remotes/main [6ms]
[2022-10-10T14:39:15.692Z] > git for-each-ref --sort -committerdate --format %(refname) %(objectname) %(*objectname) [61ms]
[2022-10-10T14:39:15.702Z] > git remote --verbose [17ms]
