[2022-10-07T21:56:34.299Z] Log level: Info
[2022-10-07T21:56:34.328Z] [info] Validating found git in: git
[2022-10-07T21:56:34.484Z] [info] Using git 2.25.1 from git
[2022-10-07T21:56:34.625Z] > git rev-parse --show-toplevel [95ms]
[2022-10-07T21:56:34.657Z] > git rev-parse --git-dir --git-common-dir [1ms]
[2022-10-07T21:56:34.682Z] [info] Open repository: /home/oluwatobi
[2022-10-07T21:56:34.783Z] > git rev-parse --show-toplevel [78ms]
[2022-10-07T21:56:34.793Z] > git rev-parse --show-toplevel [6ms]
[2022-10-07T21:56:34.803Z] > git rev-parse --show-toplevel [2ms]
[2022-10-07T21:56:34.810Z] > git rev-parse --show-toplevel [2ms]
[2022-10-07T21:56:34.817Z] > git rev-parse --show-toplevel [1ms]
[2022-10-07T21:56:34.822Z] > git rev-parse --show-toplevel [1ms]
[2022-10-07T21:56:34.883Z] > git rev-parse --show-toplevel [56ms]
[2022-10-07T21:56:34.891Z] > git rev-parse --show-toplevel [2ms]
[2022-10-07T21:56:34.964Z] > git rev-parse --show-toplevel [66ms]
[2022-10-07T21:56:34.972Z] > git rev-parse --git-dir --git-common-dir [2ms]
[2022-10-07T21:56:34.977Z] [info] Open repository: /home/oluwatobi/.vim_runtime
[2022-10-07T21:56:35.004Z] > git rev-parse --show-toplevel [3ms]
[2022-10-07T21:56:35.014Z] > git rev-parse --show-toplevel [3ms]
[2022-10-07T21:56:35.051Z] > git rev-parse --show-toplevel [31ms]
[2022-10-07T21:56:35.056Z] > git rev-parse --git-dir --git-common-dir [1ms]
[2022-10-07T21:56:35.061Z] [info] Open repository: /home/oluwatobi/Betty
[2022-10-07T21:56:35.120Z] > git rev-parse --show-toplevel [46ms]
[2022-10-07T21:56:35.199Z] > git rev-parse --show-toplevel [73ms]
[2022-10-07T21:56:35.205Z] > git rev-parse --git-dir --git-common-dir [1ms]
[2022-10-07T21:56:35.209Z] [info] Open repository: /home/oluwatobi/alx-low_level_programming
[2022-10-07T21:56:35.289Z] > git rev-parse --show-toplevel [63ms]
[2022-10-07T21:56:35.295Z] > git rev-parse --git-dir --git-common-dir [1ms]
[2022-10-07T21:56:35.301Z] [info] Open repository: /home/oluwatobi/alx-system
[2022-10-07T21:56:35.322Z] > git rev-parse --show-toplevel [9ms]
[2022-10-07T21:56:35.329Z] > git rev-parse --git-dir --git-common-dir [2ms]
[2022-10-07T21:56:35.338Z] [info] Open repository: /home/oluwatobi/alx-system_engineering-devops
[2022-10-07T21:56:35.436Z] > git rev-parse --show-toplevel [84ms]
[2022-10-07T21:56:35.458Z] > git rev-parse --show-toplevel [16ms]
[2022-10-07T21:56:35.520Z] > git rev-parse --show-toplevel [52ms]
[2022-10-07T21:56:35.532Z] > git rev-parse --show-toplevel [5ms]
[2022-10-07T21:56:35.541Z] > git rev-parse --show-toplevel [1ms]
[2022-10-07T21:56:35.558Z] > git rev-parse --show-toplevel [5ms]
[2022-10-07T21:56:35.566Z] > git rev-parse --show-toplevel [1ms]
[2022-10-07T21:56:35.575Z] > git rev-parse --show-toplevel [1ms]
[2022-10-07T21:56:35.588Z] > git rev-parse --show-toplevel [6ms]
[2022-10-07T21:56:35.594Z] > git rev-parse --show-toplevel [1ms]
[2022-10-07T21:56:35.614Z] > git rev-parse --show-toplevel [11ms]
[2022-10-07T21:56:35.621Z] > git rev-parse --show-toplevel [1ms]
[2022-10-07T21:56:35.631Z] > git rev-parse --show-toplevel [3ms]
[2022-10-07T21:56:35.643Z] > git rev-parse --show-toplevel [1ms]
[2022-10-07T21:56:35.731Z] > git status -z -uall [512ms]
[2022-10-07T21:56:35.738Z] > git status -z -uall [430ms]
[2022-10-07T21:56:35.751Z] > git rev-parse --show-toplevel [100ms]
[2022-10-07T21:56:35.758Z] > git symbolic-ref --short HEAD [7ms]
[2022-10-07T21:56:35.772Z] > git symbolic-ref --short HEAD [35ms]
[2022-10-07T21:56:35.780Z] > git rev-parse --show-toplevel [23ms]
[2022-10-07T21:56:35.797Z] > git rev-parse --show-toplevel [2ms]
[2022-10-07T21:56:35.818Z] > git rev-parse --show-toplevel [8ms]
[2022-10-07T21:56:35.826Z] > git rev-parse --show-toplevel [1ms]
[2022-10-07T21:56:35.838Z] > git rev-parse --show-toplevel [7ms]
[2022-10-07T21:56:35.847Z] > git rev-parse --show-toplevel [3ms]
[2022-10-07T21:56:35.861Z] > git for-each-ref --format=%(refname)%00%(upstream:short)%00%(objectname)%00%(upstream:track)%00%(upstream:remotename)%00%(upstream:remoteref) refs/heads/main refs/remotes/main [90ms]
[2022-10-07T21:56:35.881Z] > git remote --verbose [5ms]
[2022-10-07T21:56:35.881Z] > git rev-parse --show-toplevel [20ms]
[2022-10-07T21:56:35.888Z] > git rev-parse --show-toplevel [1ms]
[2022-10-07T21:56:35.912Z] > git rev-parse --show-toplevel [7ms]
[2022-10-07T21:56:35.919Z] > git for-each-ref --sort -committerdate --format %(refname) %(objectname) %(*objectname) [52ms]
[2022-10-07T21:56:35.949Z] > git for-each-ref --format=%(refname)%00%(upstream:short)%00%(objectname)%00%(upstream:track)%00%(upstream:remotename)%00%(upstream:remoteref) refs/heads/main refs/remotes/main [171ms]
[2022-10-07T21:56:36.018Z] > git check-ignore -v -z --stdin [44ms]
[2022-10-07T21:56:36.021Z] > git check-ignore -v -z --stdin [32ms]
[2022-10-07T21:56:36.023Z] > git check-ignore -v -z --stdin [29ms]
[2022-10-07T21:56:36.024Z] > git remote --verbose [59ms]
[2022-10-07T21:56:36.031Z] > git for-each-ref --sort -committerdate --format %(refname) %(objectname) %(*objectname) [76ms]
[2022-10-07T21:56:36.044Z] > git rev-parse --show-toplevel [126ms]
[2022-10-07T21:56:36.058Z] > git check-ignore -v -z --stdin [56ms]
[2022-10-07T21:56:36.060Z] > git rev-parse --git-dir --git-common-dir [9ms]
[2022-10-07T21:56:36.070Z] [info] Open repository: /home/oluwatobi/zero_day
[2022-10-07T21:56:36.107Z] > git check-ignore -v -z --stdin [123ms]
[2022-10-07T21:56:36.118Z] > git config --get commit.template [102ms]
[2022-10-07T21:56:36.127Z] > git config --get commit.template [70ms]
[2022-10-07T21:56:36.154Z] > git show --textconv :dna/dna.py [61ms]
[2022-10-07T21:56:36.154Z] > git status -z -uall [27ms]
[2022-10-07T21:56:36.159Z] > git status -z -uall [23ms]
[2022-10-07T21:56:36.170Z] > git symbolic-ref --short HEAD [6ms]
[2022-10-07T21:56:36.178Z] > git symbolic-ref --short HEAD [20ms]
[2022-10-07T21:56:36.183Z] > git ls-files --stage -- /home/oluwatobi/dna/dna.py [83ms]
[2022-10-07T21:56:36.187Z] > git for-each-ref --format=%(refname)%00%(upstream:short)%00%(objectname)%00%(upstream:track)%00%(upstream:remotename)%00%(upstream:remoteref) refs/heads/main refs/remotes/main [5ms]
[2022-10-07T21:56:36.201Z] > git for-each-ref --format=%(refname)%00%(upstream:short)%00%(objectname)%00%(upstream:track)%00%(upstream:remotename)%00%(upstream:remoteref) refs/heads/main refs/remotes/main [24ms]
[2022-10-07T21:56:36.232Z] > git check-ignore -v -z --stdin [223ms]
[2022-10-07T21:56:36.233Z] > git for-each-ref --sort -committerdate --format %(refname) %(objectname) %(*objectname) [10ms]
[2022-10-07T21:56:36.233Z] > git remote --verbose [36ms]
[2022-10-07T21:56:36.234Z] > git for-each-ref --sort -committerdate --format %(refname) %(objectname) %(*objectname) [42ms]
[2022-10-07T21:56:36.246Z] > git remote --verbose [18ms]
[2022-10-07T21:56:36.256Z] > git config --get commit.template [13ms]
[2022-10-07T21:56:36.260Z] > git config --get commit.template [6ms]
[2022-10-07T21:56:36.429Z] > git status -z -uall [1085ms]
[2022-10-07T21:56:36.434Z] > git symbolic-ref --short HEAD [2ms]
[2022-10-07T21:56:36.519Z] > git status -z -uall [441ms]
[2022-10-07T21:56:36.533Z] > git symbolic-ref --short HEAD [4ms]
[2022-10-07T21:56:36.556Z] > git for-each-ref --format=%(refname)%00%(upstream:short)%00%(objectname)%00%(upstream:track)%00%(upstream:remotename)%00%(upstream:remoteref) refs/heads/main refs/remotes/main [118ms]
[2022-10-07T21:56:36.579Z] > git for-each-ref --format=%(refname)%00%(upstream:short)%00%(objectname)%00%(upstream:track)%00%(upstream:remotename)%00%(upstream:remoteref) refs/heads/main refs/remotes/main [34ms]
[2022-10-07T21:56:36.607Z] > git remote --verbose [7ms]
[2022-10-07T21:56:36.607Z] > git for-each-ref --sort -committerdate --format %(refname) %(objectname) %(*objectname) [17ms]
[2022-10-07T21:56:36.619Z] > git remote --verbose [43ms]
[2022-10-07T21:56:36.636Z] > git config --get commit.template [2ms]
[2022-10-07T21:56:36.648Z] > git status -z -uall [2ms]
[2022-10-07T21:56:36.693Z] > git check-ignore -v -z --stdin [29ms]
[2022-10-07T21:56:36.695Z] > git check-ignore -v -z --stdin [25ms]
[2022-10-07T21:56:36.695Z] > git check-ignore -v -z --stdin [21ms]
[2022-10-07T21:56:36.695Z] > git check-ignore -v -z --stdin [10ms]
[2022-10-07T21:56:36.696Z] > git check-ignore -v -z --stdin [6ms]
[2022-10-07T21:56:36.696Z] > git check-ignore -v -z --stdin [16ms]
[2022-10-07T21:56:36.697Z] > git symbolic-ref --short HEAD [41ms]
[2022-10-07T21:56:36.702Z] > git for-each-ref --sort -committerdate --format %(refname) %(objectname) %(*objectname) [136ms]
[2022-10-07T21:56:36.717Z] > git for-each-ref --format=%(refname)%00%(upstream:short)%00%(objectname)%00%(upstream:track)%00%(upstream:remotename)%00%(upstream:remoteref) refs/heads/main refs/remotes/main [15ms]
[2022-10-07T21:56:36.730Z] > git remote --verbose [2ms]
[2022-10-07T21:56:36.730Z] > git for-each-ref --sort -committerdate --format %(refname) %(objectname) %(*objectname) [7ms]
[2022-10-07T21:56:36.732Z] > git config --get commit.template [17ms]
[2022-10-07T21:56:36.743Z] > git status -z -uall [7ms]
[2022-10-07T21:56:36.747Z] > git config --get commit.template [5ms]
[2022-10-07T21:56:36.749Z] > git symbolic-ref --short HEAD [3ms]
[2022-10-07T21:56:36.755Z] > git for-each-ref --format=%(refname)%00%(upstream:short)%00%(objectname)%00%(upstream:track)%00%(upstream:remotename)%00%(upstream:remoteref) refs/heads/main refs/remotes/main [2ms]
[2022-10-07T21:56:36.764Z] > git remote --verbose [1ms]
[2022-10-07T21:56:36.765Z] > git for-each-ref --sort -committerdate --format %(refname) %(objectname) %(*objectname) [6ms]
[2022-10-07T21:56:36.771Z] > git config --get commit.template [0ms]
[2022-10-07T21:56:37.937Z] > git status -z -uall [2869ms]
[2022-10-07T21:56:37.961Z] > git symbolic-ref --short HEAD [10ms]
[2022-10-07T21:56:37.978Z] > git for-each-ref --format=%(refname)%00%(upstream:short)%00%(objectname)%00%(upstream:track)%00%(upstream:remotename)%00%(upstream:remoteref) refs/heads/master refs/remotes/master [4ms]
[2022-10-07T21:56:37.997Z] > git remote --verbose [3ms]
[2022-10-07T21:56:38.051Z] > git for-each-ref --sort -committerdate --format %(refname) %(objectname) %(*objectname) [65ms]
[2022-10-07T21:56:38.072Z] > git config --get commit.template [3ms]
[2022-10-07T21:56:38.119Z] > git status -z -uall [29ms]
[2022-10-07T21:56:38.127Z] > git symbolic-ref --short HEAD [3ms]
[2022-10-07T21:56:38.138Z] > git for-each-ref --format=%(refname)%00%(upstream:short)%00%(objectname)%00%(upstream:track)%00%(upstream:remotename)%00%(upstream:remoteref) refs/heads/master refs/remotes/master [6ms]
[2022-10-07T21:56:38.153Z] > git remote --verbose [3ms]
[2022-10-07T21:56:38.153Z] > git for-each-ref --sort -committerdate --format %(refname) %(objectname) %(*objectname) [8ms]
[2022-10-07T21:56:38.202Z] > git config --get commit.template [39ms]
[2022-10-07T21:56:40.048Z] > git status -z -uall [5352ms]
[2022-10-07T21:56:40.059Z] > git symbolic-ref --short HEAD [1ms]
[2022-10-07T21:56:40.097Z] > git for-each-ref --format=%(refname)%00%(upstream:short)%00%(objectname)%00%(upstream:track)%00%(upstream:remotename)%00%(upstream:remoteref) refs/heads/main refs/remotes/main [32ms]
[2022-10-07T21:56:40.109Z] > git for-each-ref --sort -committerdate --format %(refname) %(objectname) %(*objectname) [6ms]
[2022-10-07T21:56:40.110Z] > git remote --verbose [3ms]
[2022-10-07T21:56:40.232Z] > git config --get commit.template [4ms]
[2022-10-07T21:56:40.778Z] > git status -z -uall [533ms]
[2022-10-07T21:56:40.815Z] > git symbolic-ref --short HEAD [3ms]
[2022-10-07T21:56:40.838Z] > git for-each-ref --format=%(refname)%00%(upstream:short)%00%(objectname)%00%(upstream:track)%00%(upstream:remotename)%00%(upstream:remoteref) refs/heads/main refs/remotes/main [5ms]
[2022-10-07T21:56:40.857Z] > git remote --verbose [2ms]
[2022-10-07T21:56:40.857Z] > git for-each-ref --sort -committerdate --format %(refname) %(objectname) %(*objectname) [10ms]
[2022-10-07T21:56:41.837Z] > git config --get commit.template [17ms]
[2022-10-07T21:56:43.823Z] > git status -z -uall [8830ms]
[2022-10-07T21:56:43.854Z] > git symbolic-ref --short HEAD [5ms]
[2022-10-07T21:56:43.872Z] > git for-each-ref --format=%(refname)%00%(upstream:short)%00%(objectname)%00%(upstream:track)%00%(upstream:remotename)%00%(upstream:remoteref) refs/heads/master refs/remotes/master [4ms]
[2022-10-07T21:56:43.893Z] > git remote --verbose [2ms]
[2022-10-07T21:56:43.900Z] > git for-each-ref --sort -committerdate --format %(refname) %(objectname) %(*objectname) [16ms]
[2022-10-07T21:56:43.937Z] > git config --get commit.template [9ms]
[2022-10-07T21:56:43.991Z] > git status -z -uall [72ms]
[2022-10-07T21:56:44.031Z] > git symbolic-ref --short HEAD [29ms]
[2022-10-07T21:56:44.043Z] > git for-each-ref --format=%(refname)%00%(upstream:short)%00%(objectname)%00%(upstream:track)%00%(upstream:remotename)%00%(upstream:remoteref) refs/heads/main refs/remotes/main [2ms]
[2022-10-07T21:56:44.074Z] > git remote --verbose [5ms]
[2022-10-07T21:56:44.074Z] > git for-each-ref --sort -committerdate --format %(refname) %(objectname) %(*objectname) [17ms]
[2022-10-07T21:56:44.889Z] > git status -z -uall [941ms]
[2022-10-07T21:56:44.904Z] > git symbolic-ref --short HEAD [8ms]
[2022-10-07T21:56:44.928Z] > git config --get commit.template [39ms]
[2022-10-07T21:56:44.931Z] > git for-each-ref --format=%(refname)%00%(upstream:short)%00%(objectname)%00%(upstream:track)%00%(upstream:remotename)%00%(upstream:remoteref) refs/heads/master refs/remotes/master [4ms]
[2022-10-07T21:56:44.969Z] > git remote --verbose [8ms]
[2022-10-07T21:56:44.969Z] > git for-each-ref --sort -committerdate --format %(refname) %(objectname) %(*objectname) [25ms]
[2022-10-07T21:56:44.989Z] > git config --get commit.template [1ms]
[2022-10-07T21:56:49.282Z] > git check-ignore -v -z --stdin [6ms]
[2022-10-07T21:56:50.023Z] > git status -z -uall [67ms]
[2022-10-07T21:56:50.037Z] > git symbolic-ref --short HEAD [2ms]
[2022-10-07T21:56:50.045Z] > git for-each-ref --format=%(refname)%00%(upstream:short)%00%(objectname)%00%(upstream:track)%00%(upstream:remotename)%00%(upstream:remoteref) refs/heads/main refs/remotes/main [2ms]
[2022-10-07T21:56:50.059Z] > git remote --verbose [2ms]
[2022-10-07T21:56:50.059Z] > git for-each-ref --sort -committerdate --format %(refname) %(objectname) %(*objectname) [7ms]
[2022-10-07T21:56:50.121Z] > git config --get commit.template [1ms]
[2022-10-07T21:56:55.190Z] > git status -z -uall [50ms]
[2022-10-07T21:56:55.206Z] > git symbolic-ref --short HEAD [5ms]
[2022-10-07T21:56:55.220Z] > git for-each-ref --format=%(refname)%00%(upstream:short)%00%(objectname)%00%(upstream:track)%00%(upstream:remotename)%00%(upstream:remoteref) refs/heads/main refs/remotes/main [2ms]
[2022-10-07T21:56:55.244Z] > git remote --verbose [3ms]
[2022-10-07T21:56:55.244Z] > git for-each-ref --sort -committerdate --format %(refname) %(objectname) %(*objectname) [13ms]
[2022-10-07T21:56:55.327Z] > git config --get commit.template [4ms]
[2022-10-07T21:57:00.404Z] > git status -z -uall [61ms]
[2022-10-07T21:57:00.416Z] > git symbolic-ref --short HEAD [2ms]
[2022-10-07T21:57:00.430Z] > git for-each-ref --format=%(refname)%00%(upstream:short)%00%(objectname)%00%(upstream:track)%00%(upstream:remotename)%00%(upstream:remoteref) refs/heads/main refs/remotes/main [2ms]
[2022-10-07T21:57:00.450Z] > git for-each-ref --sort -committerdate --format %(refname) %(objectname) %(*objectname) [11ms]
[2022-10-07T21:57:00.451Z] > git remote --verbose [3ms]
[2022-10-07T21:57:00.535Z] > git config --get commit.template [3ms]
[2022-10-07T21:57:05.609Z] > git status -z -uall [58ms]
[2022-10-07T21:57:05.625Z] > git symbolic-ref --short HEAD [2ms]
[2022-10-07T21:57:05.644Z] > git for-each-ref --format=%(refname)%00%(upstream:short)%00%(objectname)%00%(upstream:track)%00%(upstream:remotename)%00%(upstream:remoteref) refs/heads/main refs/remotes/main [6ms]
[2022-10-07T21:57:05.687Z] > git for-each-ref --sort -committerdate --format %(refname) %(objectname) %(*objectname) [30ms]
[2022-10-07T21:57:05.692Z] > git remote --verbose [7ms]
[2022-10-07T21:57:05.765Z] > git config --get commit.template [1ms]
[2022-10-07T21:57:10.872Z] > git status -z -uall [88ms]
[2022-10-07T21:57:10.884Z] > git symbolic-ref --short HEAD [1ms]
[2022-10-07T21:57:10.897Z] > git for-each-ref --format=%(refname)%00%(upstream:short)%00%(objectname)%00%(upstream:track)%00%(upstream:remotename)%00%(upstream:remoteref) refs/heads/main refs/remotes/main [2ms]
[2022-10-07T21:57:10.918Z] > git for-each-ref --sort -committerdate --format %(refname) %(objectname) %(*objectname) [11ms]
[2022-10-07T21:57:10.919Z] > git remote --verbose [3ms]
[2022-10-07T21:57:11.011Z] > git config --get commit.template [5ms]
[2022-10-07T21:57:16.089Z] > git status -z -uall [61ms]
[2022-10-07T21:57:16.106Z] > git symbolic-ref --short HEAD [2ms]
[2022-10-07T21:57:16.129Z] > git for-each-ref --format=%(refname)%00%(upstream:short)%00%(objectname)%00%(upstream:track)%00%(upstream:remotename)%00%(upstream:remoteref) refs/heads/main refs/remotes/main [2ms]
[2022-10-07T21:57:16.145Z] > git for-each-ref --sort -committerdate --format %(refname) %(objectname) %(*objectname) [9ms]
[2022-10-07T21:57:16.146Z] > git remote --verbose [3ms]
[2022-10-07T21:57:16.228Z] > git config --get commit.template [2ms]
[2022-10-07T21:57:21.307Z] > git status -z -uall [61ms]
[2022-10-07T21:57:21.319Z] > git symbolic-ref --short HEAD [3ms]
[2022-10-07T21:57:21.331Z] > git for-each-ref --format=%(refname)%00%(upstream:short)%00%(objectname)%00%(upstream:track)%00%(upstream:remotename)%00%(upstream:remoteref) refs/heads/main refs/remotes/main [3ms]
[2022-10-07T21:57:21.351Z] > git for-each-ref --sort -committerdate --format %(refname) %(objectname) %(*objectname) [11ms]
[2022-10-07T21:57:21.352Z] > git remote --verbose [3ms]
[2022-10-07T21:57:21.436Z] > git config --get commit.template [3ms]
[2022-10-07T21:57:26.511Z] > git status -z -uall [56ms]
[2022-10-07T21:57:26.526Z] > git symbolic-ref --short HEAD [4ms]
[2022-10-07T21:57:26.539Z] > git for-each-ref --format=%(refname)%00%(upstream:short)%00%(objectname)%00%(upstream:track)%00%(upstream:remotename)%00%(upstream:remoteref) refs/heads/main refs/remotes/main [3ms]
[2022-10-07T21:57:26.560Z] > git for-each-ref --sort -committerdate --format %(refname) %(objectname) %(*objectname) [12ms]
[2022-10-07T21:57:26.561Z] > git remote --verbose [3ms]
[2022-10-07T21:57:26.682Z] > git config --get commit.template [2ms]
[2022-10-07T21:57:31.742Z] > git status -z -uall [41ms]
[2022-10-07T21:57:31.749Z] > git symbolic-ref --short HEAD [1ms]
[2022-10-07T21:57:31.757Z] > git for-each-ref --format=%(refname)%00%(upstream:short)%00%(objectname)%00%(upstream:track)%00%(upstream:remotename)%00%(upstream:remoteref) refs/heads/main refs/remotes/main [2ms]
[2022-10-07T21:57:31.770Z] > git for-each-ref --sort -committerdate --format %(refname) %(objectname) %(*objectname) [7ms]
[2022-10-07T21:57:31.770Z] > git remote --verbose [2ms]
[2022-10-07T21:57:31.839Z] > git config --get commit.template [2ms]
[2022-10-07T21:57:36.937Z] > git status -z -uall [81ms]
[2022-10-07T21:57:36.950Z] > git symbolic-ref --short HEAD [3ms]
[2022-10-07T21:57:36.970Z] > git for-each-ref --format=%(refname)%00%(upstream:short)%00%(objectname)%00%(upstream:track)%00%(upstream:remotename)%00%(upstream:remoteref) refs/heads/main refs/remotes/main [12ms]
[2022-10-07T21:57:36.984Z] > git remote --verbose [1ms]
[2022-10-07T21:57:36.985Z] > git for-each-ref --sort -committerdate --format %(refname) %(objectname) %(*objectname) [8ms]
[2022-10-07T21:57:37.033Z] > git config --get commit.template [2ms]
[2022-10-07T21:57:42.103Z] > git status -z -uall [53ms]
[2022-10-07T21:57:42.115Z] > git symbolic-ref --short HEAD [3ms]
[2022-10-07T21:57:42.128Z] > git for-each-ref --format=%(refname)%00%(upstream:short)%00%(objectname)%00%(upstream:track)%00%(upstream:remotename)%00%(upstream:remoteref) refs/heads/main refs/remotes/main [3ms]
[2022-10-07T21:57:42.149Z] > git remote --verbose [3ms]
[2022-10-07T21:57:42.150Z] > git for-each-ref --sort -committerdate --format %(refname) %(objectname) %(*objectname) [13ms]
[2022-10-07T21:57:42.235Z] > git config --get commit.template [1ms]
[2022-10-07T21:57:47.894Z] > git status -z -uall [62ms]
[2022-10-07T21:57:47.907Z] > git symbolic-ref --short HEAD [3ms]
[2022-10-07T21:57:47.920Z] > git for-each-ref --format=%(refname)%00%(upstream:short)%00%(objectname)%00%(upstream:track)%00%(upstream:remotename)%00%(upstream:remoteref) refs/heads/main refs/remotes/main [2ms]
[2022-10-07T21:57:47.942Z] > git for-each-ref --sort -committerdate --format %(refname) %(objectname) %(*objectname) [12ms]
[2022-10-07T21:57:47.943Z] > git remote --verbose [3ms]
[2022-10-07T21:57:48.038Z] > git config --get commit.template [5ms]
[2022-10-07T21:57:53.140Z] > git status -z -uall [83ms]
[2022-10-07T21:57:53.150Z] > git symbolic-ref --short HEAD [2ms]
[2022-10-07T21:57:53.171Z] > git for-each-ref --format=%(refname)%00%(upstream:short)%00%(objectname)%00%(upstream:track)%00%(upstream:remotename)%00%(upstream:remoteref) refs/heads/main refs/remotes/main [8ms]
[2022-10-07T21:57:53.184Z] > git remote --verbose [1ms]
[2022-10-07T21:57:53.184Z] > git for-each-ref --sort -committerdate --format %(refname) %(objectname) %(*objectname) [6ms]
[2022-10-07T21:57:53.234Z] > git config --get commit.template [2ms]
[2022-10-07T21:57:58.315Z] > git status -z -uall [64ms]
[2022-10-07T21:57:58.327Z] > git symbolic-ref --short HEAD [3ms]
[2022-10-07T21:57:58.342Z] > git for-each-ref --format=%(refname)%00%(upstream:short)%00%(objectname)%00%(upstream:track)%00%(upstream:remotename)%00%(upstream:remoteref) refs/heads/main refs/remotes/main [5ms]
[2022-10-07T21:57:58.370Z] > git for-each-ref --sort -committerdate --format %(refname) %(objectname) %(*objectname) [14ms]
[2022-10-07T21:57:58.371Z] > git remote --verbose [3ms]
[2022-10-07T21:57:58.505Z] > git config --get commit.template [8ms]
[2022-10-07T21:58:03.586Z] > git status -z -uall [58ms]
[2022-10-07T21:58:03.600Z] > git symbolic-ref --short HEAD [3ms]
[2022-10-07T21:58:03.613Z] > git for-each-ref --format=%(refname)%00%(upstream:short)%00%(objectname)%00%(upstream:track)%00%(upstream:remotename)%00%(upstream:remoteref) refs/heads/main refs/remotes/main [2ms]
[2022-10-07T21:58:03.636Z] > git remote --verbose [2ms]
[2022-10-07T21:58:03.637Z] > git for-each-ref --sort -committerdate --format %(refname) %(objectname) %(*objectname) [13ms]
[2022-10-07T21:58:03.748Z] > git config --get commit.template [2ms]
[2022-10-07T21:58:09.318Z] > git status -z -uall [47ms]
[2022-10-07T21:58:09.330Z] > git symbolic-ref --short HEAD [3ms]
[2022-10-07T21:58:09.342Z] > git for-each-ref --format=%(refname)%00%(upstream:short)%00%(objectname)%00%(upstream:track)%00%(upstream:remotename)%00%(upstream:remoteref) refs/heads/main refs/remotes/main [2ms]
[2022-10-07T21:58:09.361Z] > git for-each-ref --sort -committerdate --format %(refname) %(objectname) %(*objectname) [10ms]
[2022-10-07T21:58:09.361Z] > git remote --verbose [2ms]
[2022-10-07T21:58:09.444Z] > git config --get commit.template [1ms]
[2022-10-07T21:58:14.526Z] > git status -z -uall [65ms]
[2022-10-07T21:58:14.534Z] > git symbolic-ref --short HEAD [2ms]
[2022-10-07T21:58:14.542Z] > git for-each-ref --format=%(refname)%00%(upstream:short)%00%(objectname)%00%(upstream:track)%00%(upstream:remotename)%00%(upstream:remoteref) refs/heads/main refs/remotes/main [2ms]
[2022-10-07T21:58:14.556Z] > git for-each-ref --sort -committerdate --format %(refname) %(objectname) %(*objectname) [8ms]
[2022-10-07T21:58:14.556Z] > git remote --verbose [2ms]
[2022-10-07T21:58:14.624Z] > git config --get commit.template [2ms]
[2022-10-07T21:58:19.696Z] > git status -z -uall [54ms]
[2022-10-07T21:58:19.712Z] > git symbolic-ref --short HEAD [2ms]
[2022-10-07T21:58:19.749Z] > git for-each-ref --format=%(refname)%00%(upstream:short)%00%(objectname)%00%(upstream:track)%00%(upstream:remotename)%00%(upstream:remoteref) refs/heads/main refs/remotes/main [8ms]
[2022-10-07T21:58:19.761Z] > git for-each-ref --sort -committerdate --format %(refname) %(objectname) %(*objectname) [7ms]
[2022-10-07T21:58:19.762Z] > git remote --verbose [2ms]
[2022-10-07T21:58:19.811Z] > git config --get commit.template [1ms]
[2022-10-07T21:58:24.888Z] > git status -z -uall [59ms]
[2022-10-07T21:58:24.900Z] > git symbolic-ref --short HEAD [4ms]
[2022-10-07T21:58:24.912Z] > git for-each-ref --format=%(refname)%00%(upstream:short)%00%(objectname)%00%(upstream:track)%00%(upstream:remotename)%00%(upstream:remoteref) refs/heads/main refs/remotes/main [3ms]
[2022-10-07T21:58:24.931Z] > git remote --verbose [2ms]
[2022-10-07T21:58:24.932Z] > git for-each-ref --sort -committerdate --format %(refname) %(objectname) %(*objectname) [12ms]
[2022-10-07T21:58:25.004Z] > git config --get commit.template [1ms]
[2022-10-07T21:58:29.030Z] > git check-ignore -v -z --stdin [6ms]
[2022-10-07T21:58:31.696Z] > git status -z -uall [82ms]
[2022-10-07T21:58:31.724Z] > git symbolic-ref --short HEAD [8ms]
[2022-10-07T21:58:31.745Z] > git for-each-ref --format=%(refname)%00%(upstream:short)%00%(objectname)%00%(upstream:track)%00%(upstream:remotename)%00%(upstream:remoteref) refs/heads/main refs/remotes/main [3ms]
[2022-10-07T21:58:31.772Z] > git remote --verbose [2ms]
[2022-10-07T21:58:31.773Z] > git for-each-ref --sort -committerdate --format %(refname) %(objectname) %(*objectname) [15ms]
[2022-10-07T21:58:31.851Z] > git config --get commit.template [2ms]
[2022-10-07T21:58:36.924Z] > git status -z -uall [56ms]
[2022-10-07T21:58:36.941Z] > git symbolic-ref --short HEAD [5ms]
[2022-10-07T21:58:36.951Z] > git for-each-ref --format=%(refname)%00%(upstream:short)%00%(objectname)%00%(upstream:track)%00%(upstream:remotename)%00%(upstream:remoteref) refs/heads/main refs/remotes/main [3ms]
[2022-10-07T21:58:36.968Z] > git for-each-ref --sort -committerdate --format %(refname) %(objectname) %(*objectname) [10ms]
[2022-10-07T21:58:36.981Z] > git remote --verbose [15ms]
[2022-10-07T21:58:37.030Z] > git config --get commit.template [1ms]
[2022-10-07T21:58:42.134Z] > git status -z -uall [85ms]
[2022-10-07T21:58:42.161Z] > git symbolic-ref --short HEAD [9ms]
[2022-10-07T21:58:42.185Z] > git for-each-ref --format=%(refname)%00%(upstream:short)%00%(objectname)%00%(upstream:track)%00%(upstream:remotename)%00%(upstream:remoteref) refs/heads/main refs/remotes/main [5ms]
[2022-10-07T21:58:42.232Z] > git for-each-ref --sort -committerdate --format %(refname) %(objectname) %(*objectname) [21ms]
[2022-10-07T21:58:42.233Z] > git remote --verbose [5ms]
[2022-10-07T21:58:42.376Z] > git config --get commit.template [1ms]
[2022-10-07T21:58:44.401Z] > git check-ignore -v -z --stdin [4ms]
[2022-10-07T21:58:47.448Z] > git status -z -uall [54ms]
[2022-10-07T21:58:47.461Z] > git symbolic-ref --short HEAD [3ms]
[2022-10-07T21:58:47.474Z] > git for-each-ref --format=%(refname)%00%(upstream:short)%00%(objectname)%00%(upstream:track)%00%(upstream:remotename)%00%(upstream:remoteref) refs/heads/main refs/remotes/main [2ms]
[2022-10-07T21:58:47.496Z] > git for-each-ref --sort -committerdate --format %(refname) %(objectname) %(*objectname) [12ms]
[2022-10-07T21:58:47.497Z] > git remote --verbose [3ms]
[2022-10-07T21:58:47.581Z] > git config --get commit.template [2ms]
[2022-10-07T21:58:53.227Z] > git status -z -uall [83ms]
[2022-10-07T21:58:53.261Z] > git symbolic-ref --short HEAD [11ms]
[2022-10-07T21:58:53.280Z] > git for-each-ref --format=%(refname)%00%(upstream:short)%00%(objectname)%00%(upstream:track)%00%(upstream:remotename)%00%(upstream:remoteref) refs/heads/main refs/remotes/main [4ms]
[2022-10-07T21:58:53.306Z] > git for-each-ref --sort -committerdate --format %(refname) %(objectname) %(*objectname) [12ms]
[2022-10-07T21:58:53.317Z] > git remote --verbose [12ms]
[2022-10-07T21:58:53.372Z] > git config --get commit.template [1ms]
[2022-10-07T21:58:58.443Z] > git status -z -uall [54ms]
[2022-10-07T21:58:58.455Z] > git symbolic-ref --short HEAD [1ms]
[2022-10-07T21:58:58.468Z] > git for-each-ref --format=%(refname)%00%(upstream:short)%00%(objectname)%00%(upstream:track)%00%(upstream:remotename)%00%(upstream:remoteref) refs/heads/main refs/remotes/main [2ms]
[2022-10-07T21:58:58.489Z] > git remote --verbose [2ms]
[2022-10-07T21:58:58.489Z] > git for-each-ref --sort -committerdate --format %(refname) %(objectname) %(*objectname) [12ms]
[2022-10-07T21:58:58.568Z] > git config --get commit.template [1ms]
[2022-10-07T21:59:03.633Z] > git status -z -uall [48ms]
[2022-10-07T21:59:03.662Z] > git symbolic-ref --short HEAD [3ms]
[2022-10-07T21:59:03.676Z] > git for-each-ref --format=%(refname)%00%(upstream:short)%00%(objectname)%00%(upstream:track)%00%(upstream:remotename)%00%(upstream:remoteref) refs/heads/main refs/remotes/main [8ms]
[2022-10-07T21:59:03.690Z] > git for-each-ref --sort -committerdate --format %(refname) %(objectname) %(*objectname) [6ms]
[2022-10-07T21:59:03.691Z] > git remote --verbose [2ms]
[2022-10-07T21:59:03.741Z] > git config --get commit.template [1ms]
[2022-10-07T21:59:08.808Z] > git status -z -uall [50ms]
[2022-10-07T21:59:08.820Z] > git symbolic-ref --short HEAD [2ms]
[2022-10-07T21:59:08.832Z] > git for-each-ref --format=%(refname)%00%(upstream:short)%00%(objectname)%00%(upstream:track)%00%(upstream:remotename)%00%(upstream:remoteref) refs/heads/main refs/remotes/main [2ms]
[2022-10-07T21:59:08.851Z] > git for-each-ref --sort -committerdate --format %(refname) %(objectname) %(*objectname) [11ms]
[2022-10-07T21:59:08.852Z] > git remote --verbose [3ms]
[2022-10-07T21:59:08.927Z] > git config --get commit.template [1ms]
[2022-10-07T21:59:13.999Z] > git status -z -uall [55ms]
[2022-10-07T21:59:14.023Z] > git symbolic-ref --short HEAD [6ms]
[2022-10-07T21:59:14.045Z] > git for-each-ref --format=%(refname)%00%(upstream:short)%00%(objectname)%00%(upstream:track)%00%(upstream:remotename)%00%(upstream:remoteref) refs/heads/main refs/remotes/main [10ms]
[2022-10-07T21:59:14.067Z] > git remote --verbose [10ms]
[2022-10-07T21:59:14.068Z] > git for-each-ref --sort -committerdate --format %(refname) %(objectname) %(*objectname) [17ms]
[2022-10-07T21:59:14.130Z] > git config --get commit.template [2ms]
[2022-10-07T21:59:19.209Z] > git status -z -uall [61ms]
[2022-10-07T21:59:19.221Z] > git symbolic-ref --short HEAD [4ms]
[2022-10-07T21:59:19.232Z] > git for-each-ref --format=%(refname)%00%(upstream:short)%00%(objectname)%00%(upstream:track)%00%(upstream:remotename)%00%(upstream:remoteref) refs/heads/main refs/remotes/main [2ms]
[2022-10-07T21:59:19.251Z] > git remote --verbose [2ms]
[2022-10-07T21:59:19.252Z] > git for-each-ref --sort -committerdate --format %(refname) %(objectname) %(*objectname) [11ms]
[2022-10-07T21:59:19.324Z] > git config --get commit.template [1ms]
[2022-10-07T21:59:24.398Z] > git status -z -uall [56ms]
[2022-10-07T21:59:24.416Z] > git symbolic-ref --short HEAD [4ms]
[2022-10-07T21:59:24.433Z] > git for-each-ref --format=%(refname)%00%(upstream:short)%00%(objectname)%00%(upstream:track)%00%(upstream:remotename)%00%(upstream:remoteref) refs/heads/main refs/remotes/main [3ms]
[2022-10-07T21:59:24.450Z] > git for-each-ref --sort -committerdate --format %(refname) %(objectname) %(*objectname) [9ms]
[2022-10-07T21:59:24.451Z] > git remote --verbose [2ms]
[2022-10-07T21:59:24.531Z] > git config --get commit.template [3ms]
[2022-10-07T21:59:29.605Z] > git status -z -uall [56ms]
[2022-10-07T21:59:29.625Z] > git symbolic-ref --short HEAD [2ms]
[2022-10-07T21:59:29.646Z] > git for-each-ref --format=%(refname)%00%(upstream:short)%00%(objectname)%00%(upstream:track)%00%(upstream:remotename)%00%(upstream:remoteref) refs/heads/main refs/remotes/main [6ms]
[2022-10-07T21:59:29.667Z] > git for-each-ref --sort -committerdate --format %(refname) %(objectname) %(*objectname) [10ms]
[2022-10-07T21:59:29.668Z] > git remote --verbose [2ms]
[2022-10-07T21:59:29.745Z] > git config --get commit.template [2ms]
[2022-10-07T21:59:34.829Z] > git status -z -uall [65ms]
[2022-10-07T21:59:34.836Z] > git symbolic-ref --short HEAD [1ms]
[2022-10-07T21:59:34.844Z] > git for-each-ref --format=%(refname)%00%(upstream:short)%00%(objectname)%00%(upstream:track)%00%(upstream:remotename)%00%(upstream:remoteref) refs/heads/main refs/remotes/main [2ms]
[2022-10-07T21:59:34.857Z] > git remote --verbose [1ms]
[2022-10-07T21:59:34.857Z] > git for-each-ref --sort -committerdate --format %(refname) %(objectname) %(*objectname) [7ms]
[2022-10-07T21:59:34.919Z] > git config --get commit.template [1ms]
[2022-10-07T21:59:39.992Z] > git status -z -uall [56ms]
[2022-10-07T21:59:40.005Z] > git symbolic-ref --short HEAD [3ms]
[2022-10-07T21:59:40.017Z] > git for-each-ref --format=%(refname)%00%(upstream:short)%00%(objectname)%00%(upstream:track)%00%(upstream:remotename)%00%(upstream:remoteref) refs/heads/main refs/remotes/main [3ms]
[2022-10-07T21:59:40.037Z] > git for-each-ref --sort -committerdate --format %(refname) %(objectname) %(*objectname) [11ms]
[2022-10-07T21:59:40.037Z] > git remote --verbose [3ms]
[2022-10-07T21:59:40.118Z] > git config --get commit.template [8ms]
[2022-10-07T21:59:45.204Z] > git status -z -uall [68ms]
[2022-10-07T21:59:45.226Z] > git symbolic-ref --short HEAD [6ms]
[2022-10-07T21:59:45.237Z] > git for-each-ref --format=%(refname)%00%(upstream:short)%00%(objectname)%00%(upstream:track)%00%(upstream:remotename)%00%(upstream:remoteref) refs/heads/main refs/remotes/main [2ms]
[2022-10-07T21:59:45.256Z] > git remote --verbose [1ms]
[2022-10-07T21:59:45.257Z] > git for-each-ref --sort -committerdate --format %(refname) %(objectname) %(*objectname) [11ms]
[2022-10-07T21:59:45.329Z] > git config --get commit.template [1ms]
[2022-10-07T21:59:50.407Z] > git status -z -uall [61ms]
[2022-10-07T21:59:50.439Z] > git symbolic-ref --short HEAD [7ms]
[2022-10-07T21:59:50.452Z] > git for-each-ref --format=%(refname)%00%(upstream:short)%00%(objectname)%00%(upstream:track)%00%(upstream:remotename)%00%(upstream:remoteref) refs/heads/main refs/remotes/main [2ms]
[2022-10-07T21:59:50.475Z] > git remote --verbose [10ms]
[2022-10-07T21:59:50.476Z] > git for-each-ref --sort -committerdate --format %(refname) %(objectname) %(*objectname) [18ms]
[2022-10-07T21:59:50.535Z] > git config --get commit.template [1ms]
[2022-10-07T21:59:55.603Z] > git status -z -uall [52ms]
[2022-10-07T21:59:55.611Z] > git symbolic-ref --short HEAD [1ms]
[2022-10-07T21:59:55.620Z] > git for-each-ref --format=%(refname)%00%(upstream:short)%00%(objectname)%00%(upstream:track)%00%(upstream:remotename)%00%(upstream:remoteref) refs/heads/main refs/remotes/main [1ms]
[2022-10-07T21:59:55.636Z] > git remote --verbose [1ms]
[2022-10-07T21:59:55.637Z] > git for-each-ref --sort -committerdate --format %(refname) %(objectname) %(*objectname) [10ms]
[2022-10-07T21:59:55.701Z] > git config --get commit.template [1ms]
[2022-10-07T22:00:00.758Z] > git status -z -uall [36ms]
[2022-10-07T22:00:00.766Z] > git symbolic-ref --short HEAD [2ms]
[2022-10-07T22:00:00.774Z] > git for-each-ref --format=%(refname)%00%(upstream:short)%00%(objectname)%00%(upstream:track)%00%(upstream:remotename)%00%(upstream:remoteref) refs/heads/main refs/remotes/main [2ms]
[2022-10-07T22:00:00.788Z] > git for-each-ref --sort -committerdate --format %(refname) %(objectname) %(*objectname) [8ms]
[2022-10-07T22:00:00.788Z] > git remote --verbose [2ms]
[2022-10-07T22:00:00.844Z] > git config --get commit.template [1ms]
[2022-10-07T22:00:07.639Z] > git status -z -uall [55ms]
[2022-10-07T22:00:07.652Z] > git symbolic-ref --short HEAD [3ms]
[2022-10-07T22:00:07.664Z] > git for-each-ref --format=%(refname)%00%(upstream:short)%00%(objectname)%00%(upstream:track)%00%(upstream:remotename)%00%(upstream:remoteref) refs/heads/main refs/remotes/main [3ms]
[2022-10-07T22:00:07.684Z] > git for-each-ref --sort -committerdate --format %(refname) %(objectname) %(*objectname) [11ms]
[2022-10-07T22:00:07.685Z] > git remote --verbose [3ms]
[2022-10-07T22:00:07.751Z] > git config --get commit.template [1ms]
[2022-10-07T22:00:12.827Z] > git status -z -uall [59ms]
[2022-10-07T22:00:12.840Z] > git symbolic-ref --short HEAD [2ms]
[2022-10-07T22:00:12.853Z] > git for-each-ref --format=%(refname)%00%(upstream:short)%00%(objectname)%00%(upstream:track)%00%(upstream:remotename)%00%(upstream:remoteref) refs/heads/main refs/remotes/main [2ms]
[2022-10-07T22:00:12.875Z] > git for-each-ref --sort -committerdate --format %(refname) %(objectname) %(*objectname) [12ms]
[2022-10-07T22:00:12.876Z] > git remote --verbose [3ms]
[2022-10-07T22:00:12.964Z] > git config --get commit.template [3ms]
[2022-10-07T22:00:18.037Z] > git status -z -uall [55ms]
[2022-10-07T22:00:18.062Z] > git symbolic-ref --short HEAD [12ms]
[2022-10-07T22:00:18.074Z] > git for-each-ref --format=%(refname)%00%(upstream:short)%00%(objectname)%00%(upstream:track)%00%(upstream:remotename)%00%(upstream:remoteref) refs/heads/main refs/remotes/main [2ms]
[2022-10-07T22:00:18.090Z] > git remote --verbose [1ms]
[2022-10-07T22:00:18.090Z] > git for-each-ref --sort -committerdate --format %(refname) %(objectname) %(*objectname) [7ms]
[2022-10-07T22:00:18.162Z] > git config --get commit.template [2ms]
[2022-10-07T22:00:23.243Z] > git status -z -uall [61ms]
[2022-10-07T22:00:23.291Z] > git symbolic-ref --short HEAD [21ms]
[2022-10-07T22:00:23.311Z] > git for-each-ref --format=%(refname)%00%(upstream:short)%00%(objectname)%00%(upstream:track)%00%(upstream:remotename)%00%(upstream:remoteref) refs/heads/main refs/remotes/main [10ms]
[2022-10-07T22:00:23.334Z] > git for-each-ref --sort -committerdate --format %(refname) %(objectname) %(*objectname) [13ms]
[2022-10-07T22:00:23.334Z] > git remote --verbose [2ms]
[2022-10-07T22:00:23.400Z] > git config --get commit.template [2ms]
[2022-10-07T22:00:32.110Z] > git status -z -uall [78ms]
[2022-10-07T22:00:32.136Z] > git symbolic-ref --short HEAD [11ms]
[2022-10-07T22:00:32.150Z] > git for-each-ref --format=%(refname)%00%(upstream:short)%00%(objectname)%00%(upstream:track)%00%(upstream:remotename)%00%(upstream:remoteref) refs/heads/main refs/remotes/main [5ms]
[2022-10-07T22:00:32.170Z] > git for-each-ref --sort -committerdate --format %(refname) %(objectname) %(*objectname) [6ms]
[2022-10-07T22:00:32.171Z] > git remote --verbose [2ms]
[2022-10-07T22:00:32.254Z] > git config --get commit.template [2ms]
