[2022-10-09 19:16:43.948] [exthost] [info] Extension host with pid 275 started
[2022-10-09 19:16:43.989] [exthost] [error] Error: EEXIST: file already exists, open '/home/oluwatobi/.vscode-server/data/User/workspaceStorage/b56a93bd1fc5896f5c718e2cd8a128a6/vscode.lock'
[2022-10-09 19:16:44.192] [exthost] [info] Lock '/home/oluwatobi/.vscode-server/data/User/workspaceStorage/b56a93bd1fc5896f5c718e2cd8a128a6/vscode.lock': Could not acquire lock, checking if the file is stale.
[2022-10-09 19:16:44.272] [exthost] [info] ExtensionService#_doActivateExtension vscode.debug-auto-launch, startup: true, activationEvent: '*'
[2022-10-09 19:16:44.284] [exthost] [info] ExtensionService#_doActivateExtension vscode.git-base, startup: true, activationEvent: '*', root cause: vscode.git
[2022-10-09 19:16:44.289] [exthost] [info] ExtensionService#_doActivateExtension vscode.ipynb, startup: true, activationEvent: '*'
[2022-10-09 19:16:44.440] [exthost] [info] Lock '/home/oluwatobi/.vscode-server/data/User/workspaceStorage/b56a93bd1fc5896f5c718e2cd8a128a6/vscode.lock': The pid 86 appears to be gone.
[2022-10-09 19:16:44.440] [exthost] [info] Lock '/home/oluwatobi/.vscode-server/data/User/workspaceStorage/b56a93bd1fc5896f5c718e2cd8a128a6/vscode.lock': Deleting a stale lock.
[2022-10-09 19:16:44.852] [exthost] [info] Lock '/home/oluwatobi/.vscode-server/data/User/workspaceStorage/b56a93bd1fc5896f5c718e2cd8a128a6/vscode.lock': Lock acquired.
[2022-10-09 19:16:45.552] [exthost] [info] ExtensionService#_doActivateExtension vscode.git, startup: true, activationEvent: '*'
[2022-10-09 19:16:45.556] [exthost] [info] ExtensionService#_doActivateExtension vscode.github, startup: true, activationEvent: '*'
[2022-10-09 19:16:46.355] [exthost] [info] ExtensionService#_doActivateExtension vscode.emmet, startup: false, activationEvent: 'onStartupFinished'
[2022-10-09 19:16:46.356] [exthost] [info] ExtensionService#_doActivateExtension vscode.merge-conflict, startup: false, activationEvent: 'onStartupFinished'
[2022-10-09 19:16:46.356] [exthost] [info] Eager extensions activated
[2022-10-09 19:16:55.596] [exthost] [warning] [Decorations] CAPPING events from decorations provider vscode.git 3668
[2022-10-09 19:16:56.256] [exthost] [warning] [Decorations] CAPPING events from decorations provider vscode.git 3668
[2022-10-09 19:17:09.274] [exthost] [warning] [Decorations] CAPPING events from decorations provider vscode.git 3668
[2022-10-09 19:17:14.383] [exthost] [warning] [Decorations] CAPPING events from decorations provider vscode.git 3668
[2022-10-09 19:17:19.507] [exthost] [warning] [Decorations] CAPPING events from decorations provider vscode.git 3668
[2022-10-09 19:17:24.631] [exthost] [warning] [Decorations] CAPPING events from decorations provider vscode.git 3668
[2022-10-09 19:17:29.752] [exthost] [warning] [Decorations] CAPPING events from decorations provider vscode.git 3668
[2022-10-09 19:17:34.937] [exthost] [warning] [Decorations] CAPPING events from decorations provider vscode.git 3668
[2022-10-09 19:17:53.990] [exthost] [warning] [Decorations] CAPPING events from decorations provider vscode.git 3668
[2022-10-09 19:17:59.126] [exthost] [warning] [Decorations] CAPPING events from decorations provider vscode.git 3668
[2022-10-09 19:18:04.236] [exthost] [warning] [Decorations] CAPPING events from decorations provider vscode.git 3668
[2022-10-09 19:18:09.347] [exthost] [warning] [Decorations] CAPPING events from decorations provider vscode.git 3668
[2022-10-09 19:18:14.457] [exthost] [warning] [Decorations] CAPPING events from decorations provider vscode.git 3668
[2022-10-09 19:18:19.800] [exthost] [warning] [Decorations] CAPPING events from decorations provider vscode.git 3668
[2022-10-09 19:18:37.754] [exthost] [warning] [Decorations] CAPPING events from decorations provider vscode.git 3668
[2022-10-09 19:18:42.877] [exthost] [warning] [Decorations] CAPPING events from decorations provider vscode.git 3668
[2022-10-09 19:18:48.032] [exthost] [warning] [Decorations] CAPPING events from decorations provider vscode.git 3669
[2022-10-09 19:19:09.228] [exthost] [warning] [Decorations] CAPPING events from decorations provider vscode.git 3669
[2022-10-09 19:19:14.351] [exthost] [warning] [Decorations] CAPPING events from decorations provider vscode.git 3669
[2022-10-09 19:19:19.502] [exthost] [warning] [Decorations] CAPPING events from decorations provider vscode.git 3669
[2022-10-09 19:19:24.634] [exthost] [warning] [Decorations] CAPPING events from decorations provider vscode.git 3670
[2022-10-09 19:19:33.315] [exthost] [warning] [Decorations] CAPPING events from decorations provider vscode.git 3670
[2022-10-09 19:19:38.454] [exthost] [warning] [Decorations] CAPPING events from decorations provider vscode.git 3670
[2022-10-09 19:19:54.939] [exthost] [warning] [Decorations] CAPPING events from decorations provider vscode.git 3670
[2022-10-09 19:20:00.059] [exthost] [warning] [Decorations] CAPPING events from decorations provider vscode.git 3670
[2022-10-09 19:20:09.123] [exthost] [warning] [Decorations] CAPPING events from decorations provider vscode.git 3670
[2022-10-09 19:20:14.261] [exthost] [warning] [Decorations] CAPPING events from decorations provider vscode.git 3671
[2022-10-09 19:20:19.371] [exthost] [warning] [Decorations] CAPPING events from decorations provider vscode.git 3671
[2022-10-09 19:20:34.983] [exthost] [warning] [Decorations] CAPPING events from decorations provider vscode.git 3671
[2022-10-09 19:20:40.949] [exthost] [warning] [Decorations] CAPPING events from decorations provider vscode.git 3671
[2022-10-09 19:20:47.015] [exthost] [warning] [Decorations] CAPPING events from decorations provider vscode.git 3671
[2022-10-09 19:20:52.128] [exthost] [warning] [Decorations] CAPPING events from decorations provider vscode.git 3671
[2022-10-09 19:21:16.378] [exthost] [warning] [Decorations] CAPPING events from decorations provider vscode.git 3671
[2022-10-09 19:21:21.482] [exthost] [warning] [Decorations] CAPPING events from decorations provider vscode.git 3671
[2022-10-09 19:21:26.584] [exthost] [warning] [Decorations] CAPPING events from decorations provider vscode.git 3671
[2022-10-09 19:21:31.700] [exthost] [warning] [Decorations] CAPPING events from decorations provider vscode.git 3671
[2022-10-09 19:21:36.813] [exthost] [warning] [Decorations] CAPPING events from decorations provider vscode.git 3671
[2022-10-09 19:21:41.946] [exthost] [warning] [Decorations] CAPPING events from decorations provider vscode.git 3671
[2022-10-09 19:21:47.057] [exthost] [warning] [Decorations] CAPPING events from decorations provider vscode.git 3671
[2022-10-09 19:21:52.203] [exthost] [warning] [Decorations] CAPPING events from decorations provider vscode.git 3671
[2022-10-09 19:21:57.325] [exthost] [warning] [Decorations] CAPPING events from decorations provider vscode.git 3671
[2022-10-09 19:22:02.434] [exthost] [warning] [Decorations] CAPPING events from decorations provider vscode.git 3671
[2022-10-09 19:22:07.585] [exthost] [warning] [Decorations] CAPPING events from decorations provider vscode.git 3671
[2022-10-09 19:22:12.697] [exthost] [warning] [Decorations] CAPPING events from decorations provider vscode.git 3671
[2022-10-09 19:22:17.811] [exthost] [warning] [Decorations] CAPPING events from decorations provider vscode.git 3671
[2022-10-09 19:22:22.941] [exthost] [warning] [Decorations] CAPPING events from decorations provider vscode.git 3671
[2022-10-09 19:22:28.073] [exthost] [warning] [Decorations] CAPPING events from decorations provider vscode.git 3671
[2022-10-09 19:22:33.184] [exthost] [warning] [Decorations] CAPPING events from decorations provider vscode.git 3671
[2022-10-09 19:22:38.295] [exthost] [warning] [Decorations] CAPPING events from decorations provider vscode.git 3671
[2022-10-09 22:06:54.676] [exthost] [warning] [Decorations] CAPPING events from decorations provider vscode.git 3671
[2022-10-09 22:07:29.420] [exthost] [warning] [Decorations] CAPPING events from decorations provider vscode.git 3671
[2022-10-09 22:07:35.173] [exthost] [warning] [Decorations] CAPPING events from decorations provider vscode.git 3671
[2022-10-09 22:07:40.341] [exthost] [warning] [Decorations] CAPPING events from decorations provider vscode.git 3671
[2022-10-09 22:07:50.205] [exthost] [warning] [Decorations] CAPPING events from decorations provider vscode.git 3672
[2022-10-09 22:07:56.003] [exthost] [warning] [Decorations] CAPPING events from decorations provider vscode.git 3672
[2022-10-09 22:08:01.153] [exthost] [warning] [Decorations] CAPPING events from decorations provider vscode.git 3672
[2022-10-09 22:08:06.289] [exthost] [warning] [Decorations] CAPPING events from decorations provider vscode.git 3672
[2022-10-09 22:08:11.425] [exthost] [warning] [Decorations] CAPPING events from decorations provider vscode.git 3672
[2022-10-09 22:08:16.551] [exthost] [warning] [Decorations] CAPPING events from decorations provider vscode.git 3672
[2022-10-09 22:08:21.720] [exthost] [warning] [Decorations] CAPPING events from decorations provider vscode.git 3672
[2022-10-09 22:08:26.880] [exthost] [warning] [Decorations] CAPPING events from decorations provider vscode.git 3672
[2022-10-09 22:08:32.011] [exthost] [warning] [Decorations] CAPPING events from decorations provider vscode.git 3672
[2022-10-09 22:08:37.181] [exthost] [warning] [Decorations] CAPPING events from decorations provider vscode.git 3672
[2022-10-09 22:08:42.356] [exthost] [warning] [Decorations] CAPPING events from decorations provider vscode.git 3672
[2022-10-09 22:08:47.525] [exthost] [warning] [Decorations] CAPPING events from decorations provider vscode.git 3672
[2022-10-09 22:08:52.657] [exthost] [warning] [Decorations] CAPPING events from decorations provider vscode.git 3672
[2022-10-09 22:08:57.789] [exthost] [warning] [Decorations] CAPPING events from decorations provider vscode.git 3672
[2022-10-09 22:09:02.957] [exthost] [warning] [Decorations] CAPPING events from decorations provider vscode.git 3672
[2022-10-09 22:09:08.087] [exthost] [warning] [Decorations] CAPPING events from decorations provider vscode.git 3672
[2022-10-09 22:09:13.220] [exthost] [warning] [Decorations] CAPPING events from decorations provider vscode.git 3672
[2022-10-09 22:09:18.409] [exthost] [warning] [Decorations] CAPPING events from decorations provider vscode.git 3672
[2022-10-09 22:09:23.578] [exthost] [warning] [Decorations] CAPPING events from decorations provider vscode.git 3672
[2022-10-09 22:09:28.741] [exthost] [warning] [Decorations] CAPPING events from decorations provider vscode.git 3672
[2022-10-09 22:09:33.877] [exthost] [warning] [Decorations] CAPPING events from decorations provider vscode.git 3672
[2022-10-09 22:09:39.026] [exthost] [warning] [Decorations] CAPPING events from decorations provider vscode.git 3672
[2022-10-09 22:09:44.166] [exthost] [warning] [Decorations] CAPPING events from decorations provider vscode.git 3672
[2022-10-09 22:09:49.312] [exthost] [warning] [Decorations] CAPPING events from decorations provider vscode.git 3672
[2022-10-09 22:09:54.491] [exthost] [warning] [Decorations] CAPPING events from decorations provider vscode.git 3672
[2022-10-09 22:09:59.657] [exthost] [warning] [Decorations] CAPPING events from decorations provider vscode.git 3672
[2022-10-09 22:10:04.786] [exthost] [warning] [Decorations] CAPPING events from decorations provider vscode.git 3672
[2022-10-09 22:10:09.930] [exthost] [warning] [Decorations] CAPPING events from decorations provider vscode.git 3672
[2022-10-09 22:10:15.095] [exthost] [warning] [Decorations] CAPPING events from decorations provider vscode.git 3672
[2022-10-09 22:10:20.258] [exthost] [warning] [Decorations] CAPPING events from decorations provider vscode.git 3672
[2022-10-09 22:10:25.389] [exthost] [warning] [Decorations] CAPPING events from decorations provider vscode.git 3672
[2022-10-09 22:10:30.528] [exthost] [warning] [Decorations] CAPPING events from decorations provider vscode.git 3672
[2022-10-09 22:10:35.669] [exthost] [warning] [Decorations] CAPPING events from decorations provider vscode.git 3672
[2022-10-09 22:10:40.832] [exthost] [warning] [Decorations] CAPPING events from decorations provider vscode.git 3672
[2022-10-09 22:10:45.964] [exthost] [warning] [Decorations] CAPPING events from decorations provider vscode.git 3672
[2022-10-09 22:10:51.101] [exthost] [warning] [Decorations] CAPPING events from decorations provider vscode.git 3672
[2022-10-09 22:10:56.228] [exthost] [warning] [Decorations] CAPPING events from decorations provider vscode.git 3672
[2022-10-09 22:11:01.985] [exthost] [warning] [Decorations] CAPPING events from decorations provider vscode.git 3672
[2022-10-09 22:11:07.164] [exthost] [warning] [Decorations] CAPPING events from decorations provider vscode.git 3672
[2022-10-09 22:11:14.020] [exthost] [warning] [Decorations] CAPPING events from decorations provider vscode.git 3672
[2022-10-09 22:11:19.149] [exthost] [warning] [Decorations] CAPPING events from decorations provider vscode.git 3672
[2022-10-09 22:11:24.285] [exthost] [warning] [Decorations] CAPPING events from decorations provider vscode.git 3672
[2022-10-09 22:11:29.428] [exthost] [warning] [Decorations] CAPPING events from decorations provider vscode.git 3672
[2022-10-09 22:11:34.559] [exthost] [warning] [Decorations] CAPPING events from decorations provider vscode.git 3672
[2022-10-09 22:11:40.332] [exthost] [warning] [Decorations] CAPPING events from decorations provider vscode.git 3672
[2022-10-09 22:11:45.469] [exthost] [warning] [Decorations] CAPPING events from decorations provider vscode.git 3672
[2022-10-09 22:11:50.614] [exthost] [warning] [Decorations] CAPPING events from decorations provider vscode.git 3672
[2022-10-09 22:11:55.750] [exthost] [warning] [Decorations] CAPPING events from decorations provider vscode.git 3672
[2022-10-09 22:12:01.496] [exthost] [warning] [Decorations] CAPPING events from decorations provider vscode.git 3672
[2022-10-09 22:12:06.639] [exthost] [warning] [Decorations] CAPPING events from decorations provider vscode.git 3672
[2022-10-09 22:12:12.502] [exthost] [warning] [Decorations] CAPPING events from decorations provider vscode.git 3672
[2022-10-09 22:12:17.636] [exthost] [warning] [Decorations] CAPPING events from decorations provider vscode.git 3672
[2022-10-09 22:12:22.798] [exthost] [warning] [Decorations] CAPPING events from decorations provider vscode.git 3672
[2022-10-09 22:12:27.926] [exthost] [warning] [Decorations] CAPPING events from decorations provider vscode.git 3672
[2022-10-09 22:12:33.084] [exthost] [warning] [Decorations] CAPPING events from decorations provider vscode.git 3672
[2022-10-09 22:12:38.218] [exthost] [warning] [Decorations] CAPPING events from decorations provider vscode.git 3672
[2022-10-09 22:12:44.966] [exthost] [warning] [Decorations] CAPPING events from decorations provider vscode.git 3672
[2022-10-09 22:12:50.096] [exthost] [warning] [Decorations] CAPPING events from decorations provider vscode.git 3672
[2022-10-09 22:12:55.235] [exthost] [warning] [Decorations] CAPPING events from decorations provider vscode.git 3672
[2022-10-09 22:13:00.397] [exthost] [warning] [Decorations] CAPPING events from decorations provider vscode.git 3672
[2022-10-09 22:13:05.535] [exthost] [warning] [Decorations] CAPPING events from decorations provider vscode.git 3672
[2022-10-09 22:13:10.704] [exthost] [warning] [Decorations] CAPPING events from decorations provider vscode.git 3672
[2022-10-09 22:13:15.893] [exthost] [warning] [Decorations] CAPPING events from decorations provider vscode.git 3672
[2022-10-09 22:13:21.023] [exthost] [warning] [Decorations] CAPPING events from decorations provider vscode.git 3672
[2022-10-09 22:13:26.184] [exthost] [warning] [Decorations] CAPPING events from decorations provider vscode.git 3672
[2022-10-09 22:13:31.311] [exthost] [warning] [Decorations] CAPPING events from decorations provider vscode.git 3672
[2022-10-09 22:13:36.441] [exthost] [warning] [Decorations] CAPPING events from decorations provider vscode.git 3672
[2022-10-09 22:13:41.611] [exthost] [warning] [Decorations] CAPPING events from decorations provider vscode.git 3672
[2022-10-09 22:13:46.773] [exthost] [warning] [Decorations] CAPPING events from decorations provider vscode.git 3672
[2022-10-09 22:13:51.933] [exthost] [warning] [Decorations] CAPPING events from decorations provider vscode.git 3672
[2022-10-09 22:13:57.062] [exthost] [warning] [Decorations] CAPPING events from decorations provider vscode.git 3672
[2022-10-09 22:14:02.213] [exthost] [warning] [Decorations] CAPPING events from decorations provider vscode.git 3672
[2022-10-09 22:14:07.371] [exthost] [warning] [Decorations] CAPPING events from decorations provider vscode.git 3672
[2022-10-09 22:14:12.548] [exthost] [warning] [Decorations] CAPPING events from decorations provider vscode.git 3672
[2022-10-09 22:14:17.678] [exthost] [warning] [Decorations] CAPPING events from decorations provider vscode.git 3672
[2022-10-09 22:14:22.816] [exthost] [warning] [Decorations] CAPPING events from decorations provider vscode.git 3672
[2022-10-09 22:14:27.955] [exthost] [warning] [Decorations] CAPPING events from decorations provider vscode.git 3672
[2022-10-09 22:14:33.090] [exthost] [warning] [Decorations] CAPPING events from decorations provider vscode.git 3672
[2022-10-09 22:14:38.243] [exthost] [warning] [Decorations] CAPPING events from decorations provider vscode.git 3672
[2022-10-09 22:14:43.376] [exthost] [warning] [Decorations] CAPPING events from decorations provider vscode.git 3672
[2022-10-09 22:14:48.513] [exthost] [warning] [Decorations] CAPPING events from decorations provider vscode.git 3672
[2022-10-09 22:14:53.678] [exthost] [warning] [Decorations] CAPPING events from decorations provider vscode.git 3672
[2022-10-09 22:14:58.817] [exthost] [warning] [Decorations] CAPPING events from decorations provider vscode.git 3672
[2022-10-09 22:15:03.969] [exthost] [warning] [Decorations] CAPPING events from decorations provider vscode.git 3672
[2022-10-09 22:15:09.117] [exthost] [warning] [Decorations] CAPPING events from decorations provider vscode.git 3672
[2022-10-09 22:15:14.251] [exthost] [warning] [Decorations] CAPPING events from decorations provider vscode.git 3672
[2022-10-09 22:15:19.399] [exthost] [warning] [Decorations] CAPPING events from decorations provider vscode.git 3672
[2022-10-09 22:15:24.533] [exthost] [warning] [Decorations] CAPPING events from decorations provider vscode.git 3672
[2022-10-09 22:15:29.665] [exthost] [warning] [Decorations] CAPPING events from decorations provider vscode.git 3672
[2022-10-09 22:15:34.799] [exthost] [warning] [Decorations] CAPPING events from decorations provider vscode.git 3672
[2022-10-09 22:15:39.936] [exthost] [warning] [Decorations] CAPPING events from decorations provider vscode.git 3672
[2022-10-09 22:15:45.067] [exthost] [warning] [Decorations] CAPPING events from decorations provider vscode.git 3672
[2022-10-09 22:15:50.197] [exthost] [warning] [Decorations] CAPPING events from decorations provider vscode.git 3672
[2022-10-09 22:15:55.324] [exthost] [warning] [Decorations] CAPPING events from decorations provider vscode.git 3672
[2022-10-09 22:16:00.453] [exthost] [warning] [Decorations] CAPPING events from decorations provider vscode.git 3672
[2022-10-09 22:16:05.583] [exthost] [warning] [Decorations] CAPPING events from decorations provider vscode.git 3672
[2022-10-09 22:16:10.727] [exthost] [warning] [Decorations] CAPPING events from decorations provider vscode.git 3672
[2022-10-09 22:16:15.909] [exthost] [warning] [Decorations] CAPPING events from decorations provider vscode.git 3672
[2022-10-09 22:16:21.067] [exthost] [warning] [Decorations] CAPPING events from decorations provider vscode.git 3672
[2022-10-09 22:16:26.231] [exthost] [warning] [Decorations] CAPPING events from decorations provider vscode.git 3672
[2022-10-09 22:16:31.403] [exthost] [warning] [Decorations] CAPPING events from decorations provider vscode.git 3672
[2022-10-09 22:16:36.568] [exthost] [warning] [Decorations] CAPPING events from decorations provider vscode.git 3672
[2022-10-09 22:16:41.696] [exthost] [warning] [Decorations] CAPPING events from decorations provider vscode.git 3672
[2022-10-09 22:16:46.830] [exthost] [warning] [Decorations] CAPPING events from decorations provider vscode.git 3672
[2022-10-09 22:16:51.959] [exthost] [warning] [Decorations] CAPPING events from decorations provider vscode.git 3672
[2022-10-09 22:16:57.092] [exthost] [warning] [Decorations] CAPPING events from decorations provider vscode.git 3672
[2022-10-09 22:17:02.237] [exthost] [warning] [Decorations] CAPPING events from decorations provider vscode.git 3672
[2022-10-09 22:17:07.378] [exthost] [warning] [Decorations] CAPPING events from decorations provider vscode.git 3672
[2022-10-09 22:17:12.516] [exthost] [warning] [Decorations] CAPPING events from decorations provider vscode.git 3672
[2022-10-09 22:17:17.677] [exthost] [warning] [Decorations] CAPPING events from decorations provider vscode.git 3672
[2022-10-09 22:17:22.807] [exthost] [warning] [Decorations] CAPPING events from decorations provider vscode.git 3672
[2022-10-09 22:17:27.938] [exthost] [warning] [Decorations] CAPPING events from decorations provider vscode.git 3672
[2022-10-09 22:17:33.090] [exthost] [warning] [Decorations] CAPPING events from decorations provider vscode.git 3672
[2022-10-09 22:17:38.295] [exthost] [warning] [Decorations] CAPPING events from decorations provider vscode.git 3672
[2022-10-09 22:17:43.465] [exthost] [warning] [Decorations] CAPPING events from decorations provider vscode.git 3672
[2022-10-09 22:17:48.645] [exthost] [warning] [Decorations] CAPPING events from decorations provider vscode.git 3672
[2022-10-09 22:17:53.815] [exthost] [warning] [Decorations] CAPPING events from decorations provider vscode.git 3672
[2022-10-09 22:17:58.977] [exthost] [warning] [Decorations] CAPPING events from decorations provider vscode.git 3672
[2022-10-09 22:18:04.716] [exthost] [warning] [Decorations] CAPPING events from decorations provider vscode.git 3672
[2022-10-09 22:18:09.844] [exthost] [warning] [Decorations] CAPPING events from decorations provider vscode.git 3672
[2022-10-09 22:18:14.984] [exthost] [warning] [Decorations] CAPPING events from decorations provider vscode.git 3672
[2022-10-09 22:18:20.125] [exthost] [warning] [Decorations] CAPPING events from decorations provider vscode.git 3672
[2022-10-09 22:18:25.258] [exthost] [warning] [Decorations] CAPPING events from decorations provider vscode.git 3672
[2022-10-09 22:18:30.393] [exthost] [warning] [Decorations] CAPPING events from decorations provider vscode.git 3672
[2022-10-09 22:18:35.553] [exthost] [warning] [Decorations] CAPPING events from decorations provider vscode.git 3672
[2022-10-09 22:18:40.685] [exthost] [warning] [Decorations] CAPPING events from decorations provider vscode.git 3672
[2022-10-09 22:18:45.839] [exthost] [warning] [Decorations] CAPPING events from decorations provider vscode.git 3672
[2022-10-09 22:18:51.014] [exthost] [warning] [Decorations] CAPPING events from decorations provider vscode.git 3672
[2022-10-09 22:18:56.160] [exthost] [warning] [Decorations] CAPPING events from decorations provider vscode.git 3672
[2022-10-09 22:19:01.294] [exthost] [warning] [Decorations] CAPPING events from decorations provider vscode.git 3672
[2022-10-09 22:19:06.464] [exthost] [warning] [Decorations] CAPPING events from decorations provider vscode.git 3672
[2022-10-09 22:19:11.591] [exthost] [warning] [Decorations] CAPPING events from decorations provider vscode.git 3672
[2022-10-09 22:19:17.359] [exthost] [warning] [Decorations] CAPPING events from decorations provider vscode.git 3672
[2022-10-09 22:19:22.495] [exthost] [warning] [Decorations] CAPPING events from decorations provider vscode.git 3672
[2022-10-09 22:19:27.632] [exthost] [warning] [Decorations] CAPPING events from decorations provider vscode.git 3672
[2022-10-09 22:19:32.761] [exthost] [warning] [Decorations] CAPPING events from decorations provider vscode.git 3672
[2022-10-09 22:19:38.541] [exthost] [warning] [Decorations] CAPPING events from decorations provider vscode.git 3672
[2022-10-09 22:19:43.710] [exthost] [warning] [Decorations] CAPPING events from decorations provider vscode.git 3672
[2022-10-09 22:19:48.857] [exthost] [warning] [Decorations] CAPPING events from decorations provider vscode.git 3672
[2022-10-09 22:20:04.316] [exthost] [warning] [Decorations] CAPPING events from decorations provider vscode.git 3672
[2022-10-09 22:20:10.091] [exthost] [warning] [Decorations] CAPPING events from decorations provider vscode.git 3672
[2022-10-09 22:20:15.237] [exthost] [warning] [Decorations] CAPPING events from decorations provider vscode.git 3672
[2022-10-09 22:20:21.166] [exthost] [warning] [Decorations] CAPPING events from decorations provider vscode.git 3672
[2022-10-09 22:20:26.312] [exthost] [warning] [Decorations] CAPPING events from decorations provider vscode.git 3672
[2022-10-09 22:20:31.485] [exthost] [warning] [Decorations] CAPPING events from decorations provider vscode.git 3672
[2022-10-09 22:20:36.633] [exthost] [warning] [Decorations] CAPPING events from decorations provider vscode.git 3672
[2022-10-09 22:20:41.829] [exthost] [warning] [Decorations] CAPPING events from decorations provider vscode.git 3672
[2022-10-09 22:20:46.962] [exthost] [warning] [Decorations] CAPPING events from decorations provider vscode.git 3672
[2022-10-09 22:20:52.098] [exthost] [warning] [Decorations] CAPPING events from decorations provider vscode.git 3672
[2022-10-09 22:20:57.234] [exthost] [warning] [Decorations] CAPPING events from decorations provider vscode.git 3672
[2022-10-09 22:21:02.371] [exthost] [warning] [Decorations] CAPPING events from decorations provider vscode.git 3672
[2022-10-09 22:21:07.500] [exthost] [warning] [Decorations] CAPPING events from decorations provider vscode.git 3672
[2022-10-09 22:21:12.632] [exthost] [warning] [Decorations] CAPPING events from decorations provider vscode.git 3672
[2022-10-09 22:21:17.759] [exthost] [warning] [Decorations] CAPPING events from decorations provider vscode.git 3672
[2022-10-09 22:21:22.898] [exthost] [warning] [Decorations] CAPPING events from decorations provider vscode.git 3672
[2022-10-09 22:21:28.119] [exthost] [warning] [Decorations] CAPPING events from decorations provider vscode.git 3672
[2022-10-09 22:21:33.997] [exthost] [warning] [Decorations] CAPPING events from decorations provider vscode.git 3672
[2022-10-09 22:21:39.160] [exthost] [warning] [Decorations] CAPPING events from decorations provider vscode.git 3672
[2022-10-09 22:21:44.293] [exthost] [warning] [Decorations] CAPPING events from decorations provider vscode.git 3672
[2022-10-09 22:21:49.432] [exthost] [warning] [Decorations] CAPPING events from decorations provider vscode.git 3672
[2022-10-09 22:21:54.576] [exthost] [warning] [Decorations] CAPPING events from decorations provider vscode.git 3672
[2022-10-09 22:21:59.719] [exthost] [warning] [Decorations] CAPPING events from decorations provider vscode.git 3672
[2022-10-09 22:22:04.853] [exthost] [warning] [Decorations] CAPPING events from decorations provider vscode.git 3672
[2022-10-09 22:22:10.014] [exthost] [warning] [Decorations] CAPPING events from decorations provider vscode.git 3672
[2022-10-09 22:22:15.147] [exthost] [warning] [Decorations] CAPPING events from decorations provider vscode.git 3672
[2022-10-09 22:22:20.303] [exthost] [warning] [Decorations] CAPPING events from decorations provider vscode.git 3672
[2022-10-09 22:22:25.442] [exthost] [warning] [Decorations] CAPPING events from decorations provider vscode.git 3672
[2022-10-09 22:22:30.587] [exthost] [warning] [Decorations] CAPPING events from decorations provider vscode.git 3672
[2022-10-09 22:22:35.761] [exthost] [warning] [Decorations] CAPPING events from decorations provider vscode.git 3672
[2022-10-09 22:22:40.930] [exthost] [warning] [Decorations] CAPPING events from decorations provider vscode.git 3672
[2022-10-09 22:22:46.058] [exthost] [warning] [Decorations] CAPPING events from decorations provider vscode.git 3672
[2022-10-09 22:22:51.205] [exthost] [warning] [Decorations] CAPPING events from decorations provider vscode.git 3672
[2022-10-09 22:22:56.398] [exthost] [warning] [Decorations] CAPPING events from decorations provider vscode.git 3672
[2022-10-09 22:23:01.530] [exthost] [warning] [Decorations] CAPPING events from decorations provider vscode.git 3672
[2022-10-09 22:23:06.662] [exthost] [warning] [Decorations] CAPPING events from decorations provider vscode.git 3672
[2022-10-09 22:23:11.799] [exthost] [warning] [Decorations] CAPPING events from decorations provider vscode.git 3672
[2022-10-09 22:23:16.970] [exthost] [warning] [Decorations] CAPPING events from decorations provider vscode.git 3672
[2022-10-09 22:23:22.110] [exthost] [warning] [Decorations] CAPPING events from decorations provider vscode.git 3672
[2022-10-09 22:23:27.251] [exthost] [warning] [Decorations] CAPPING events from decorations provider vscode.git 3672
[2022-10-09 22:23:32.438] [exthost] [warning] [Decorations] CAPPING events from decorations provider vscode.git 3672
[2022-10-09 22:24:21.104] [exthost] [warning] [Decorations] CAPPING events from decorations provider vscode.git 3672
[2022-10-09 22:24:26.258] [exthost] [warning] [Decorations] CAPPING events from decorations provider vscode.git 3672
[2022-10-09 22:24:31.388] [exthost] [warning] [Decorations] CAPPING events from decorations provider vscode.git 3672
[2022-10-09 22:24:36.525] [exthost] [warning] [Decorations] CAPPING events from decorations provider vscode.git 3672
[2022-10-09 22:24:41.656] [exthost] [warning] [Decorations] CAPPING events from decorations provider vscode.git 3672
[2022-10-09 22:24:46.798] [exthost] [warning] [Decorations] CAPPING events from decorations provider vscode.git 3672
[2022-10-09 22:24:51.932] [exthost] [warning] [Decorations] CAPPING events from decorations provider vscode.git 3672
[2022-10-09 22:24:57.071] [exthost] [warning] [Decorations] CAPPING events from decorations provider vscode.git 3672
[2022-10-09 22:25:02.207] [exthost] [warning] [Decorations] CAPPING events from decorations provider vscode.git 3672
[2022-10-09 22:25:07.374] [exthost] [warning] [Decorations] CAPPING events from decorations provider vscode.git 3672
[2022-10-09 22:25:12.505] [exthost] [warning] [Decorations] CAPPING events from decorations provider vscode.git 3672
[2022-10-09 22:25:17.642] [exthost] [warning] [Decorations] CAPPING events from decorations provider vscode.git 3672
[2022-10-09 22:25:22.812] [exthost] [warning] [Decorations] CAPPING events from decorations provider vscode.git 3672
[2022-10-09 22:25:27.970] [exthost] [warning] [Decorations] CAPPING events from decorations provider vscode.git 3672
[2022-10-09 22:25:33.105] [exthost] [warning] [Decorations] CAPPING events from decorations provider vscode.git 3672
[2022-10-09 22:25:38.268] [exthost] [warning] [Decorations] CAPPING events from decorations provider vscode.git 3672
[2022-10-09 22:25:43.398] [exthost] [warning] [Decorations] CAPPING events from decorations provider vscode.git 3672
[2022-10-09 22:25:48.533] [exthost] [warning] [Decorations] CAPPING events from decorations provider vscode.git 3672
[2022-10-09 22:25:53.660] [exthost] [warning] [Decorations] CAPPING events from decorations provider vscode.git 3672
[2022-10-09 22:25:58.789] [exthost] [warning] [Decorations] CAPPING events from decorations provider vscode.git 3672
[2022-10-09 22:26:03.919] [exthost] [warning] [Decorations] CAPPING events from decorations provider vscode.git 3672
[2022-10-09 22:26:09.054] [exthost] [warning] [Decorations] CAPPING events from decorations provider vscode.git 3672
[2022-10-09 22:26:14.209] [exthost] [warning] [Decorations] CAPPING events from decorations provider vscode.git 3672
[2022-10-09 22:26:19.354] [exthost] [warning] [Decorations] CAPPING events from decorations provider vscode.git 3672
[2022-10-09 22:26:24.598] [exthost] [warning] [Decorations] CAPPING events from decorations provider vscode.git 3673
[2022-10-09 22:37:22.174] [exthost] [warning] [Decorations] CAPPING events from decorations provider vscode.git 3673
[2022-10-09 22:37:27.317] [exthost] [warning] [Decorations] CAPPING events from decorations provider vscode.git 3673
[2022-10-09 22:37:32.444] [exthost] [warning] [Decorations] CAPPING events from decorations provider vscode.git 3673
[2022-10-09 22:37:37.588] [exthost] [warning] [Decorations] CAPPING events from decorations provider vscode.git 3673
[2022-10-09 22:37:42.727] [exthost] [warning] [Decorations] CAPPING events from decorations provider vscode.git 3673
[2022-10-09 22:37:47.871] [exthost] [warning] [Decorations] CAPPING events from decorations provider vscode.git 3673
[2022-10-09 22:37:53.037] [exthost] [warning] [Decorations] CAPPING events from decorations provider vscode.git 3673
[2022-10-09 22:37:58.201] [exthost] [warning] [Decorations] CAPPING events from decorations provider vscode.git 3673
[2022-10-09 22:38:03.369] [exthost] [warning] [Decorations] CAPPING events from decorations provider vscode.git 3673
[2022-10-09 22:38:08.538] [exthost] [warning] [Decorations] CAPPING events from decorations provider vscode.git 3673
[2022-10-09 22:38:13.694] [exthost] [warning] [Decorations] CAPPING events from decorations provider vscode.git 3673
[2022-10-09 22:38:18.837] [exthost] [warning] [Decorations] CAPPING events from decorations provider vscode.git 3673
[2022-10-09 22:38:23.987] [exthost] [warning] [Decorations] CAPPING events from decorations provider vscode.git 3673
[2022-10-09 22:38:29.145] [exthost] [warning] [Decorations] CAPPING events from decorations provider vscode.git 3673
[2022-10-09 22:38:34.299] [exthost] [warning] [Decorations] CAPPING events from decorations provider vscode.git 3673
[2022-10-09 22:38:40.077] [exthost] [warning] [Decorations] CAPPING events from decorations provider vscode.git 3673
[2022-10-09 22:38:45.248] [exthost] [warning] [Decorations] CAPPING events from decorations provider vscode.git 3673
[2022-10-09 22:38:50.374] [exthost] [warning] [Decorations] CAPPING events from decorations provider vscode.git 3673
[2022-10-09 22:38:55.506] [exthost] [warning] [Decorations] CAPPING events from decorations provider vscode.git 3673
[2022-10-09 22:39:03.242] [exthost] [warning] [Decorations] CAPPING events from decorations provider vscode.git 3673
[2022-10-09 22:39:08.369] [exthost] [warning] [Decorations] CAPPING events from decorations provider vscode.git 3673
[2022-10-09 22:39:13.501] [exthost] [warning] [Decorations] CAPPING events from decorations provider vscode.git 3673
[2022-10-09 22:39:18.629] [exthost] [warning] [Decorations] CAPPING events from decorations provider vscode.git 3673
[2022-10-09 22:39:23.751] [exthost] [warning] [Decorations] CAPPING events from decorations provider vscode.git 3673
[2022-10-09 22:39:28.882] [exthost] [warning] [Decorations] CAPPING events from decorations provider vscode.git 3673
[2022-10-09 22:39:34.016] [exthost] [warning] [Decorations] CAPPING events from decorations provider vscode.git 3673
[2022-10-09 22:39:39.137] [exthost] [warning] [Decorations] CAPPING events from decorations provider vscode.git 3673
[2022-10-09 22:39:44.273] [exthost] [warning] [Decorations] CAPPING events from decorations provider vscode.git 3673
[2022-10-09 22:39:49.400] [exthost] [warning] [Decorations] CAPPING events from decorations provider vscode.git 3673
[2022-10-09 22:39:54.532] [exthost] [warning] [Decorations] CAPPING events from decorations provider vscode.git 3673
[2022-10-09 22:39:59.673] [exthost] [warning] [Decorations] CAPPING events from decorations provider vscode.git 3673
[2022-10-09 22:40:04.839] [exthost] [warning] [Decorations] CAPPING events from decorations provider vscode.git 3673
[2022-10-09 22:40:09.988] [exthost] [warning] [Decorations] CAPPING events from decorations provider vscode.git 3673
[2022-10-09 22:40:15.167] [exthost] [warning] [Decorations] CAPPING events from decorations provider vscode.git 3673
[2022-10-09 22:40:20.330] [exthost] [warning] [Decorations] CAPPING events from decorations provider vscode.git 3673
[2022-10-09 22:40:25.454] [exthost] [warning] [Decorations] CAPPING events from decorations provider vscode.git 3673
[2022-10-09 22:40:32.254] [exthost] [warning] [Decorations] CAPPING events from decorations provider vscode.git 3673
[2022-10-09 22:40:37.384] [exthost] [warning] [Decorations] CAPPING events from decorations provider vscode.git 3673
[2022-10-09 22:40:42.517] [exthost] [warning] [Decorations] CAPPING events from decorations provider vscode.git 3673
[2022-10-09 22:40:48.407] [exthost] [warning] [Decorations] CAPPING events from decorations provider vscode.git 3673
[2022-10-09 22:40:57.383] [exthost] [warning] [Decorations] CAPPING events from decorations provider vscode.git 3673
[2022-10-09 22:41:02.514] [exthost] [warning] [Decorations] CAPPING events from decorations provider vscode.git 3673
[2022-10-09 22:41:07.643] [exthost] [warning] [Decorations] CAPPING events from decorations provider vscode.git 3673
[2022-10-09 22:41:12.778] [exthost] [warning] [Decorations] CAPPING events from decorations provider vscode.git 3673
[2022-10-09 22:41:17.917] [exthost] [warning] [Decorations] CAPPING events from decorations provider vscode.git 3673
[2022-10-09 22:41:23.043] [exthost] [warning] [Decorations] CAPPING events from decorations provider vscode.git 3673
[2022-10-09 22:41:28.169] [exthost] [warning] [Decorations] CAPPING events from decorations provider vscode.git 3673
[2022-10-09 22:41:33.305] [exthost] [warning] [Decorations] CAPPING events from decorations provider vscode.git 3673
[2022-10-09 22:41:38.442] [exthost] [warning] [Decorations] CAPPING events from decorations provider vscode.git 3673
[2022-10-09 22:41:43.609] [exthost] [warning] [Decorations] CAPPING events from decorations provider vscode.git 3673
[2022-10-09 22:41:48.778] [exthost] [warning] [Decorations] CAPPING events from decorations provider vscode.git 3673
[2022-10-09 22:41:53.940] [exthost] [warning] [Decorations] CAPPING events from decorations provider vscode.git 3673
[2022-10-09 22:41:59.113] [exthost] [warning] [Decorations] CAPPING events from decorations provider vscode.git 3673
[2022-10-09 22:42:04.245] [exthost] [warning] [Decorations] CAPPING events from decorations provider vscode.git 3673
[2022-10-09 22:42:09.386] [exthost] [warning] [Decorations] CAPPING events from decorations provider vscode.git 3673
[2022-10-09 22:42:14.553] [exthost] [warning] [Decorations] CAPPING events from decorations provider vscode.git 3673
[2022-10-09 22:42:19.689] [exthost] [warning] [Decorations] CAPPING events from decorations provider vscode.git 3673
[2022-10-09 22:42:24.825] [exthost] [warning] [Decorations] CAPPING events from decorations provider vscode.git 3673
[2022-10-09 22:42:29.952] [exthost] [warning] [Decorations] CAPPING events from decorations provider vscode.git 3673
[2022-10-09 22:42:35.147] [exthost] [warning] [Decorations] CAPPING events from decorations provider vscode.git 3673
[2022-10-09 22:42:40.305] [exthost] [warning] [Decorations] CAPPING events from decorations provider vscode.git 3673
[2022-10-09 22:42:45.462] [exthost] [warning] [Decorations] CAPPING events from decorations provider vscode.git 3673
[2022-10-09 22:42:50.647] [exthost] [warning] [Decorations] CAPPING events from decorations provider vscode.git 3673
[2022-10-09 22:42:55.774] [exthost] [warning] [Decorations] CAPPING events from decorations provider vscode.git 3673
[2022-10-09 22:43:00.905] [exthost] [warning] [Decorations] CAPPING events from decorations provider vscode.git 3673
[2022-10-09 22:43:06.051] [exthost] [warning] [Decorations] CAPPING events from decorations provider vscode.git 3673
[2022-10-09 22:43:11.188] [exthost] [warning] [Decorations] CAPPING events from decorations provider vscode.git 3673
[2022-10-09 22:43:16.325] [exthost] [warning] [Decorations] CAPPING events from decorations provider vscode.git 3673
[2022-10-09 22:43:21.463] [exthost] [warning] [Decorations] CAPPING events from decorations provider vscode.git 3673
[2022-10-09 22:43:26.599] [exthost] [warning] [Decorations] CAPPING events from decorations provider vscode.git 3673
[2022-10-09 22:43:31.731] [exthost] [warning] [Decorations] CAPPING events from decorations provider vscode.git 3673
[2022-10-09 22:43:36.900] [exthost] [warning] [Decorations] CAPPING events from decorations provider vscode.git 3673
[2022-10-09 22:43:42.053] [exthost] [warning] [Decorations] CAPPING events from decorations provider vscode.git 3673
[2022-10-09 22:43:47.197] [exthost] [warning] [Decorations] CAPPING events from decorations provider vscode.git 3673
[2022-10-09 22:43:52.325] [exthost] [warning] [Decorations] CAPPING events from decorations provider vscode.git 3673
[2022-10-09 22:43:57.465] [exthost] [warning] [Decorations] CAPPING events from decorations provider vscode.git 3673
[2022-10-09 22:44:02.589] [exthost] [warning] [Decorations] CAPPING events from decorations provider vscode.git 3673
[2022-10-09 22:44:07.720] [exthost] [warning] [Decorations] CAPPING events from decorations provider vscode.git 3673
[2022-10-09 22:44:12.848] [exthost] [warning] [Decorations] CAPPING events from decorations provider vscode.git 3673
[2022-10-09 22:44:17.976] [exthost] [warning] [Decorations] CAPPING events from decorations provider vscode.git 3673
[2022-10-09 22:44:23.108] [exthost] [warning] [Decorations] CAPPING events from decorations provider vscode.git 3673
[2022-10-09 22:44:28.237] [exthost] [warning] [Decorations] CAPPING events from decorations provider vscode.git 3673
[2022-10-09 22:44:33.423] [exthost] [warning] [Decorations] CAPPING events from decorations provider vscode.git 3673
[2022-10-09 22:44:39.686] [exthost] [warning] [Decorations] CAPPING events from decorations provider vscode.git 3673
[2022-10-09 22:44:44.812] [exthost] [warning] [Decorations] CAPPING events from decorations provider vscode.git 3673
[2022-10-09 22:44:49.960] [exthost] [warning] [Decorations] CAPPING events from decorations provider vscode.git 3673
[2022-10-09 22:44:55.186] [exthost] [warning] [Decorations] CAPPING events from decorations provider vscode.git 3674
[2022-10-09 22:45:00.330] [exthost] [warning] [Decorations] CAPPING events from decorations provider vscode.git 3674
[2022-10-09 22:45:05.461] [exthost] [warning] [Decorations] CAPPING events from decorations provider vscode.git 3674
[2022-10-09 22:45:10.600] [exthost] [warning] [Decorations] CAPPING events from decorations provider vscode.git 3674
[2022-10-09 22:45:15.736] [exthost] [warning] [Decorations] CAPPING events from decorations provider vscode.git 3674
[2022-10-09 22:45:20.871] [exthost] [warning] [Decorations] CAPPING events from decorations provider vscode.git 3674
[2022-10-09 22:45:26.054] [exthost] [warning] [Decorations] CAPPING events from decorations provider vscode.git 3674
[2022-10-09 22:45:31.223] [exthost] [warning] [Decorations] CAPPING events from decorations provider vscode.git 3674
[2022-10-09 22:45:36.388] [exthost] [warning] [Decorations] CAPPING events from decorations provider vscode.git 3674
[2022-10-09 22:45:41.520] [exthost] [warning] [Decorations] CAPPING events from decorations provider vscode.git 3674
[2022-10-09 22:45:46.659] [exthost] [warning] [Decorations] CAPPING events from decorations provider vscode.git 3674
[2022-10-09 22:45:51.799] [exthost] [warning] [Decorations] CAPPING events from decorations provider vscode.git 3674
[2022-10-09 22:45:56.953] [exthost] [warning] [Decorations] CAPPING events from decorations provider vscode.git 3674
[2022-10-09 22:46:02.124] [exthost] [warning] [Decorations] CAPPING events from decorations provider vscode.git 3674
[2022-10-09 22:46:07.275] [exthost] [warning] [Decorations] CAPPING events from decorations provider vscode.git 3674
[2022-10-09 22:46:12.413] [exthost] [warning] [Decorations] CAPPING events from decorations provider vscode.git 3674
[2022-10-09 22:46:17.587] [exthost] [warning] [Decorations] CAPPING events from decorations provider vscode.git 3674
[2022-10-09 22:46:22.787] [exthost] [warning] [Decorations] CAPPING events from decorations provider vscode.git 3675
[2022-10-09 22:46:27.938] [exthost] [warning] [Decorations] CAPPING events from decorations provider vscode.git 3675
[2022-10-09 22:46:33.685] [exthost] [warning] [Decorations] CAPPING events from decorations provider vscode.git 3675
[2022-10-09 22:46:38.825] [exthost] [warning] [Decorations] CAPPING events from decorations provider vscode.git 3675
[2022-10-09 22:46:44.051] [exthost] [warning] [Decorations] CAPPING events from decorations provider vscode.git 3675
[2022-10-09 22:46:49.249] [exthost] [warning] [Decorations] CAPPING events from decorations provider vscode.git 3675
[2022-10-09 22:46:54.467] [exthost] [warning] [Decorations] CAPPING events from decorations provider vscode.git 3675
[2022-10-09 22:46:57.768] [exthost] [info] ExtensionService#_doActivateExtension vscode.configuration-editing, startup: false, activationEvent: 'onLanguage:jsonc'
[2022-10-09 22:46:57.770] [exthost] [info] ExtensionService#_doActivateExtension vscode.json-language-features, startup: false, activationEvent: 'onLanguage:jsonc'
[2022-10-09 22:46:57.770] [exthost] [info] ExtensionService#_doActivateExtension vscode.typescript-language-features, startup: false, activationEvent: 'onLanguage:jsonc'
[2022-10-09 22:47:00.318] [exthost] [warning] [Decorations] CAPPING events from decorations provider vscode.git 3678
[2022-10-09 22:47:05.498] [exthost] [warning] [Decorations] CAPPING events from decorations provider vscode.git 3678
[2022-10-09 22:47:11.345] [exthost] [warning] [Decorations] CAPPING events from decorations provider vscode.git 3679
[2022-10-09 22:47:17.349] [exthost] [warning] [Decorations] CAPPING events from decorations provider vscode.git 3679
[2022-10-09 22:47:22.507] [exthost] [warning] [Decorations] CAPPING events from decorations provider vscode.git 3678
[2022-10-09 22:47:29.382] [exthost] [warning] [Decorations] CAPPING events from decorations provider vscode.git 3679
[2022-10-09 22:47:37.363] [exthost] [warning] [Decorations] CAPPING events from decorations provider vscode.git 3680
[2022-10-09 22:47:42.536] [exthost] [warning] [Decorations] CAPPING events from decorations provider vscode.git 3680
[2022-10-09 22:51:54.109] [exthost] [warning] [Decorations] CAPPING events from decorations provider vscode.git 3680
[2022-10-09 22:51:59.854] [exthost] [warning] [Decorations] CAPPING events from decorations provider vscode.git 3680
[2022-10-09 22:52:04.992] [exthost] [warning] [Decorations] CAPPING events from decorations provider vscode.git 3680
[2022-10-09 22:52:11.172] [exthost] [warning] [Decorations] CAPPING events from decorations provider vscode.git 3680
[2022-10-09 22:52:16.323] [exthost] [warning] [Decorations] CAPPING events from decorations provider vscode.git 3680
[2022-10-09 22:52:23.121] [exthost] [warning] [Decorations] CAPPING events from decorations provider vscode.git 3680
[2022-10-09 22:52:28.256] [exthost] [warning] [Decorations] CAPPING events from decorations provider vscode.git 3680
[2022-10-09 22:52:33.397] [exthost] [warning] [Decorations] CAPPING events from decorations provider vscode.git 3680
[2022-10-09 22:52:38.540] [exthost] [warning] [Decorations] CAPPING events from decorations provider vscode.git 3680
[2022-10-09 22:52:43.678] [exthost] [warning] [Decorations] CAPPING events from decorations provider vscode.git 3680
[2022-10-09 22:52:48.824] [exthost] [warning] [Decorations] CAPPING events from decorations provider vscode.git 3680
[2022-10-09 22:52:53.959] [exthost] [warning] [Decorations] CAPPING events from decorations provider vscode.git 3680
[2022-10-09 22:52:59.108] [exthost] [warning] [Decorations] CAPPING events from decorations provider vscode.git 3680
[2022-10-09 22:53:04.250] [exthost] [warning] [Decorations] CAPPING events from decorations provider vscode.git 3680
[2022-10-09 22:53:09.387] [exthost] [warning] [Decorations] CAPPING events from decorations provider vscode.git 3680
[2022-10-09 22:53:15.238] [exthost] [warning] [Decorations] CAPPING events from decorations provider vscode.git 3680
[2022-10-09 22:53:20.381] [exthost] [warning] [Decorations] CAPPING events from decorations provider vscode.git 3680
[2022-10-09 22:53:25.534] [exthost] [warning] [Decorations] CAPPING events from decorations provider vscode.git 3680
[2022-10-09 22:53:30.675] [exthost] [warning] [Decorations] CAPPING events from decorations provider vscode.git 3680
[2022-10-09 22:53:35.821] [exthost] [warning] [Decorations] CAPPING events from decorations provider vscode.git 3680
[2022-10-09 22:53:40.950] [exthost] [warning] [Decorations] CAPPING events from decorations provider vscode.git 3680
[2022-10-09 22:53:46.080] [exthost] [warning] [Decorations] CAPPING events from decorations provider vscode.git 3680
[2022-10-09 22:53:51.257] [exthost] [warning] [Decorations] CAPPING events from decorations provider vscode.git 3680
[2022-10-09 22:53:56.406] [exthost] [warning] [Decorations] CAPPING events from decorations provider vscode.git 3680
[2022-10-09 22:54:01.548] [exthost] [warning] [Decorations] CAPPING events from decorations provider vscode.git 3680
[2022-10-09 22:54:06.682] [exthost] [warning] [Decorations] CAPPING events from decorations provider vscode.git 3680
[2022-10-09 22:54:11.818] [exthost] [warning] [Decorations] CAPPING events from decorations provider vscode.git 3680
[2022-10-09 22:54:16.949] [exthost] [warning] [Decorations] CAPPING events from decorations provider vscode.git 3680
[2022-10-09 22:54:22.091] [exthost] [warning] [Decorations] CAPPING events from decorations provider vscode.git 3680
[2022-10-09 22:54:27.232] [exthost] [warning] [Decorations] CAPPING events from decorations provider vscode.git 3680
[2022-10-09 22:54:32.400] [exthost] [warning] [Decorations] CAPPING events from decorations provider vscode.git 3680
[2022-10-09 22:54:37.534] [exthost] [warning] [Decorations] CAPPING events from decorations provider vscode.git 3680
[2022-10-09 22:54:42.677] [exthost] [warning] [Decorations] CAPPING events from decorations provider vscode.git 3680
[2022-10-09 22:54:47.845] [exthost] [warning] [Decorations] CAPPING events from decorations provider vscode.git 3680
[2022-10-09 22:54:53.024] [exthost] [warning] [Decorations] CAPPING events from decorations provider vscode.git 3680
[2022-10-09 22:54:58.152] [exthost] [warning] [Decorations] CAPPING events from decorations provider vscode.git 3680
[2022-10-09 22:55:03.295] [exthost] [warning] [Decorations] CAPPING events from decorations provider vscode.git 3680
[2022-10-09 22:55:10.043] [exthost] [warning] [Decorations] CAPPING events from decorations provider vscode.git 3680
[2022-10-09 22:55:15.177] [exthost] [warning] [Decorations] CAPPING events from decorations provider vscode.git 3680
[2022-10-09 22:55:20.309] [exthost] [warning] [Decorations] CAPPING events from decorations provider vscode.git 3680
[2022-10-09 22:55:25.452] [exthost] [warning] [Decorations] CAPPING events from decorations provider vscode.git 3680
[2022-10-09 22:55:30.595] [exthost] [warning] [Decorations] CAPPING events from decorations provider vscode.git 3680
[2022-10-09 22:55:35.737] [exthost] [warning] [Decorations] CAPPING events from decorations provider vscode.git 3680
[2022-10-09 22:55:40.888] [exthost] [warning] [Decorations] CAPPING events from decorations provider vscode.git 3680
[2022-10-09 22:55:46.026] [exthost] [warning] [Decorations] CAPPING events from decorations provider vscode.git 3680
[2022-10-09 22:55:51.158] [exthost] [warning] [Decorations] CAPPING events from decorations provider vscode.git 3680
[2022-10-09 22:55:56.292] [exthost] [warning] [Decorations] CAPPING events from decorations provider vscode.git 3680
[2022-10-09 22:56:02.025] [exthost] [warning] [Decorations] CAPPING events from decorations provider vscode.git 3680
[2022-10-09 22:56:07.185] [exthost] [warning] [Decorations] CAPPING events from decorations provider vscode.git 3680
[2022-10-09 22:58:11.918] [exthost] [warning] [Decorations] CAPPING events from decorations provider vscode.git 3680
[2022-10-09 22:58:17.055] [exthost] [warning] [Decorations] CAPPING events from decorations provider vscode.git 3680
[2022-10-09 22:58:22.197] [exthost] [warning] [Decorations] CAPPING events from decorations provider vscode.git 3680
[2022-10-09 22:58:27.333] [exthost] [warning] [Decorations] CAPPING events from decorations provider vscode.git 3680
[2022-10-09 22:58:33.144] [exthost] [warning] [Decorations] CAPPING events from decorations provider vscode.git 3680
[2022-10-09 22:58:38.296] [exthost] [warning] [Decorations] CAPPING events from decorations provider vscode.git 3680
[2022-10-09 22:58:43.432] [exthost] [warning] [Decorations] CAPPING events from decorations provider vscode.git 3680
[2022-10-09 22:58:49.415] [exthost] [warning] [Decorations] CAPPING events from decorations provider vscode.git 3680
[2022-10-09 22:58:55.521] [exthost] [warning] [Decorations] CAPPING events from decorations provider vscode.git 3680
[2022-10-09 22:59:00.655] [exthost] [warning] [Decorations] CAPPING events from decorations provider vscode.git 3680
[2022-10-09 22:59:05.792] [exthost] [warning] [Decorations] CAPPING events from decorations provider vscode.git 3680
[2022-10-09 22:59:10.925] [exthost] [warning] [Decorations] CAPPING events from decorations provider vscode.git 3680
[2022-10-09 22:59:16.716] [exthost] [warning] [Decorations] CAPPING events from decorations provider vscode.git 3680
[2022-10-09 22:59:21.863] [exthost] [warning] [Decorations] CAPPING events from decorations provider vscode.git 3680
[2022-10-09 22:59:27.001] [exthost] [warning] [Decorations] CAPPING events from decorations provider vscode.git 3680
[2022-10-09 22:59:32.178] [exthost] [warning] [Decorations] CAPPING events from decorations provider vscode.git 3680
[2022-10-09 22:59:37.336] [exthost] [warning] [Decorations] CAPPING events from decorations provider vscode.git 3680
[2022-10-09 22:59:42.557] [exthost] [warning] [Decorations] CAPPING events from decorations provider vscode.git 3680
[2022-10-09 22:59:47.685] [exthost] [warning] [Decorations] CAPPING events from decorations provider vscode.git 3680
[2022-10-09 22:59:52.819] [exthost] [warning] [Decorations] CAPPING events from decorations provider vscode.git 3680
[2022-10-09 22:59:57.947] [exthost] [warning] [Decorations] CAPPING events from decorations provider vscode.git 3680
[2022-10-09 23:00:03.075] [exthost] [warning] [Decorations] CAPPING events from decorations provider vscode.git 3680
[2022-10-09 23:00:08.203] [exthost] [warning] [Decorations] CAPPING events from decorations provider vscode.git 3680
[2022-10-09 23:00:13.340] [exthost] [warning] [Decorations] CAPPING events from decorations provider vscode.git 3680
[2022-10-09 23:00:18.476] [exthost] [warning] [Decorations] CAPPING events from decorations provider vscode.git 3680
[2022-10-09 23:00:23.616] [exthost] [warning] [Decorations] CAPPING events from decorations provider vscode.git 3680
[2022-10-09 23:00:32.359] [exthost] [warning] [Decorations] CAPPING events from decorations provider vscode.git 3680
[2022-10-09 23:00:37.533] [exthost] [warning] [Decorations] CAPPING events from decorations provider vscode.git 3680
[2022-10-09 23:00:42.711] [exthost] [warning] [Decorations] CAPPING events from decorations provider vscode.git 3680
[2022-10-09 23:00:48.532] [exthost] [warning] [Decorations] CAPPING events from decorations provider vscode.git 3680
[2022-10-09 23:00:53.682] [exthost] [warning] [Decorations] CAPPING events from decorations provider vscode.git 3680
[2022-10-09 23:16:22.274] [exthost] [warning] [Decorations] CAPPING events from decorations provider vscode.git 3680
[2022-10-09 23:16:30.191] [exthost] [warning] [Decorations] CAPPING events from decorations provider vscode.git 3680
[2022-10-09 23:16:37.459] [exthost] [warning] [Decorations] CAPPING events from decorations provider vscode.git 3680
[2022-10-09 23:16:44.568] [exthost] [warning] [Decorations] CAPPING events from decorations provider vscode.git 3680
[2022-10-09 23:16:51.801] [exthost] [warning] [Decorations] CAPPING events from decorations provider vscode.git 3680
[2022-10-09 23:16:58.846] [exthost] [warning] [Decorations] CAPPING events from decorations provider vscode.git 3680
[2022-10-09 23:17:01.909] [exthost] [info] Extension host terminating: received terminate message from renderer
[2022-10-09 23:17:01.913] [exthost] [info] Lock '/home/oluwatobi/.vscode-server/data/User/workspaceStorage/b56a93bd1fc5896f5c718e2cd8a128a6/vscode.lock': Marking the lockfile as scheduled to be released in 6000 ms.
[2022-10-09 23:17:02.863] [exthost] [info] Extension host with pid 275 exiting with code 0
