[2022-10-09 16:00:08.236] [exthost] [info] Extension host with pid 86 started
[2022-10-09 16:00:08.285] [exthost] [error] Error: EEXIST: file already exists, open '/home/oluwatobi/.vscode-server/data/User/workspaceStorage/b56a93bd1fc5896f5c718e2cd8a128a6/vscode.lock'
[2022-10-09 16:00:08.347] [exthost] [info] Lock '/home/oluwatobi/.vscode-server/data/User/workspaceStorage/b56a93bd1fc5896f5c718e2cd8a128a6/vscode.lock': Could not acquire lock, checking if the file is stale.
[2022-10-09 16:00:08.349] [exthost] [info] Lock '/home/oluwatobi/.vscode-server/data/User/workspaceStorage/b56a93bd1fc5896f5c718e2cd8a128a6/vscode.lock': The lock looks stale, waiting for 2s.
[2022-10-09 16:00:08.501] [exthost] [info] ExtensionService#_doActivateExtension vscode.debug-auto-launch, startup: true, activationEvent: '*'
[2022-10-09 16:00:08.504] [exthost] [info] ExtensionService#_doActivateExtension vscode.git-base, startup: true, activationEvent: '*', root cause: vscode.git
[2022-10-09 16:00:08.505] [exthost] [info] ExtensionService#_doActivateExtension vscode.ipynb, startup: true, activationEvent: '*'
[2022-10-09 16:00:10.350] [exthost] [info] Lock '/home/oluwatobi/.vscode-server/data/User/workspaceStorage/b56a93bd1fc5896f5c718e2cd8a128a6/vscode.lock': The lock looks stale even after waiting for 2s.
[2022-10-09 16:00:10.350] [exthost] [info] Lock '/home/oluwatobi/.vscode-server/data/User/workspaceStorage/b56a93bd1fc5896f5c718e2cd8a128a6/vscode.lock': Deleting a stale lock.
[2022-10-09 16:00:10.560] [exthost] [info] Lock '/home/oluwatobi/.vscode-server/data/User/workspaceStorage/b56a93bd1fc5896f5c718e2cd8a128a6/vscode.lock': Lock acquired.
[2022-10-09 16:00:10.578] [exthost] [info] ExtensionService#_doActivateExtension vscode.git, startup: true, activationEvent: '*'
[2022-10-09 16:00:10.579] [exthost] [info] ExtensionService#_doActivateExtension vscode.github, startup: true, activationEvent: '*'
[2022-10-09 16:00:11.459] [exthost] [info] ExtensionService#_doActivateExtension vscode.emmet, startup: false, activationEvent: 'onStartupFinished'
[2022-10-09 16:00:11.460] [exthost] [info] ExtensionService#_doActivateExtension vscode.merge-conflict, startup: false, activationEvent: 'onStartupFinished'
[2022-10-09 16:00:11.460] [exthost] [info] Eager extensions activated
[2022-10-09 16:00:17.879] [exthost] [warning] [Decorations] CAPPING events from decorations provider vscode.git 3647
[2022-10-09 16:00:18.660] [exthost] [warning] [Decorations] CAPPING events from decorations provider vscode.git 3647
[2022-10-09 16:00:25.830] [exthost] [warning] [Decorations] CAPPING events from decorations provider vscode.git 3647
[2022-10-09 16:00:30.935] [exthost] [warning] [Decorations] CAPPING events from decorations provider vscode.git 3647
[2022-10-09 16:00:36.034] [exthost] [warning] [Decorations] CAPPING events from decorations provider vscode.git 3647
[2022-10-09 16:00:41.136] [exthost] [warning] [Decorations] CAPPING events from decorations provider vscode.git 3647
[2022-10-09 16:00:46.237] [exthost] [warning] [Decorations] CAPPING events from decorations provider vscode.git 3647
[2022-10-09 16:00:51.343] [exthost] [warning] [Decorations] CAPPING events from decorations provider vscode.git 3647
[2022-10-09 16:00:56.446] [exthost] [warning] [Decorations] CAPPING events from decorations provider vscode.git 3647
[2022-10-09 16:01:01.547] [exthost] [warning] [Decorations] CAPPING events from decorations provider vscode.git 3647
[2022-10-09 16:01:06.644] [exthost] [warning] [Decorations] CAPPING events from decorations provider vscode.git 3647
[2022-10-09 16:01:11.766] [exthost] [warning] [Decorations] CAPPING events from decorations provider vscode.git 3647
[2022-10-09 16:01:16.898] [exthost] [warning] [Decorations] CAPPING events from decorations provider vscode.git 3647
[2022-10-09 16:01:22.031] [exthost] [warning] [Decorations] CAPPING events from decorations provider vscode.git 3647
[2022-10-09 16:01:27.162] [exthost] [warning] [Decorations] CAPPING events from decorations provider vscode.git 3647
[2022-10-09 16:01:32.262] [exthost] [warning] [Decorations] CAPPING events from decorations provider vscode.git 3647
[2022-10-09 16:01:37.377] [exthost] [warning] [Decorations] CAPPING events from decorations provider vscode.git 3647
[2022-10-09 16:01:42.479] [exthost] [warning] [Decorations] CAPPING events from decorations provider vscode.git 3647
[2022-10-09 16:01:47.579] [exthost] [warning] [Decorations] CAPPING events from decorations provider vscode.git 3647
[2022-10-09 16:01:52.680] [exthost] [warning] [Decorations] CAPPING events from decorations provider vscode.git 3647
[2022-10-09 16:01:57.807] [exthost] [warning] [Decorations] CAPPING events from decorations provider vscode.git 3647
[2022-10-09 16:02:02.914] [exthost] [warning] [Decorations] CAPPING events from decorations provider vscode.git 3647
[2022-10-09 16:02:08.014] [exthost] [warning] [Decorations] CAPPING events from decorations provider vscode.git 3647
[2022-10-09 16:02:13.114] [exthost] [warning] [Decorations] CAPPING events from decorations provider vscode.git 3647
[2022-10-09 16:02:18.237] [exthost] [warning] [Decorations] CAPPING events from decorations provider vscode.git 3647
[2022-10-09 16:02:23.369] [exthost] [warning] [Decorations] CAPPING events from decorations provider vscode.git 3647
[2022-10-09 16:02:28.471] [exthost] [warning] [Decorations] CAPPING events from decorations provider vscode.git 3647
[2022-10-09 16:02:33.572] [exthost] [warning] [Decorations] CAPPING events from decorations provider vscode.git 3647
[2022-10-09 16:02:38.699] [exthost] [warning] [Decorations] CAPPING events from decorations provider vscode.git 3647
[2022-10-09 16:02:43.799] [exthost] [warning] [Decorations] CAPPING events from decorations provider vscode.git 3647
[2022-10-09 16:02:48.909] [exthost] [warning] [Decorations] CAPPING events from decorations provider vscode.git 3647
[2022-10-09 16:02:54.010] [exthost] [warning] [Decorations] CAPPING events from decorations provider vscode.git 3647
[2022-10-09 16:02:59.134] [exthost] [warning] [Decorations] CAPPING events from decorations provider vscode.git 3647
[2022-10-09 16:03:04.235] [exthost] [warning] [Decorations] CAPPING events from decorations provider vscode.git 3647
[2022-10-09 16:03:09.343] [exthost] [warning] [Decorations] CAPPING events from decorations provider vscode.git 3647
[2022-10-09 16:03:14.446] [exthost] [warning] [Decorations] CAPPING events from decorations provider vscode.git 3647
[2022-10-09 16:03:19.552] [exthost] [warning] [Decorations] CAPPING events from decorations provider vscode.git 3647
[2022-10-09 16:03:24.651] [exthost] [warning] [Decorations] CAPPING events from decorations provider vscode.git 3648
[2022-10-09 16:03:29.790] [exthost] [warning] [Decorations] CAPPING events from decorations provider vscode.git 3648
[2022-10-09 16:03:34.919] [exthost] [warning] [Decorations] CAPPING events from decorations provider vscode.git 3648
[2022-10-09 16:03:40.028] [exthost] [warning] [Decorations] CAPPING events from decorations provider vscode.git 3648
[2022-10-09 16:03:45.143] [exthost] [warning] [Decorations] CAPPING events from decorations provider vscode.git 3649
[2022-10-09 16:03:50.765] [exthost] [warning] [Decorations] CAPPING events from decorations provider vscode.git 3649
[2022-10-09 16:03:55.868] [exthost] [warning] [Decorations] CAPPING events from decorations provider vscode.git 3649
[2022-10-09 16:04:00.979] [exthost] [warning] [Decorations] CAPPING events from decorations provider vscode.git 3649
[2022-10-09 16:04:06.098] [exthost] [warning] [Decorations] CAPPING events from decorations provider vscode.git 3649
[2022-10-09 16:04:11.200] [exthost] [warning] [Decorations] CAPPING events from decorations provider vscode.git 3649
[2022-10-09 16:04:16.330] [exthost] [warning] [Decorations] CAPPING events from decorations provider vscode.git 3649
[2022-10-09 16:04:21.438] [exthost] [warning] [Decorations] CAPPING events from decorations provider vscode.git 3649
[2022-10-09 16:04:27.065] [exthost] [warning] [Decorations] CAPPING events from decorations provider vscode.git 3650
[2022-10-09 16:04:32.189] [exthost] [warning] [Decorations] CAPPING events from decorations provider vscode.git 3650
[2022-10-09 16:04:37.327] [exthost] [warning] [Decorations] CAPPING events from decorations provider vscode.git 3650
[2022-10-09 16:04:42.456] [exthost] [warning] [Decorations] CAPPING events from decorations provider vscode.git 3650
[2022-10-09 16:04:47.558] [exthost] [warning] [Decorations] CAPPING events from decorations provider vscode.git 3650
[2022-10-09 16:04:52.660] [exthost] [warning] [Decorations] CAPPING events from decorations provider vscode.git 3650
[2022-10-09 16:04:57.769] [exthost] [warning] [Decorations] CAPPING events from decorations provider vscode.git 3650
[2022-10-09 16:05:02.875] [exthost] [warning] [Decorations] CAPPING events from decorations provider vscode.git 3650
[2022-10-09 16:05:07.977] [exthost] [warning] [Decorations] CAPPING events from decorations provider vscode.git 3650
[2022-10-09 16:05:13.078] [exthost] [warning] [Decorations] CAPPING events from decorations provider vscode.git 3650
[2022-10-09 16:05:18.182] [exthost] [warning] [Decorations] CAPPING events from decorations provider vscode.git 3650
[2022-10-09 16:05:23.306] [exthost] [warning] [Decorations] CAPPING events from decorations provider vscode.git 3650
[2022-10-09 16:05:28.407] [exthost] [warning] [Decorations] CAPPING events from decorations provider vscode.git 3650
[2022-10-09 16:05:33.540] [exthost] [warning] [Decorations] CAPPING events from decorations provider vscode.git 3650
[2022-10-09 16:05:38.640] [exthost] [warning] [Decorations] CAPPING events from decorations provider vscode.git 3650
[2022-10-09 16:05:43.770] [exthost] [warning] [Decorations] CAPPING events from decorations provider vscode.git 3650
[2022-10-09 16:05:48.875] [exthost] [warning] [Decorations] CAPPING events from decorations provider vscode.git 3650
[2022-10-09 16:05:53.993] [exthost] [warning] [Decorations] CAPPING events from decorations provider vscode.git 3650
[2022-10-09 16:05:59.095] [exthost] [warning] [Decorations] CAPPING events from decorations provider vscode.git 3650
[2022-10-09 16:06:04.226] [exthost] [warning] [Decorations] CAPPING events from decorations provider vscode.git 3650
[2022-10-09 16:06:09.326] [exthost] [warning] [Decorations] CAPPING events from decorations provider vscode.git 3650
[2022-10-09 16:06:14.452] [exthost] [warning] [Decorations] CAPPING events from decorations provider vscode.git 3650
[2022-10-09 16:06:19.551] [exthost] [warning] [Decorations] CAPPING events from decorations provider vscode.git 3650
[2022-10-09 16:06:24.683] [exthost] [warning] [Decorations] CAPPING events from decorations provider vscode.git 3650
[2022-10-09 16:06:29.794] [exthost] [warning] [Decorations] CAPPING events from decorations provider vscode.git 3650
[2022-10-09 16:06:34.924] [exthost] [warning] [Decorations] CAPPING events from decorations provider vscode.git 3651
[2022-10-09 16:06:40.026] [exthost] [warning] [Decorations] CAPPING events from decorations provider vscode.git 3651
[2022-10-09 16:06:45.129] [exthost] [warning] [Decorations] CAPPING events from decorations provider vscode.git 3651
[2022-10-09 16:06:56.848] [exthost] [warning] [Decorations] CAPPING events from decorations provider vscode.git 3651
[2022-10-09 16:07:01.964] [exthost] [warning] [Decorations] CAPPING events from decorations provider vscode.git 3652
[2022-10-09 16:07:07.853] [exthost] [warning] [Decorations] CAPPING events from decorations provider vscode.git 3653
[2022-10-09 16:07:12.975] [exthost] [warning] [Decorations] CAPPING events from decorations provider vscode.git 3653
[2022-10-09 16:07:18.081] [exthost] [warning] [Decorations] CAPPING events from decorations provider vscode.git 3653
[2022-10-09 16:07:23.217] [exthost] [warning] [Decorations] CAPPING events from decorations provider vscode.git 3654
[2022-10-09 16:07:28.866] [exthost] [warning] [Decorations] CAPPING events from decorations provider vscode.git 3654
[2022-10-09 16:07:33.978] [exthost] [warning] [Decorations] CAPPING events from decorations provider vscode.git 3654
[2022-10-09 16:07:39.079] [exthost] [warning] [Decorations] CAPPING events from decorations provider vscode.git 3654
[2022-10-09 16:07:44.191] [exthost] [warning] [Decorations] CAPPING events from decorations provider vscode.git 3654
[2022-10-09 16:07:49.301] [exthost] [warning] [Decorations] CAPPING events from decorations provider vscode.git 3654
[2022-10-09 16:07:54.433] [exthost] [warning] [Decorations] CAPPING events from decorations provider vscode.git 3654
[2022-10-09 16:07:59.533] [exthost] [warning] [Decorations] CAPPING events from decorations provider vscode.git 3654
[2022-10-09 16:08:04.634] [exthost] [warning] [Decorations] CAPPING events from decorations provider vscode.git 3654
[2022-10-09 16:08:09.739] [exthost] [warning] [Decorations] CAPPING events from decorations provider vscode.git 3654
[2022-10-09 16:08:14.867] [exthost] [warning] [Decorations] CAPPING events from decorations provider vscode.git 3654
[2022-10-09 16:08:19.980] [exthost] [warning] [Decorations] CAPPING events from decorations provider vscode.git 3654
[2022-10-09 16:08:25.107] [exthost] [warning] [Decorations] CAPPING events from decorations provider vscode.git 3654
[2022-10-09 16:08:30.214] [exthost] [warning] [Decorations] CAPPING events from decorations provider vscode.git 3654
[2022-10-09 16:08:35.317] [exthost] [warning] [Decorations] CAPPING events from decorations provider vscode.git 3654
[2022-10-09 16:08:40.424] [exthost] [warning] [Decorations] CAPPING events from decorations provider vscode.git 3654
[2022-10-09 16:08:45.559] [exthost] [warning] [Decorations] CAPPING events from decorations provider vscode.git 3654
[2022-10-09 16:08:50.661] [exthost] [warning] [Decorations] CAPPING events from decorations provider vscode.git 3654
[2022-10-09 16:08:55.789] [exthost] [warning] [Decorations] CAPPING events from decorations provider vscode.git 3654
[2022-10-09 16:09:00.897] [exthost] [warning] [Decorations] CAPPING events from decorations provider vscode.git 3654
[2022-10-09 16:09:06.003] [exthost] [warning] [Decorations] CAPPING events from decorations provider vscode.git 3654
[2022-10-09 16:09:11.103] [exthost] [warning] [Decorations] CAPPING events from decorations provider vscode.git 3654
[2022-10-09 16:09:16.209] [exthost] [warning] [Decorations] CAPPING events from decorations provider vscode.git 3654
[2022-10-09 16:09:21.316] [exthost] [warning] [Decorations] CAPPING events from decorations provider vscode.git 3654
[2022-10-09 16:09:26.450] [exthost] [warning] [Decorations] CAPPING events from decorations provider vscode.git 3654
[2022-10-09 16:09:31.577] [exthost] [warning] [Decorations] CAPPING events from decorations provider vscode.git 3655
[2022-10-09 16:09:36.681] [exthost] [warning] [Decorations] CAPPING events from decorations provider vscode.git 3655
[2022-10-09 16:09:46.318] [exthost] [warning] [Decorations] CAPPING events from decorations provider vscode.git 3655
[2022-10-09 16:09:51.419] [exthost] [warning] [Decorations] CAPPING events from decorations provider vscode.git 3655
[2022-10-09 16:09:56.523] [exthost] [warning] [Decorations] CAPPING events from decorations provider vscode.git 3655
[2022-10-09 16:10:04.335] [exthost] [warning] [Decorations] CAPPING events from decorations provider vscode.git 3655
[2022-10-09 16:10:09.446] [exthost] [warning] [Decorations] CAPPING events from decorations provider vscode.git 3655
[2022-10-09 16:10:14.558] [exthost] [warning] [Decorations] CAPPING events from decorations provider vscode.git 3655
[2022-10-09 16:10:19.691] [exthost] [warning] [Decorations] CAPPING events from decorations provider vscode.git 3655
[2022-10-09 16:10:24.825] [exthost] [warning] [Decorations] CAPPING events from decorations provider vscode.git 3655
[2022-10-09 16:10:36.437] [exthost] [warning] [Decorations] CAPPING events from decorations provider vscode.git 3655
[2022-10-09 16:10:41.545] [exthost] [warning] [Decorations] CAPPING events from decorations provider vscode.git 3655
[2022-10-09 16:10:46.651] [exthost] [warning] [Decorations] CAPPING events from decorations provider vscode.git 3655
[2022-10-09 16:10:51.760] [exthost] [warning] [Decorations] CAPPING events from decorations provider vscode.git 3655
[2022-10-09 16:10:56.866] [exthost] [warning] [Decorations] CAPPING events from decorations provider vscode.git 3655
[2022-10-09 16:11:01.970] [exthost] [warning] [Decorations] CAPPING events from decorations provider vscode.git 3655
[2022-10-09 16:11:07.085] [exthost] [warning] [Decorations] CAPPING events from decorations provider vscode.git 3655
[2022-10-09 16:11:12.206] [exthost] [warning] [Decorations] CAPPING events from decorations provider vscode.git 3655
[2022-10-09 16:11:17.321] [exthost] [warning] [Decorations] CAPPING events from decorations provider vscode.git 3655
[2022-10-09 16:11:22.438] [exthost] [warning] [Decorations] CAPPING events from decorations provider vscode.git 3655
[2022-10-09 16:11:27.550] [exthost] [warning] [Decorations] CAPPING events from decorations provider vscode.git 3655
[2022-10-09 16:11:32.681] [exthost] [warning] [Decorations] CAPPING events from decorations provider vscode.git 3655
[2022-10-09 16:11:37.791] [exthost] [warning] [Decorations] CAPPING events from decorations provider vscode.git 3655
[2022-10-09 16:11:42.895] [exthost] [warning] [Decorations] CAPPING events from decorations provider vscode.git 3655
[2022-10-09 16:11:47.998] [exthost] [warning] [Decorations] CAPPING events from decorations provider vscode.git 3655
[2022-10-09 16:11:53.129] [exthost] [warning] [Decorations] CAPPING events from decorations provider vscode.git 3655
[2022-10-09 16:11:58.752] [exthost] [warning] [Decorations] CAPPING events from decorations provider vscode.git 3655
[2022-10-09 16:12:03.889] [exthost] [warning] [Decorations] CAPPING events from decorations provider vscode.git 3655
[2022-10-09 16:12:08.993] [exthost] [warning] [Decorations] CAPPING events from decorations provider vscode.git 3655
[2022-10-09 16:12:14.093] [exthost] [warning] [Decorations] CAPPING events from decorations provider vscode.git 3655
[2022-10-09 16:12:19.193] [exthost] [warning] [Decorations] CAPPING events from decorations provider vscode.git 3655
[2022-10-09 16:12:25.848] [exthost] [warning] [Decorations] CAPPING events from decorations provider vscode.git 3655
[2022-10-09 16:12:30.951] [exthost] [warning] [Decorations] CAPPING events from decorations provider vscode.git 3655
[2022-10-09 16:12:36.055] [exthost] [warning] [Decorations] CAPPING events from decorations provider vscode.git 3655
[2022-10-09 16:12:41.155] [exthost] [warning] [Decorations] CAPPING events from decorations provider vscode.git 3655
[2022-10-09 16:12:46.285] [exthost] [warning] [Decorations] CAPPING events from decorations provider vscode.git 3655
[2022-10-09 16:12:51.388] [exthost] [warning] [Decorations] CAPPING events from decorations provider vscode.git 3655
[2022-10-09 16:12:56.497] [exthost] [warning] [Decorations] CAPPING events from decorations provider vscode.git 3655
[2022-10-09 16:13:01.599] [exthost] [warning] [Decorations] CAPPING events from decorations provider vscode.git 3655
[2022-10-09 16:13:06.730] [exthost] [warning] [Decorations] CAPPING events from decorations provider vscode.git 3655
[2022-10-09 16:13:11.831] [exthost] [warning] [Decorations] CAPPING events from decorations provider vscode.git 3655
[2022-10-09 16:13:16.938] [exthost] [warning] [Decorations] CAPPING events from decorations provider vscode.git 3655
[2022-10-09 16:13:22.042] [exthost] [warning] [Decorations] CAPPING events from decorations provider vscode.git 3655
[2022-10-09 16:13:27.171] [exthost] [warning] [Decorations] CAPPING events from decorations provider vscode.git 3655
[2022-10-09 16:13:32.273] [exthost] [warning] [Decorations] CAPPING events from decorations provider vscode.git 3655
[2022-10-09 16:13:37.376] [exthost] [warning] [Decorations] CAPPING events from decorations provider vscode.git 3655
[2022-10-09 16:13:42.484] [exthost] [warning] [Decorations] CAPPING events from decorations provider vscode.git 3655
[2022-10-09 16:13:50.695] [exthost] [warning] [Decorations] CAPPING events from decorations provider vscode.git 3655
[2022-10-09 16:13:57.610] [exthost] [warning] [Decorations] CAPPING events from decorations provider vscode.git 3655
[2022-10-09 16:14:04.666] [exthost] [warning] [Decorations] CAPPING events from decorations provider vscode.git 3655
[2022-10-09 16:14:11.658] [exthost] [warning] [Decorations] CAPPING events from decorations provider vscode.git 3655
[2022-10-09 16:14:18.615] [exthost] [warning] [Decorations] CAPPING events from decorations provider vscode.git 3655
[2022-10-09 16:14:25.556] [exthost] [warning] [Decorations] CAPPING events from decorations provider vscode.git 3655
[2022-10-09 16:14:32.563] [exthost] [warning] [Decorations] CAPPING events from decorations provider vscode.git 3655
[2022-10-09 16:14:39.438] [exthost] [warning] [Decorations] CAPPING events from decorations provider vscode.git 3655
[2022-10-09 16:14:46.657] [exthost] [warning] [Decorations] CAPPING events from decorations provider vscode.git 3655
[2022-10-09 16:14:53.548] [exthost] [warning] [Decorations] CAPPING events from decorations provider vscode.git 3655
[2022-10-09 16:15:01.085] [exthost] [warning] [Decorations] CAPPING events from decorations provider vscode.git 3655
[2022-10-09 16:15:08.220] [exthost] [warning] [Decorations] CAPPING events from decorations provider vscode.git 3655
[2022-10-09 16:15:15.235] [exthost] [warning] [Decorations] CAPPING events from decorations provider vscode.git 3656
[2022-10-09 16:15:22.405] [exthost] [warning] [Decorations] CAPPING events from decorations provider vscode.git 3656
[2022-10-09 16:15:29.209] [exthost] [warning] [Decorations] CAPPING events from decorations provider vscode.git 3656
[2022-10-09 16:15:35.999] [exthost] [warning] [Decorations] CAPPING events from decorations provider vscode.git 3656
[2022-10-09 16:15:42.933] [exthost] [warning] [Decorations] CAPPING events from decorations provider vscode.git 3656
[2022-10-09 16:15:49.819] [exthost] [warning] [Decorations] CAPPING events from decorations provider vscode.git 3656
[2022-10-09 16:15:56.789] [exthost] [warning] [Decorations] CAPPING events from decorations provider vscode.git 3656
[2022-10-09 16:16:03.592] [exthost] [warning] [Decorations] CAPPING events from decorations provider vscode.git 3656
[2022-10-09 16:16:10.411] [exthost] [warning] [Decorations] CAPPING events from decorations provider vscode.git 3656
[2022-10-09 16:16:17.201] [exthost] [warning] [Decorations] CAPPING events from decorations provider vscode.git 3656
[2022-10-09 16:16:24.015] [exthost] [warning] [Decorations] CAPPING events from decorations provider vscode.git 3656
[2022-10-09 16:16:30.835] [exthost] [warning] [Decorations] CAPPING events from decorations provider vscode.git 3656
[2022-10-09 16:16:37.630] [exthost] [warning] [Decorations] CAPPING events from decorations provider vscode.git 3656
[2022-10-09 16:16:44.444] [exthost] [warning] [Decorations] CAPPING events from decorations provider vscode.git 3656
[2022-10-09 16:16:51.290] [exthost] [warning] [Decorations] CAPPING events from decorations provider vscode.git 3656
[2022-10-09 16:16:58.110] [exthost] [warning] [Decorations] CAPPING events from decorations provider vscode.git 3656
[2022-10-09 16:17:04.904] [exthost] [warning] [Decorations] CAPPING events from decorations provider vscode.git 3656
[2022-10-09 16:17:11.702] [exthost] [warning] [Decorations] CAPPING events from decorations provider vscode.git 3656
[2022-10-09 16:17:18.619] [exthost] [warning] [Decorations] CAPPING events from decorations provider vscode.git 3656
[2022-10-09 16:17:26.063] [exthost] [warning] [Decorations] CAPPING events from decorations provider vscode.git 3657
[2022-10-09 16:17:33.202] [exthost] [warning] [Decorations] CAPPING events from decorations provider vscode.git 3657
[2022-10-09 16:17:40.085] [exthost] [warning] [Decorations] CAPPING events from decorations provider vscode.git 3657
[2022-10-09 16:17:47.018] [exthost] [warning] [Decorations] CAPPING events from decorations provider vscode.git 3658
[2022-10-09 16:17:53.853] [exthost] [warning] [Decorations] CAPPING events from decorations provider vscode.git 3658
[2022-10-09 16:18:00.673] [exthost] [warning] [Decorations] CAPPING events from decorations provider vscode.git 3658
[2022-10-09 16:18:07.474] [exthost] [warning] [Decorations] CAPPING events from decorations provider vscode.git 3658
[2022-10-09 16:18:14.299] [exthost] [warning] [Decorations] CAPPING events from decorations provider vscode.git 3658
[2022-10-09 16:18:21.092] [exthost] [warning] [Decorations] CAPPING events from decorations provider vscode.git 3658
[2022-10-09 16:18:28.469] [exthost] [warning] [Decorations] CAPPING events from decorations provider vscode.git 3658
[2022-10-09 16:18:36.186] [exthost] [warning] [Decorations] CAPPING events from decorations provider vscode.git 3658
[2022-10-09 16:18:43.030] [exthost] [warning] [Decorations] CAPPING events from decorations provider vscode.git 3658
[2022-10-09 16:18:49.867] [exthost] [warning] [Decorations] CAPPING events from decorations provider vscode.git 3658
[2022-10-09 16:18:56.683] [exthost] [warning] [Decorations] CAPPING events from decorations provider vscode.git 3658
[2022-10-09 16:19:03.594] [exthost] [warning] [Decorations] CAPPING events from decorations provider vscode.git 3658
[2022-10-09 16:19:10.598] [exthost] [warning] [Decorations] CAPPING events from decorations provider vscode.git 3658
[2022-10-09 16:19:17.445] [exthost] [warning] [Decorations] CAPPING events from decorations provider vscode.git 3658
[2022-10-09 16:19:24.351] [exthost] [warning] [Decorations] CAPPING events from decorations provider vscode.git 3658
[2022-10-09 16:19:30.947] [exthost] [warning] [Decorations] CAPPING events from decorations provider vscode.git 3658
[2022-10-09 16:19:36.052] [exthost] [warning] [Decorations] CAPPING events from decorations provider vscode.git 3658
[2022-10-09 16:19:41.169] [exthost] [warning] [Decorations] CAPPING events from decorations provider vscode.git 3658
[2022-10-09 16:19:46.283] [exthost] [warning] [Decorations] CAPPING events from decorations provider vscode.git 3658
[2022-10-09 16:19:52.987] [exthost] [warning] [Decorations] CAPPING events from decorations provider vscode.git 3658
[2022-10-09 16:19:58.088] [exthost] [warning] [Decorations] CAPPING events from decorations provider vscode.git 3658
[2022-10-09 16:20:03.190] [exthost] [warning] [Decorations] CAPPING events from decorations provider vscode.git 3658
[2022-10-09 16:20:08.294] [exthost] [warning] [Decorations] CAPPING events from decorations provider vscode.git 3658
[2022-10-09 16:20:13.398] [exthost] [warning] [Decorations] CAPPING events from decorations provider vscode.git 3658
[2022-10-09 16:20:20.022] [exthost] [warning] [Decorations] CAPPING events from decorations provider vscode.git 3658
[2022-10-09 16:20:25.128] [exthost] [warning] [Decorations] CAPPING events from decorations provider vscode.git 3658
[2022-10-09 16:20:30.264] [exthost] [warning] [Decorations] CAPPING events from decorations provider vscode.git 3658
[2022-10-09 16:20:35.370] [exthost] [warning] [Decorations] CAPPING events from decorations provider vscode.git 3658
[2022-10-09 16:20:40.501] [exthost] [warning] [Decorations] CAPPING events from decorations provider vscode.git 3658
[2022-10-09 16:20:45.618] [exthost] [warning] [Decorations] CAPPING events from decorations provider vscode.git 3658
[2022-10-09 16:20:50.729] [exthost] [warning] [Decorations] CAPPING events from decorations provider vscode.git 3658
[2022-10-09 16:20:55.832] [exthost] [warning] [Decorations] CAPPING events from decorations provider vscode.git 3658
[2022-10-09 16:21:00.955] [exthost] [warning] [Decorations] CAPPING events from decorations provider vscode.git 3658
[2022-10-09 16:21:06.056] [exthost] [warning] [Decorations] CAPPING events from decorations provider vscode.git 3658
[2022-10-09 16:21:11.189] [exthost] [warning] [Decorations] CAPPING events from decorations provider vscode.git 3658
[2022-10-09 16:21:16.294] [exthost] [warning] [Decorations] CAPPING events from decorations provider vscode.git 3658
[2022-10-09 16:21:21.427] [exthost] [warning] [Decorations] CAPPING events from decorations provider vscode.git 3658
[2022-10-09 16:21:26.538] [exthost] [warning] [Decorations] CAPPING events from decorations provider vscode.git 3658
[2022-10-09 16:21:31.667] [exthost] [warning] [Decorations] CAPPING events from decorations provider vscode.git 3658
[2022-10-09 16:21:36.770] [exthost] [warning] [Decorations] CAPPING events from decorations provider vscode.git 3658
[2022-10-09 16:21:41.899] [exthost] [warning] [Decorations] CAPPING events from decorations provider vscode.git 3658
[2022-10-09 16:21:47.007] [exthost] [warning] [Decorations] CAPPING events from decorations provider vscode.git 3658
[2022-10-09 16:21:54.665] [exthost] [warning] [Decorations] CAPPING events from decorations provider vscode.git 3658
[2022-10-09 16:21:59.768] [exthost] [warning] [Decorations] CAPPING events from decorations provider vscode.git 3658
[2022-10-09 16:22:04.901] [exthost] [warning] [Decorations] CAPPING events from decorations provider vscode.git 3658
[2022-10-09 16:22:10.011] [exthost] [warning] [Decorations] CAPPING events from decorations provider vscode.git 3658
[2022-10-09 16:22:15.146] [exthost] [warning] [Decorations] CAPPING events from decorations provider vscode.git 3658
[2022-10-09 16:22:20.252] [exthost] [warning] [Decorations] CAPPING events from decorations provider vscode.git 3658
[2022-10-09 16:22:25.388] [exthost] [warning] [Decorations] CAPPING events from decorations provider vscode.git 3658
[2022-10-09 16:22:30.494] [exthost] [warning] [Decorations] CAPPING events from decorations provider vscode.git 3658
[2022-10-09 16:22:35.626] [exthost] [warning] [Decorations] CAPPING events from decorations provider vscode.git 3658
[2022-10-09 16:22:40.731] [exthost] [warning] [Decorations] CAPPING events from decorations provider vscode.git 3658
[2022-10-09 16:22:45.844] [exthost] [warning] [Decorations] CAPPING events from decorations provider vscode.git 3658
[2022-10-09 16:22:51.001] [exthost] [warning] [Decorations] CAPPING events from decorations provider vscode.git 3658
[2022-10-09 16:22:56.173] [exthost] [warning] [Decorations] CAPPING events from decorations provider vscode.git 3658
[2022-10-09 16:23:01.288] [exthost] [warning] [Decorations] CAPPING events from decorations provider vscode.git 3658
[2022-10-09 16:23:06.424] [exthost] [warning] [Decorations] CAPPING events from decorations provider vscode.git 3658
[2022-10-09 16:23:11.648] [exthost] [warning] [Decorations] CAPPING events from decorations provider vscode.git 3658
[2022-10-09 16:23:16.800] [exthost] [warning] [Decorations] CAPPING events from decorations provider vscode.git 3658
[2022-10-09 16:23:21.953] [exthost] [warning] [Decorations] CAPPING events from decorations provider vscode.git 3658
[2022-10-09 16:23:27.082] [exthost] [warning] [Decorations] CAPPING events from decorations provider vscode.git 3658
[2022-10-09 16:23:32.194] [exthost] [warning] [Decorations] CAPPING events from decorations provider vscode.git 3658
[2022-10-09 16:23:37.316] [exthost] [warning] [Decorations] CAPPING events from decorations provider vscode.git 3658
[2022-10-09 16:23:42.436] [exthost] [warning] [Decorations] CAPPING events from decorations provider vscode.git 3658
[2022-10-09 16:23:47.578] [exthost] [warning] [Decorations] CAPPING events from decorations provider vscode.git 3658
[2022-10-09 16:23:52.695] [exthost] [warning] [Decorations] CAPPING events from decorations provider vscode.git 3658
[2022-10-09 16:23:57.863] [exthost] [warning] [Decorations] CAPPING events from decorations provider vscode.git 3658
[2022-10-09 16:24:03.004] [exthost] [warning] [Decorations] CAPPING events from decorations provider vscode.git 3658
[2022-10-09 16:24:08.160] [exthost] [warning] [Decorations] CAPPING events from decorations provider vscode.git 3658
[2022-10-09 16:24:13.271] [exthost] [warning] [Decorations] CAPPING events from decorations provider vscode.git 3658
[2022-10-09 16:24:18.381] [exthost] [warning] [Decorations] CAPPING events from decorations provider vscode.git 3658
[2022-10-09 16:24:23.493] [exthost] [warning] [Decorations] CAPPING events from decorations provider vscode.git 3658
[2022-10-09 16:24:28.637] [exthost] [warning] [Decorations] CAPPING events from decorations provider vscode.git 3658
[2022-10-09 16:24:33.746] [exthost] [warning] [Decorations] CAPPING events from decorations provider vscode.git 3658
[2022-10-09 16:24:38.882] [exthost] [warning] [Decorations] CAPPING events from decorations provider vscode.git 3658
[2022-10-09 16:24:44.027] [exthost] [warning] [Decorations] CAPPING events from decorations provider vscode.git 3658
[2022-10-09 16:24:49.250] [exthost] [warning] [Decorations] CAPPING events from decorations provider vscode.git 3658
[2022-10-09 16:24:54.362] [exthost] [warning] [Decorations] CAPPING events from decorations provider vscode.git 3658
[2022-10-09 16:24:59.496] [exthost] [warning] [Decorations] CAPPING events from decorations provider vscode.git 3658
[2022-10-09 16:25:04.612] [exthost] [warning] [Decorations] CAPPING events from decorations provider vscode.git 3658
[2022-10-09 16:25:09.723] [exthost] [warning] [Decorations] CAPPING events from decorations provider vscode.git 3658
[2022-10-09 16:25:14.835] [exthost] [warning] [Decorations] CAPPING events from decorations provider vscode.git 3658
[2022-10-09 16:25:19.966] [exthost] [warning] [Decorations] CAPPING events from decorations provider vscode.git 3658
[2022-10-09 16:25:25.116] [exthost] [warning] [Decorations] CAPPING events from decorations provider vscode.git 3658
[2022-10-09 16:25:30.252] [exthost] [warning] [Decorations] CAPPING events from decorations provider vscode.git 3658
[2022-10-09 16:25:35.364] [exthost] [warning] [Decorations] CAPPING events from decorations provider vscode.git 3658
[2022-10-09 16:25:40.489] [exthost] [warning] [Decorations] CAPPING events from decorations provider vscode.git 3658
[2022-10-09 16:25:45.616] [exthost] [warning] [Decorations] CAPPING events from decorations provider vscode.git 3658
[2022-10-09 16:25:50.775] [exthost] [warning] [Decorations] CAPPING events from decorations provider vscode.git 3658
[2022-10-09 16:25:55.924] [exthost] [warning] [Decorations] CAPPING events from decorations provider vscode.git 3658
[2022-10-09 16:26:01.038] [exthost] [warning] [Decorations] CAPPING events from decorations provider vscode.git 3658
[2022-10-09 16:26:06.172] [exthost] [warning] [Decorations] CAPPING events from decorations provider vscode.git 3658
[2022-10-09 16:26:11.325] [exthost] [warning] [Decorations] CAPPING events from decorations provider vscode.git 3658
[2022-10-09 16:26:16.466] [exthost] [warning] [Decorations] CAPPING events from decorations provider vscode.git 3658
[2022-10-09 16:26:21.614] [exthost] [warning] [Decorations] CAPPING events from decorations provider vscode.git 3658
[2022-10-09 16:26:26.722] [exthost] [warning] [Decorations] CAPPING events from decorations provider vscode.git 3658
[2022-10-09 16:26:31.860] [exthost] [warning] [Decorations] CAPPING events from decorations provider vscode.git 3658
[2022-10-09 16:26:36.975] [exthost] [warning] [Decorations] CAPPING events from decorations provider vscode.git 3658
[2022-10-09 16:26:42.112] [exthost] [warning] [Decorations] CAPPING events from decorations provider vscode.git 3658
[2022-10-09 16:26:47.218] [exthost] [warning] [Decorations] CAPPING events from decorations provider vscode.git 3658
[2022-10-09 16:26:52.325] [exthost] [warning] [Decorations] CAPPING events from decorations provider vscode.git 3658
[2022-10-09 16:26:57.434] [exthost] [warning] [Decorations] CAPPING events from decorations provider vscode.git 3658
[2022-10-09 16:27:02.543] [exthost] [warning] [Decorations] CAPPING events from decorations provider vscode.git 3658
[2022-10-09 16:27:07.674] [exthost] [warning] [Decorations] CAPPING events from decorations provider vscode.git 3658
[2022-10-09 16:27:12.780] [exthost] [warning] [Decorations] CAPPING events from decorations provider vscode.git 3658
[2022-10-09 16:27:17.896] [exthost] [warning] [Decorations] CAPPING events from decorations provider vscode.git 3658
[2022-10-09 16:27:23.006] [exthost] [warning] [Decorations] CAPPING events from decorations provider vscode.git 3658
[2022-10-09 16:27:28.121] [exthost] [warning] [Decorations] CAPPING events from decorations provider vscode.git 3658
[2022-10-09 16:27:33.253] [exthost] [warning] [Decorations] CAPPING events from decorations provider vscode.git 3658
[2022-10-09 16:27:38.359] [exthost] [warning] [Decorations] CAPPING events from decorations provider vscode.git 3658
[2022-10-09 16:27:43.548] [exthost] [warning] [Decorations] CAPPING events from decorations provider vscode.git 3658
[2022-10-09 16:27:48.694] [exthost] [warning] [Decorations] CAPPING events from decorations provider vscode.git 3658
[2022-10-09 16:27:53.825] [exthost] [warning] [Decorations] CAPPING events from decorations provider vscode.git 3658
[2022-10-09 16:27:58.944] [exthost] [warning] [Decorations] CAPPING events from decorations provider vscode.git 3658
[2022-10-09 16:28:04.063] [exthost] [warning] [Decorations] CAPPING events from decorations provider vscode.git 3658
[2022-10-09 16:28:09.233] [exthost] [warning] [Decorations] CAPPING events from decorations provider vscode.git 3658
[2022-10-09 16:28:14.382] [exthost] [warning] [Decorations] CAPPING events from decorations provider vscode.git 3658
[2022-10-09 16:28:19.488] [exthost] [warning] [Decorations] CAPPING events from decorations provider vscode.git 3658
[2022-10-09 16:28:24.602] [exthost] [warning] [Decorations] CAPPING events from decorations provider vscode.git 3658
[2022-10-09 16:28:29.714] [exthost] [warning] [Decorations] CAPPING events from decorations provider vscode.git 3658
[2022-10-09 17:13:09.954] [exthost] [warning] [Decorations] CAPPING events from decorations provider vscode.git 3658
[2022-10-09 17:13:15.850] [exthost] [warning] [Decorations] CAPPING events from decorations provider vscode.git 3658
[2022-10-09 17:13:20.999] [exthost] [warning] [Decorations] CAPPING events from decorations provider vscode.git 3658
[2022-10-09 17:13:26.877] [exthost] [warning] [Decorations] CAPPING events from decorations provider vscode.git 3658
[2022-10-09 17:13:32.002] [exthost] [warning] [Decorations] CAPPING events from decorations provider vscode.git 3658
[2022-10-09 17:13:37.107] [exthost] [warning] [Decorations] CAPPING events from decorations provider vscode.git 3658
[2022-10-09 17:13:42.219] [exthost] [warning] [Decorations] CAPPING events from decorations provider vscode.git 3658
[2022-10-09 17:13:47.331] [exthost] [warning] [Decorations] CAPPING events from decorations provider vscode.git 3658
[2022-10-09 17:13:52.439] [exthost] [warning] [Decorations] CAPPING events from decorations provider vscode.git 3658
[2022-10-09 17:13:57.544] [exthost] [warning] [Decorations] CAPPING events from decorations provider vscode.git 3658
[2022-10-09 17:14:02.671] [exthost] [warning] [Decorations] CAPPING events from decorations provider vscode.git 3658
[2022-10-09 17:14:07.775] [exthost] [warning] [Decorations] CAPPING events from decorations provider vscode.git 3658
[2022-10-09 17:14:12.935] [exthost] [warning] [Decorations] CAPPING events from decorations provider vscode.git 3658
[2022-10-09 17:14:20.279] [exthost] [warning] [Decorations] CAPPING events from decorations provider vscode.git 3658
[2022-10-09 17:14:27.799] [exthost] [warning] [Decorations] CAPPING events from decorations provider vscode.git 3658
[2022-10-09 17:18:16.422] [exthost] [warning] [Decorations] CAPPING events from decorations provider vscode.git 3658
[2022-10-09 17:18:47.106] [exthost] [warning] [Decorations] CAPPING events from decorations provider vscode.git 3658
[2022-10-09 17:19:02.259] [exthost] [warning] [Decorations] CAPPING events from decorations provider vscode.git 3658
[2022-10-09 17:19:15.677] [exthost] [warning] [Decorations] CAPPING events from decorations provider vscode.git 3658
[2022-10-09 17:19:28.119] [exthost] [warning] [Decorations] CAPPING events from decorations provider vscode.git 3658
[2022-10-09 17:19:35.972] [exthost] [warning] [Decorations] CAPPING events from decorations provider vscode.git 3658
[2022-10-09 17:19:43.879] [exthost] [warning] [Decorations] CAPPING events from decorations provider vscode.git 3658
[2022-10-09 17:19:51.478] [exthost] [warning] [Decorations] CAPPING events from decorations provider vscode.git 3660
[2022-10-09 17:20:00.127] [exthost] [warning] [Decorations] CAPPING events from decorations provider vscode.git 3660
[2022-10-09 17:20:07.458] [exthost] [warning] [Decorations] CAPPING events from decorations provider vscode.git 3660
[2022-10-09 17:20:15.424] [exthost] [warning] [Decorations] CAPPING events from decorations provider vscode.git 3660
[2022-10-09 17:20:23.945] [exthost] [warning] [Decorations] CAPPING events from decorations provider vscode.git 3661
[2022-10-09 17:20:31.191] [exthost] [warning] [Decorations] CAPPING events from decorations provider vscode.git 3661
[2022-10-09 17:20:38.711] [exthost] [warning] [Decorations] CAPPING events from decorations provider vscode.git 3661
[2022-10-09 17:20:46.103] [exthost] [warning] [Decorations] CAPPING events from decorations provider vscode.git 3661
[2022-10-09 17:20:53.372] [exthost] [warning] [Decorations] CAPPING events from decorations provider vscode.git 3661
[2022-10-09 17:21:00.304] [exthost] [warning] [Decorations] CAPPING events from decorations provider vscode.git 3661
[2022-10-09 17:21:07.079] [exthost] [warning] [Decorations] CAPPING events from decorations provider vscode.git 3661
[2022-10-09 17:21:13.895] [exthost] [warning] [Decorations] CAPPING events from decorations provider vscode.git 3661
[2022-10-09 17:21:20.713] [exthost] [warning] [Decorations] CAPPING events from decorations provider vscode.git 3661
[2022-10-09 17:21:27.616] [exthost] [warning] [Decorations] CAPPING events from decorations provider vscode.git 3661
[2022-10-09 17:21:34.589] [exthost] [warning] [Decorations] CAPPING events from decorations provider vscode.git 3661
[2022-10-09 17:21:41.439] [exthost] [warning] [Decorations] CAPPING events from decorations provider vscode.git 3661
[2022-10-09 17:21:48.372] [exthost] [warning] [Decorations] CAPPING events from decorations provider vscode.git 3661
[2022-10-09 17:21:55.226] [exthost] [warning] [Decorations] CAPPING events from decorations provider vscode.git 3661
[2022-10-09 17:22:02.209] [exthost] [warning] [Decorations] CAPPING events from decorations provider vscode.git 3662
[2022-10-09 17:22:09.526] [exthost] [warning] [Decorations] CAPPING events from decorations provider vscode.git 3662
[2022-10-09 17:22:16.445] [exthost] [warning] [Decorations] CAPPING events from decorations provider vscode.git 3662
[2022-10-09 17:22:23.379] [exthost] [warning] [Decorations] CAPPING events from decorations provider vscode.git 3662
[2022-10-09 17:22:30.258] [exthost] [warning] [Decorations] CAPPING events from decorations provider vscode.git 3662
[2022-10-09 17:22:37.414] [exthost] [warning] [Decorations] CAPPING events from decorations provider vscode.git 3662
[2022-10-09 17:22:44.585] [exthost] [warning] [Decorations] CAPPING events from decorations provider vscode.git 3662
[2022-10-09 17:22:51.519] [exthost] [warning] [Decorations] CAPPING events from decorations provider vscode.git 3663
[2022-10-09 17:22:58.441] [exthost] [warning] [Decorations] CAPPING events from decorations provider vscode.git 3664
[2022-10-09 17:23:05.326] [exthost] [warning] [Decorations] CAPPING events from decorations provider vscode.git 3664
[2022-10-09 17:23:12.120] [exthost] [warning] [Decorations] CAPPING events from decorations provider vscode.git 3664
[2022-10-09 17:23:18.953] [exthost] [warning] [Decorations] CAPPING events from decorations provider vscode.git 3664
[2022-10-09 17:23:25.752] [exthost] [warning] [Decorations] CAPPING events from decorations provider vscode.git 3664
[2022-10-09 17:23:32.666] [exthost] [warning] [Decorations] CAPPING events from decorations provider vscode.git 3664
[2022-10-09 17:23:39.666] [exthost] [warning] [Decorations] CAPPING events from decorations provider vscode.git 3664
[2022-10-09 17:23:47.333] [exthost] [warning] [Decorations] CAPPING events from decorations provider vscode.git 3664
[2022-10-09 17:23:54.251] [exthost] [warning] [Decorations] CAPPING events from decorations provider vscode.git 3664
[2022-10-09 17:24:01.035] [exthost] [warning] [Decorations] CAPPING events from decorations provider vscode.git 3664
[2022-10-09 17:24:07.876] [exthost] [warning] [Decorations] CAPPING events from decorations provider vscode.git 3664
[2022-10-09 17:24:14.782] [exthost] [warning] [Decorations] CAPPING events from decorations provider vscode.git 3664
[2022-10-09 17:24:21.648] [exthost] [warning] [Decorations] CAPPING events from decorations provider vscode.git 3664
[2022-10-09 17:24:28.504] [exthost] [warning] [Decorations] CAPPING events from decorations provider vscode.git 3664
[2022-10-09 17:24:35.312] [exthost] [warning] [Decorations] CAPPING events from decorations provider vscode.git 3664
[2022-10-09 17:24:42.132] [exthost] [warning] [Decorations] CAPPING events from decorations provider vscode.git 3664
[2022-10-09 17:24:53.454] [exthost] [warning] [Decorations] CAPPING events from decorations provider vscode.git 3664
[2022-10-09 17:25:00.350] [exthost] [warning] [Decorations] CAPPING events from decorations provider vscode.git 3664
[2022-10-09 17:25:07.207] [exthost] [warning] [Decorations] CAPPING events from decorations provider vscode.git 3664
[2022-10-09 17:25:14.248] [exthost] [warning] [Decorations] CAPPING events from decorations provider vscode.git 3664
[2022-10-09 17:25:21.103] [exthost] [warning] [Decorations] CAPPING events from decorations provider vscode.git 3664
[2022-10-09 17:25:27.923] [exthost] [warning] [Decorations] CAPPING events from decorations provider vscode.git 3664
[2022-10-09 17:25:34.757] [exthost] [warning] [Decorations] CAPPING events from decorations provider vscode.git 3664
[2022-10-09 17:25:41.569] [exthost] [warning] [Decorations] CAPPING events from decorations provider vscode.git 3664
[2022-10-09 17:25:48.515] [exthost] [warning] [Decorations] CAPPING events from decorations provider vscode.git 3664
[2022-10-09 17:25:55.560] [exthost] [warning] [Decorations] CAPPING events from decorations provider vscode.git 3664
[2022-10-09 17:26:02.454] [exthost] [warning] [Decorations] CAPPING events from decorations provider vscode.git 3664
[2022-10-09 17:26:09.330] [exthost] [warning] [Decorations] CAPPING events from decorations provider vscode.git 3664
[2022-10-09 17:26:16.153] [exthost] [warning] [Decorations] CAPPING events from decorations provider vscode.git 3664
[2022-10-09 17:26:22.967] [exthost] [warning] [Decorations] CAPPING events from decorations provider vscode.git 3664
[2022-10-09 17:26:29.799] [exthost] [warning] [Decorations] CAPPING events from decorations provider vscode.git 3664
[2022-10-09 17:26:36.633] [exthost] [warning] [Decorations] CAPPING events from decorations provider vscode.git 3664
[2022-10-09 17:26:44.178] [exthost] [warning] [Decorations] CAPPING events from decorations provider vscode.git 3664
[2022-10-09 17:26:51.524] [exthost] [warning] [Decorations] CAPPING events from decorations provider vscode.git 3664
[2022-10-09 17:26:58.452] [exthost] [warning] [Decorations] CAPPING events from decorations provider vscode.git 3664
[2022-10-09 17:27:08.530] [exthost] [warning] [Decorations] CAPPING events from decorations provider vscode.git 3664
[2022-10-09 17:27:15.407] [exthost] [warning] [Decorations] CAPPING events from decorations provider vscode.git 3664
[2022-10-09 17:27:22.384] [exthost] [warning] [Decorations] CAPPING events from decorations provider vscode.git 3664
[2022-10-09 17:27:29.408] [exthost] [warning] [Decorations] CAPPING events from decorations provider vscode.git 3664
[2022-10-09 17:27:36.496] [exthost] [warning] [Decorations] CAPPING events from decorations provider vscode.git 3664
[2022-10-09 17:27:47.658] [exthost] [warning] [Decorations] CAPPING events from decorations provider vscode.git 3664
[2022-10-09 17:27:55.016] [exthost] [warning] [Decorations] CAPPING events from decorations provider vscode.git 3665
[2022-10-09 17:28:01.980] [exthost] [warning] [Decorations] CAPPING events from decorations provider vscode.git 3665
[2022-10-09 17:28:08.769] [exthost] [warning] [Decorations] CAPPING events from decorations provider vscode.git 3665
[2022-10-09 17:28:15.555] [exthost] [warning] [Decorations] CAPPING events from decorations provider vscode.git 3665
[2022-10-09 17:28:22.468] [exthost] [warning] [Decorations] CAPPING events from decorations provider vscode.git 3665
[2022-10-09 17:28:30.385] [exthost] [warning] [Decorations] CAPPING events from decorations provider vscode.git 3665
[2022-10-09 17:28:37.574] [exthost] [warning] [Decorations] CAPPING events from decorations provider vscode.git 3665
[2022-10-09 17:28:44.567] [exthost] [warning] [Decorations] CAPPING events from decorations provider vscode.git 3665
[2022-10-09 17:28:51.652] [exthost] [warning] [Decorations] CAPPING events from decorations provider vscode.git 3665
[2022-10-09 17:28:58.609] [exthost] [warning] [Decorations] CAPPING events from decorations provider vscode.git 3665
[2022-10-09 17:29:05.633] [exthost] [warning] [Decorations] CAPPING events from decorations provider vscode.git 3665
[2022-10-09 17:29:12.452] [exthost] [warning] [Decorations] CAPPING events from decorations provider vscode.git 3665
[2022-10-09 17:29:19.274] [exthost] [warning] [Decorations] CAPPING events from decorations provider vscode.git 3665
[2022-10-09 17:29:26.082] [exthost] [warning] [Decorations] CAPPING events from decorations provider vscode.git 3665
[2022-10-09 17:29:32.970] [exthost] [warning] [Decorations] CAPPING events from decorations provider vscode.git 3665
[2022-10-09 17:29:40.060] [exthost] [warning] [Decorations] CAPPING events from decorations provider vscode.git 3665
[2022-10-09 17:29:54.100] [exthost] [warning] [Decorations] CAPPING events from decorations provider vscode.git 3665
[2022-10-09 17:30:54.379] [exthost] [warning] [Decorations] CAPPING events from decorations provider vscode.git 3665
[2022-10-09 17:31:01.549] [exthost] [warning] [Decorations] CAPPING events from decorations provider vscode.git 3665
[2022-10-09 17:31:08.356] [exthost] [warning] [Decorations] CAPPING events from decorations provider vscode.git 3665
[2022-10-09 17:31:15.167] [exthost] [warning] [Decorations] CAPPING events from decorations provider vscode.git 3665
[2022-10-09 17:31:22.004] [exthost] [warning] [Decorations] CAPPING events from decorations provider vscode.git 3665
[2022-10-09 17:31:28.778] [exthost] [warning] [Decorations] CAPPING events from decorations provider vscode.git 3665
[2022-10-09 17:31:35.554] [exthost] [warning] [Decorations] CAPPING events from decorations provider vscode.git 3665
[2022-10-09 17:31:42.394] [exthost] [warning] [Decorations] CAPPING events from decorations provider vscode.git 3665
[2022-10-09 17:31:49.172] [exthost] [warning] [Decorations] CAPPING events from decorations provider vscode.git 3665
[2022-10-09 17:31:56.093] [exthost] [warning] [Decorations] CAPPING events from decorations provider vscode.git 3665
[2022-10-09 17:32:03.035] [exthost] [warning] [Decorations] CAPPING events from decorations provider vscode.git 3665
[2022-10-09 17:32:09.888] [exthost] [warning] [Decorations] CAPPING events from decorations provider vscode.git 3665
[2022-10-09 17:32:16.709] [exthost] [warning] [Decorations] CAPPING events from decorations provider vscode.git 3665
[2022-10-09 17:32:23.696] [exthost] [warning] [Decorations] CAPPING events from decorations provider vscode.git 3665
[2022-10-09 17:33:16.790] [exthost] [warning] [Decorations] CAPPING events from decorations provider vscode.git 3665
[2022-10-09 17:33:32.187] [exthost] [warning] [Decorations] CAPPING events from decorations provider vscode.git 3666
[2022-10-09 17:33:44.560] [exthost] [warning] [Decorations] CAPPING events from decorations provider vscode.git 3666
[2022-10-09 17:33:51.696] [exthost] [warning] [Decorations] CAPPING events from decorations provider vscode.git 3666
[2022-10-09 17:33:58.539] [exthost] [warning] [Decorations] CAPPING events from decorations provider vscode.git 3666
[2022-10-09 17:34:05.388] [exthost] [warning] [Decorations] CAPPING events from decorations provider vscode.git 3666
[2022-10-09 17:34:12.247] [exthost] [warning] [Decorations] CAPPING events from decorations provider vscode.git 3666
[2022-10-09 17:34:19.087] [exthost] [warning] [Decorations] CAPPING events from decorations provider vscode.git 3666
[2022-10-09 17:34:25.999] [exthost] [warning] [Decorations] CAPPING events from decorations provider vscode.git 3666
[2022-10-09 17:34:32.844] [exthost] [warning] [Decorations] CAPPING events from decorations provider vscode.git 3666
[2022-10-09 17:34:39.728] [exthost] [warning] [Decorations] CAPPING events from decorations provider vscode.git 3666
[2022-10-09 17:34:47.542] [exthost] [warning] [Decorations] CAPPING events from decorations provider vscode.git 3666
[2022-10-09 17:34:54.400] [exthost] [warning] [Decorations] CAPPING events from decorations provider vscode.git 3666
[2022-10-09 17:35:01.488] [exthost] [warning] [Decorations] CAPPING events from decorations provider vscode.git 3666
[2022-10-09 17:57:49.858] [exthost] [warning] [Decorations] CAPPING events from decorations provider vscode.git 3666
[2022-10-09 17:57:58.179] [exthost] [warning] [Decorations] CAPPING events from decorations provider vscode.git 3666
[2022-10-09 17:58:05.615] [exthost] [warning] [Decorations] CAPPING events from decorations provider vscode.git 3666
[2022-10-09 17:58:14.531] [exthost] [warning] [Decorations] CAPPING events from decorations provider vscode.git 3666
[2022-10-09 17:58:21.599] [exthost] [warning] [Decorations] CAPPING events from decorations provider vscode.git 3666
[2022-10-09 17:58:28.519] [exthost] [warning] [Decorations] CAPPING events from decorations provider vscode.git 3666
[2022-10-09 17:58:36.000] [exthost] [warning] [Decorations] CAPPING events from decorations provider vscode.git 3666
[2022-10-09 17:58:43.355] [exthost] [warning] [Decorations] CAPPING events from decorations provider vscode.git 3666
[2022-10-09 17:58:50.424] [exthost] [warning] [Decorations] CAPPING events from decorations provider vscode.git 3666
[2022-10-09 17:58:57.284] [exthost] [warning] [Decorations] CAPPING events from decorations provider vscode.git 3666
[2022-10-09 17:59:04.454] [exthost] [warning] [Decorations] CAPPING events from decorations provider vscode.git 3666
[2022-10-09 17:59:11.607] [exthost] [warning] [Decorations] CAPPING events from decorations provider vscode.git 3666
[2022-10-09 17:59:18.417] [exthost] [warning] [Decorations] CAPPING events from decorations provider vscode.git 3666
[2022-10-09 17:59:25.231] [exthost] [warning] [Decorations] CAPPING events from decorations provider vscode.git 3666
[2022-10-09 17:59:32.138] [exthost] [warning] [Decorations] CAPPING events from decorations provider vscode.git 3666
[2022-10-09 17:59:39.181] [exthost] [warning] [Decorations] CAPPING events from decorations provider vscode.git 3666
[2022-10-09 17:59:46.242] [exthost] [warning] [Decorations] CAPPING events from decorations provider vscode.git 3666
[2022-10-09 17:59:53.226] [exthost] [warning] [Decorations] CAPPING events from decorations provider vscode.git 3666
[2022-10-09 18:00:00.411] [exthost] [warning] [Decorations] CAPPING events from decorations provider vscode.git 3666
[2022-10-09 18:00:07.406] [exthost] [warning] [Decorations] CAPPING events from decorations provider vscode.git 3666
[2022-10-09 18:00:14.593] [exthost] [warning] [Decorations] CAPPING events from decorations provider vscode.git 3666
[2022-10-09 18:00:21.981] [exthost] [warning] [Decorations] CAPPING events from decorations provider vscode.git 3666
[2022-10-09 18:00:28.858] [exthost] [warning] [Decorations] CAPPING events from decorations provider vscode.git 3666
[2022-10-09 18:00:35.897] [exthost] [warning] [Decorations] CAPPING events from decorations provider vscode.git 3666
[2022-10-09 18:00:42.782] [exthost] [warning] [Decorations] CAPPING events from decorations provider vscode.git 3666
[2022-10-09 18:00:49.706] [exthost] [warning] [Decorations] CAPPING events from decorations provider vscode.git 3666
[2022-10-09 18:00:56.698] [exthost] [warning] [Decorations] CAPPING events from decorations provider vscode.git 3666
[2022-10-09 18:01:03.782] [exthost] [warning] [Decorations] CAPPING events from decorations provider vscode.git 3666
[2022-10-09 18:01:10.676] [exthost] [warning] [Decorations] CAPPING events from decorations provider vscode.git 3666
[2022-10-09 18:01:17.486] [exthost] [warning] [Decorations] CAPPING events from decorations provider vscode.git 3666
[2022-10-09 18:01:24.347] [exthost] [warning] [Decorations] CAPPING events from decorations provider vscode.git 3666
[2022-10-09 18:01:31.619] [exthost] [warning] [Decorations] CAPPING events from decorations provider vscode.git 3666
[2022-10-09 18:01:39.420] [exthost] [warning] [Decorations] CAPPING events from decorations provider vscode.git 3666
[2022-10-09 18:01:48.398] [exthost] [warning] [Decorations] CAPPING events from decorations provider vscode.git 3666
[2022-10-09 18:01:55.514] [exthost] [warning] [Decorations] CAPPING events from decorations provider vscode.git 3666
[2022-10-09 18:02:02.384] [exthost] [warning] [Decorations] CAPPING events from decorations provider vscode.git 3666
[2022-10-09 18:02:09.212] [exthost] [warning] [Decorations] CAPPING events from decorations provider vscode.git 3666
[2022-10-09 18:02:16.036] [exthost] [warning] [Decorations] CAPPING events from decorations provider vscode.git 3666
[2022-10-09 18:02:22.850] [exthost] [warning] [Decorations] CAPPING events from decorations provider vscode.git 3666
[2022-10-09 18:02:29.802] [exthost] [warning] [Decorations] CAPPING events from decorations provider vscode.git 3666
[2022-10-09 18:02:36.839] [exthost] [warning] [Decorations] CAPPING events from decorations provider vscode.git 3666
[2022-10-09 18:02:43.790] [exthost] [warning] [Decorations] CAPPING events from decorations provider vscode.git 3666
[2022-10-09 18:02:50.923] [exthost] [warning] [Decorations] CAPPING events from decorations provider vscode.git 3666
[2022-10-09 18:02:58.000] [exthost] [warning] [Decorations] CAPPING events from decorations provider vscode.git 3666
[2022-10-09 18:03:04.861] [exthost] [warning] [Decorations] CAPPING events from decorations provider vscode.git 3666
[2022-10-09 18:03:11.676] [exthost] [warning] [Decorations] CAPPING events from decorations provider vscode.git 3666
[2022-10-09 18:03:18.720] [exthost] [warning] [Decorations] CAPPING events from decorations provider vscode.git 3666
[2022-10-09 18:03:25.568] [exthost] [warning] [Decorations] CAPPING events from decorations provider vscode.git 3666
[2022-10-09 18:03:32.361] [exthost] [warning] [Decorations] CAPPING events from decorations provider vscode.git 3666
[2022-10-09 18:03:39.237] [exthost] [warning] [Decorations] CAPPING events from decorations provider vscode.git 3666
[2022-10-09 18:03:47.008] [exthost] [warning] [Decorations] CAPPING events from decorations provider vscode.git 3666
[2022-10-09 18:03:53.997] [exthost] [warning] [Decorations] CAPPING events from decorations provider vscode.git 3666
[2022-10-09 18:04:00.886] [exthost] [warning] [Decorations] CAPPING events from decorations provider vscode.git 3666
[2022-10-09 18:04:07.726] [exthost] [warning] [Decorations] CAPPING events from decorations provider vscode.git 3666
[2022-10-09 18:04:14.673] [exthost] [warning] [Decorations] CAPPING events from decorations provider vscode.git 3666
[2022-10-09 18:04:21.641] [exthost] [warning] [Decorations] CAPPING events from decorations provider vscode.git 3666
[2022-10-09 18:04:28.537] [exthost] [warning] [Decorations] CAPPING events from decorations provider vscode.git 3666
[2022-10-09 18:04:35.554] [exthost] [warning] [Decorations] CAPPING events from decorations provider vscode.git 3666
[2022-10-09 18:04:42.493] [exthost] [warning] [Decorations] CAPPING events from decorations provider vscode.git 3666
[2022-10-09 18:04:49.396] [exthost] [warning] [Decorations] CAPPING events from decorations provider vscode.git 3666
[2022-10-09 18:04:56.170] [exthost] [warning] [Decorations] CAPPING events from decorations provider vscode.git 3666
[2022-10-09 18:05:02.966] [exthost] [warning] [Decorations] CAPPING events from decorations provider vscode.git 3666
[2022-10-09 18:05:09.801] [exthost] [warning] [Decorations] CAPPING events from decorations provider vscode.git 3666
[2022-10-09 18:05:16.588] [exthost] [warning] [Decorations] CAPPING events from decorations provider vscode.git 3666
[2022-10-09 18:05:23.627] [exthost] [warning] [Decorations] CAPPING events from decorations provider vscode.git 3666
[2022-10-09 18:05:30.739] [exthost] [warning] [Decorations] CAPPING events from decorations provider vscode.git 3666
[2022-10-09 18:05:37.935] [exthost] [warning] [Decorations] CAPPING events from decorations provider vscode.git 3666
[2022-10-09 18:05:44.752] [exthost] [warning] [Decorations] CAPPING events from decorations provider vscode.git 3666
[2022-10-09 18:05:51.598] [exthost] [warning] [Decorations] CAPPING events from decorations provider vscode.git 3666
[2022-10-09 18:05:58.490] [exthost] [warning] [Decorations] CAPPING events from decorations provider vscode.git 3666
[2022-10-09 18:06:05.715] [exthost] [warning] [Decorations] CAPPING events from decorations provider vscode.git 3666
[2022-10-09 18:06:12.527] [exthost] [warning] [Decorations] CAPPING events from decorations provider vscode.git 3666
[2022-10-09 18:06:19.462] [exthost] [warning] [Decorations] CAPPING events from decorations provider vscode.git 3666
[2022-10-09 18:06:36.095] [exthost] [warning] [Decorations] CAPPING events from decorations provider vscode.git 3666
