[2022-10-09 14:44:33.689] [exthost] [info] Extension host with pid 98 started
[2022-10-09 14:44:33.819] [exthost] [info] ExtensionService#_doActivateExtension vscode.debug-auto-launch, startup: true, activationEvent: '*'
[2022-10-09 14:44:33.821] [exthost] [info] ExtensionService#_doActivateExtension vscode.git-base, startup: true, activationEvent: '*', root cause: vscode.git
[2022-10-09 14:44:33.821] [exthost] [info] ExtensionService#_doActivateExtension vscode.ipynb, startup: true, activationEvent: '*'
[2022-10-09 14:44:34.754] [exthost] [info] Lock '/home/oluwatobi/.vscode-server/data/User/workspaceStorage/b56a93bd1fc5896f5c718e2cd8a128a6/vscode.lock': Lock acquired.
[2022-10-09 14:44:34.846] [exthost] [info] ExtensionService#_doActivateExtension vscode.git, startup: true, activationEvent: '*'
[2022-10-09 14:44:34.848] [exthost] [info] ExtensionService#_doActivateExtension vscode.github, startup: true, activationEvent: '*'
[2022-10-09 14:44:36.059] [exthost] [info] ExtensionService#_doActivateExtension vscode.emmet, startup: false, activationEvent: 'onStartupFinished'
[2022-10-09 14:44:36.060] [exthost] [info] ExtensionService#_doActivateExtension vscode.merge-conflict, startup: false, activationEvent: 'onStartupFinished'
[2022-10-09 14:44:36.061] [exthost] [info] Eager extensions activated
[2022-10-09 14:44:47.701] [exthost] [warning] [Decorations] CAPPING events from decorations provider vscode.git 3628
[2022-10-09 14:44:48.689] [exthost] [warning] [Decorations] CAPPING events from decorations provider vscode.git 3628
[2022-10-09 14:44:58.815] [exthost] [warning] [Decorations] CAPPING events from decorations provider vscode.git 3628
[2022-10-09 14:45:05.852] [exthost] [warning] [Decorations] CAPPING events from decorations provider vscode.git 3628
[2022-10-09 14:45:11.107] [exthost] [warning] [Decorations] CAPPING events from decorations provider vscode.git 3628
[2022-10-09 14:45:16.296] [exthost] [warning] [Decorations] CAPPING events from decorations provider vscode.git 3628
[2022-10-09 14:45:21.579] [exthost] [warning] [Decorations] CAPPING events from decorations provider vscode.git 3628
[2022-10-09 14:45:46.017] [exthost] [warning] [Decorations] CAPPING events from decorations provider vscode.git 3628
[2022-10-09 14:45:51.909] [exthost] [warning] [Decorations] CAPPING events from decorations provider vscode.git 3628
[2022-10-09 14:45:57.855] [exthost] [warning] [Decorations] CAPPING events from decorations provider vscode.git 3628
[2022-10-09 14:46:03.817] [exthost] [warning] [Decorations] CAPPING events from decorations provider vscode.git 3628
[2022-10-09 14:46:09.670] [exthost] [warning] [Decorations] CAPPING events from decorations provider vscode.git 3628
[2022-10-09 14:46:16.974] [exthost] [warning] [Decorations] CAPPING events from decorations provider vscode.git 3628
[2022-10-09 14:46:22.240] [exthost] [warning] [Decorations] CAPPING events from decorations provider vscode.git 3628
[2022-10-09 14:46:28.102] [exthost] [warning] [Decorations] CAPPING events from decorations provider vscode.git 3628
[2022-10-09 14:46:33.343] [exthost] [warning] [Decorations] CAPPING events from decorations provider vscode.git 3628
[2022-10-09 14:46:39.084] [exthost] [warning] [Decorations] CAPPING events from decorations provider vscode.git 3628
[2022-10-09 14:46:44.316] [exthost] [warning] [Decorations] CAPPING events from decorations provider vscode.git 3630
[2022-10-09 14:46:51.250] [exthost] [warning] [Decorations] CAPPING events from decorations provider vscode.git 3630
[2022-10-09 14:46:56.460] [exthost] [warning] [Decorations] CAPPING events from decorations provider vscode.git 3630
[2022-10-09 14:47:02.396] [exthost] [warning] [Decorations] CAPPING events from decorations provider vscode.git 3630
[2022-10-09 14:47:07.628] [exthost] [warning] [Decorations] CAPPING events from decorations provider vscode.git 3630
[2022-10-09 14:47:12.887] [exthost] [warning] [Decorations] CAPPING events from decorations provider vscode.git 3630
[2022-10-09 14:47:19.804] [exthost] [warning] [Decorations] CAPPING events from decorations provider vscode.git 3630
[2022-10-09 14:47:25.015] [exthost] [warning] [Decorations] CAPPING events from decorations provider vscode.git 3630
[2022-10-09 14:47:30.260] [exthost] [warning] [Decorations] CAPPING events from decorations provider vscode.git 3630
[2022-10-09 14:47:35.551] [exthost] [warning] [Decorations] CAPPING events from decorations provider vscode.git 3631
[2022-10-09 14:47:42.404] [exthost] [warning] [Decorations] CAPPING events from decorations provider vscode.git 3631
[2022-10-09 14:47:48.419] [exthost] [warning] [Decorations] CAPPING events from decorations provider vscode.git 3631
[2022-10-09 14:47:55.492] [exthost] [warning] [Decorations] CAPPING events from decorations provider vscode.git 3631
[2022-10-09 14:48:00.693] [exthost] [warning] [Decorations] CAPPING events from decorations provider vscode.git 3631
[2022-10-09 14:48:07.652] [exthost] [warning] [Decorations] CAPPING events from decorations provider vscode.git 3631
[2022-10-09 14:48:12.895] [exthost] [warning] [Decorations] CAPPING events from decorations provider vscode.git 3631
[2022-10-09 14:48:20.857] [exthost] [warning] [Decorations] CAPPING events from decorations provider vscode.git 3631
[2022-10-09 14:48:26.207] [exthost] [warning] [Decorations] CAPPING events from decorations provider vscode.git 3631
[2022-10-09 14:48:31.955] [exthost] [warning] [Decorations] CAPPING events from decorations provider vscode.git 3631
[2022-10-09 14:48:37.200] [exthost] [warning] [Decorations] CAPPING events from decorations provider vscode.git 3632
[2022-10-09 14:48:42.507] [exthost] [warning] [Decorations] CAPPING events from decorations provider vscode.git 3632
[2022-10-09 14:48:47.726] [exthost] [warning] [Decorations] CAPPING events from decorations provider vscode.git 3632
[2022-10-09 14:48:52.964] [exthost] [warning] [Decorations] CAPPING events from decorations provider vscode.git 3632
[2022-10-09 14:48:58.221] [exthost] [warning] [Decorations] CAPPING events from decorations provider vscode.git 3632
[2022-10-09 14:49:03.422] [exthost] [warning] [Decorations] CAPPING events from decorations provider vscode.git 3632
[2022-10-09 14:49:08.635] [exthost] [warning] [Decorations] CAPPING events from decorations provider vscode.git 3632
[2022-10-09 14:49:13.906] [exthost] [warning] [Decorations] CAPPING events from decorations provider vscode.git 3632
[2022-10-09 14:49:19.129] [exthost] [warning] [Decorations] CAPPING events from decorations provider vscode.git 3632
[2022-10-09 14:49:24.327] [exthost] [warning] [Decorations] CAPPING events from decorations provider vscode.git 3632
[2022-10-09 14:49:29.560] [exthost] [warning] [Decorations] CAPPING events from decorations provider vscode.git 3632
[2022-10-09 14:49:34.836] [exthost] [warning] [Decorations] CAPPING events from decorations provider vscode.git 3632
[2022-10-09 14:49:40.114] [exthost] [warning] [Decorations] CAPPING events from decorations provider vscode.git 3632
[2022-10-09 14:49:45.320] [exthost] [warning] [Decorations] CAPPING events from decorations provider vscode.git 3633
[2022-10-09 14:49:51.235] [exthost] [warning] [Decorations] CAPPING events from decorations provider vscode.git 3633
[2022-10-09 14:49:56.522] [exthost] [warning] [Decorations] CAPPING events from decorations provider vscode.git 3633
[2022-10-09 14:50:01.751] [exthost] [warning] [Decorations] CAPPING events from decorations provider vscode.git 3633
[2022-10-09 14:50:06.951] [exthost] [warning] [Decorations] CAPPING events from decorations provider vscode.git 3633
[2022-10-09 14:50:12.185] [exthost] [warning] [Decorations] CAPPING events from decorations provider vscode.git 3633
[2022-10-09 14:50:17.390] [exthost] [warning] [Decorations] CAPPING events from decorations provider vscode.git 3633
[2022-10-09 14:50:22.586] [exthost] [warning] [Decorations] CAPPING events from decorations provider vscode.git 3633
[2022-10-09 14:50:27.768] [exthost] [warning] [Decorations] CAPPING events from decorations provider vscode.git 3633
[2022-10-09 14:50:32.997] [exthost] [warning] [Decorations] CAPPING events from decorations provider vscode.git 3633
[2022-10-09 14:50:38.223] [exthost] [warning] [Decorations] CAPPING events from decorations provider vscode.git 3633
[2022-10-09 14:50:43.448] [exthost] [warning] [Decorations] CAPPING events from decorations provider vscode.git 3633
[2022-10-09 14:50:49.350] [exthost] [warning] [Decorations] CAPPING events from decorations provider vscode.git 3633
[2022-10-09 14:50:54.560] [exthost] [warning] [Decorations] CAPPING events from decorations provider vscode.git 3633
[2022-10-09 14:50:59.866] [exthost] [warning] [Decorations] CAPPING events from decorations provider vscode.git 3633
[2022-10-09 14:51:05.074] [exthost] [warning] [Decorations] CAPPING events from decorations provider vscode.git 3633
[2022-10-09 14:51:10.310] [exthost] [warning] [Decorations] CAPPING events from decorations provider vscode.git 3633
[2022-10-09 14:51:15.548] [exthost] [warning] [Decorations] CAPPING events from decorations provider vscode.git 3633
[2022-10-09 14:51:20.760] [exthost] [warning] [Decorations] CAPPING events from decorations provider vscode.git 3633
[2022-10-09 14:51:25.991] [exthost] [warning] [Decorations] CAPPING events from decorations provider vscode.git 3633
[2022-10-09 14:51:31.216] [exthost] [warning] [Decorations] CAPPING events from decorations provider vscode.git 3633
[2022-10-09 14:51:37.076] [exthost] [warning] [Decorations] CAPPING events from decorations provider vscode.git 3633
[2022-10-09 14:51:42.307] [exthost] [warning] [Decorations] CAPPING events from decorations provider vscode.git 3633
[2022-10-09 14:51:47.582] [exthost] [warning] [Decorations] CAPPING events from decorations provider vscode.git 3633
[2022-10-09 14:51:54.481] [exthost] [warning] [Decorations] CAPPING events from decorations provider vscode.git 3633
[2022-10-09 14:51:59.693] [exthost] [warning] [Decorations] CAPPING events from decorations provider vscode.git 3633
[2022-10-09 14:52:05.596] [exthost] [warning] [Decorations] CAPPING events from decorations provider vscode.git 3633
[2022-10-09 14:52:11.375] [exthost] [warning] [Decorations] CAPPING events from decorations provider vscode.git 3633
[2022-10-09 14:52:16.623] [exthost] [warning] [Decorations] CAPPING events from decorations provider vscode.git 3633
[2022-10-09 14:52:21.942] [exthost] [warning] [Decorations] CAPPING events from decorations provider vscode.git 3633
[2022-10-09 14:52:27.760] [exthost] [warning] [Decorations] CAPPING events from decorations provider vscode.git 3633
[2022-10-09 14:52:33.013] [exthost] [warning] [Decorations] CAPPING events from decorations provider vscode.git 3633
[2022-10-09 14:52:38.222] [exthost] [warning] [Decorations] CAPPING events from decorations provider vscode.git 3633
[2022-10-09 14:52:43.467] [exthost] [warning] [Decorations] CAPPING events from decorations provider vscode.git 3633
[2022-10-09 14:52:48.682] [exthost] [warning] [Decorations] CAPPING events from decorations provider vscode.git 3633
[2022-10-09 14:52:53.915] [exthost] [warning] [Decorations] CAPPING events from decorations provider vscode.git 3633
[2022-10-09 14:52:59.132] [exthost] [warning] [Decorations] CAPPING events from decorations provider vscode.git 3633
[2022-10-09 14:53:04.359] [exthost] [warning] [Decorations] CAPPING events from decorations provider vscode.git 3633
[2022-10-09 14:53:09.629] [exthost] [warning] [Decorations] CAPPING events from decorations provider vscode.git 3633
[2022-10-09 14:53:15.411] [exthost] [warning] [Decorations] CAPPING events from decorations provider vscode.git 3633
[2022-10-09 14:53:20.620] [exthost] [warning] [Decorations] CAPPING events from decorations provider vscode.git 3633
[2022-10-09 14:53:25.861] [exthost] [warning] [Decorations] CAPPING events from decorations provider vscode.git 3633
[2022-10-09 14:53:31.068] [exthost] [warning] [Decorations] CAPPING events from decorations provider vscode.git 3633
[2022-10-09 14:53:36.341] [exthost] [warning] [Decorations] CAPPING events from decorations provider vscode.git 3633
[2022-10-09 14:53:41.591] [exthost] [warning] [Decorations] CAPPING events from decorations provider vscode.git 3633
[2022-10-09 14:53:46.805] [exthost] [warning] [Decorations] CAPPING events from decorations provider vscode.git 3633
[2022-10-09 14:53:51.988] [exthost] [warning] [Decorations] CAPPING events from decorations provider vscode.git 3633
[2022-10-09 14:53:57.220] [exthost] [warning] [Decorations] CAPPING events from decorations provider vscode.git 3633
[2022-10-09 14:54:02.442] [exthost] [warning] [Decorations] CAPPING events from decorations provider vscode.git 3633
[2022-10-09 14:54:07.666] [exthost] [warning] [Decorations] CAPPING events from decorations provider vscode.git 3633
[2022-10-09 14:54:12.875] [exthost] [warning] [Decorations] CAPPING events from decorations provider vscode.git 3633
[2022-10-09 14:54:18.074] [exthost] [warning] [Decorations] CAPPING events from decorations provider vscode.git 3633
[2022-10-09 14:54:23.299] [exthost] [warning] [Decorations] CAPPING events from decorations provider vscode.git 3633
[2022-10-09 14:54:28.551] [exthost] [warning] [Decorations] CAPPING events from decorations provider vscode.git 3633
[2022-10-09 14:54:33.764] [exthost] [warning] [Decorations] CAPPING events from decorations provider vscode.git 3633
[2022-10-09 14:54:39.013] [exthost] [warning] [Decorations] CAPPING events from decorations provider vscode.git 3633
[2022-10-09 14:54:44.298] [exthost] [warning] [Decorations] CAPPING events from decorations provider vscode.git 3633
[2022-10-09 14:54:51.155] [exthost] [warning] [Decorations] CAPPING events from decorations provider vscode.git 3633
[2022-10-09 14:54:58.188] [exthost] [warning] [Decorations] CAPPING events from decorations provider vscode.git 3634
[2022-10-09 14:55:03.473] [exthost] [warning] [Decorations] CAPPING events from decorations provider vscode.git 3634
[2022-10-09 14:55:11.367] [exthost] [warning] [Decorations] CAPPING events from decorations provider vscode.git 3634
[2022-10-09 14:55:16.561] [exthost] [warning] [Decorations] CAPPING events from decorations provider vscode.git 3634
[2022-10-09 14:55:21.766] [exthost] [warning] [Decorations] CAPPING events from decorations provider vscode.git 3634
[2022-10-09 14:55:27.012] [exthost] [warning] [Decorations] CAPPING events from decorations provider vscode.git 3634
[2022-10-09 14:55:32.226] [exthost] [warning] [Decorations] CAPPING events from decorations provider vscode.git 3634
[2022-10-09 14:55:37.434] [exthost] [warning] [Decorations] CAPPING events from decorations provider vscode.git 3634
[2022-10-09 14:55:42.707] [exthost] [warning] [Decorations] CAPPING events from decorations provider vscode.git 3634
[2022-10-09 14:55:47.950] [exthost] [warning] [Decorations] CAPPING events from decorations provider vscode.git 3634
[2022-10-09 14:55:54.825] [exthost] [warning] [Decorations] CAPPING events from decorations provider vscode.git 3635
[2022-10-09 14:56:00.055] [exthost] [warning] [Decorations] CAPPING events from decorations provider vscode.git 3635
[2022-10-09 14:56:05.329] [exthost] [warning] [Decorations] CAPPING events from decorations provider vscode.git 3635
[2022-10-09 14:56:13.162] [exthost] [warning] [Decorations] CAPPING events from decorations provider vscode.git 3636
[2022-10-09 14:56:18.397] [exthost] [warning] [Decorations] CAPPING events from decorations provider vscode.git 3636
[2022-10-09 14:56:23.628] [exthost] [warning] [Decorations] CAPPING events from decorations provider vscode.git 3636
[2022-10-09 14:56:28.989] [exthost] [warning] [Decorations] CAPPING events from decorations provider vscode.git 3637
[2022-10-09 14:56:34.794] [exthost] [warning] [Decorations] CAPPING events from decorations provider vscode.git 3637
[2022-10-09 14:56:39.951] [exthost] [warning] [Decorations] CAPPING events from decorations provider vscode.git 3637
[2022-10-09 14:56:45.222] [exthost] [warning] [Decorations] CAPPING events from decorations provider vscode.git 3637
[2022-10-09 14:56:50.435] [exthost] [warning] [Decorations] CAPPING events from decorations provider vscode.git 3637
[2022-10-09 14:56:55.651] [exthost] [warning] [Decorations] CAPPING events from decorations provider vscode.git 3637
[2022-10-09 14:57:00.942] [exthost] [warning] [Decorations] CAPPING events from decorations provider vscode.git 3637
[2022-10-09 14:57:06.187] [exthost] [warning] [Decorations] CAPPING events from decorations provider vscode.git 3637
[2022-10-09 14:57:11.489] [exthost] [warning] [Decorations] CAPPING events from decorations provider vscode.git 3637
[2022-10-09 14:57:16.736] [exthost] [warning] [Decorations] CAPPING events from decorations provider vscode.git 3637
[2022-10-09 14:57:21.939] [exthost] [warning] [Decorations] CAPPING events from decorations provider vscode.git 3638
[2022-10-09 14:57:30.931] [exthost] [warning] [Decorations] CAPPING events from decorations provider vscode.git 3638
[2022-10-09 14:57:36.198] [exthost] [warning] [Decorations] CAPPING events from decorations provider vscode.git 3638
[2022-10-09 14:57:41.407] [exthost] [warning] [Decorations] CAPPING events from decorations provider vscode.git 3638
[2022-10-09 14:57:54.330] [exthost] [warning] [Decorations] CAPPING events from decorations provider vscode.git 3638
[2022-10-09 14:57:59.563] [exthost] [warning] [Decorations] CAPPING events from decorations provider vscode.git 3638
[2022-10-09 14:58:04.834] [exthost] [warning] [Decorations] CAPPING events from decorations provider vscode.git 3638
[2022-10-09 14:58:10.674] [exthost] [warning] [Decorations] CAPPING events from decorations provider vscode.git 3638
[2022-10-09 14:58:16.750] [exthost] [warning] [Decorations] CAPPING events from decorations provider vscode.git 3638
[2022-10-09 14:58:30.779] [exthost] [warning] [Decorations] CAPPING events from decorations provider vscode.git 3638
[2022-10-09 14:58:35.989] [exthost] [warning] [Decorations] CAPPING events from decorations provider vscode.git 3638
[2022-10-09 14:58:41.196] [exthost] [warning] [Decorations] CAPPING events from decorations provider vscode.git 3638
[2022-10-09 14:58:47.028] [exthost] [warning] [Decorations] CAPPING events from decorations provider vscode.git 3638
[2022-10-09 14:58:52.255] [exthost] [warning] [Decorations] CAPPING events from decorations provider vscode.git 3638
[2022-10-09 14:58:57.491] [exthost] [warning] [Decorations] CAPPING events from decorations provider vscode.git 3638
[2022-10-09 14:59:02.727] [exthost] [warning] [Decorations] CAPPING events from decorations provider vscode.git 3638
[2022-10-09 14:59:08.050] [exthost] [warning] [Decorations] CAPPING events from decorations provider vscode.git 3638
[2022-10-09 14:59:13.341] [exthost] [warning] [Decorations] CAPPING events from decorations provider vscode.git 3638
[2022-10-09 14:59:18.602] [exthost] [warning] [Decorations] CAPPING events from decorations provider vscode.git 3638
[2022-10-09 14:59:23.830] [exthost] [warning] [Decorations] CAPPING events from decorations provider vscode.git 3638
[2022-10-09 14:59:29.046] [exthost] [warning] [Decorations] CAPPING events from decorations provider vscode.git 3638
[2022-10-09 14:59:34.291] [exthost] [warning] [Decorations] CAPPING events from decorations provider vscode.git 3638
[2022-10-09 14:59:39.510] [exthost] [warning] [Decorations] CAPPING events from decorations provider vscode.git 3638
[2022-10-09 14:59:44.733] [exthost] [warning] [Decorations] CAPPING events from decorations provider vscode.git 3638
[2022-10-09 14:59:49.942] [exthost] [warning] [Decorations] CAPPING events from decorations provider vscode.git 3638
[2022-10-09 14:59:55.181] [exthost] [warning] [Decorations] CAPPING events from decorations provider vscode.git 3638
[2022-10-09 15:00:01.151] [exthost] [warning] [Decorations] CAPPING events from decorations provider vscode.git 3638
[2022-10-09 15:00:06.351] [exthost] [warning] [Decorations] CAPPING events from decorations provider vscode.git 3638
[2022-10-09 15:00:11.572] [exthost] [warning] [Decorations] CAPPING events from decorations provider vscode.git 3638
[2022-10-09 15:00:16.789] [exthost] [warning] [Decorations] CAPPING events from decorations provider vscode.git 3638
[2022-10-09 15:00:21.988] [exthost] [warning] [Decorations] CAPPING events from decorations provider vscode.git 3638
[2022-10-09 15:00:27.192] [exthost] [warning] [Decorations] CAPPING events from decorations provider vscode.git 3638
[2022-10-09 15:00:32.405] [exthost] [warning] [Decorations] CAPPING events from decorations provider vscode.git 3638
[2022-10-09 15:00:37.656] [exthost] [warning] [Decorations] CAPPING events from decorations provider vscode.git 3638
[2022-10-09 15:00:42.893] [exthost] [warning] [Decorations] CAPPING events from decorations provider vscode.git 3638
[2022-10-09 15:00:48.161] [exthost] [warning] [Decorations] CAPPING events from decorations provider vscode.git 3638
[2022-10-09 15:00:53.371] [exthost] [warning] [Decorations] CAPPING events from decorations provider vscode.git 3638
[2022-10-09 15:00:58.608] [exthost] [warning] [Decorations] CAPPING events from decorations provider vscode.git 3638
[2022-10-09 15:01:05.470] [exthost] [warning] [Decorations] CAPPING events from decorations provider vscode.git 3638
[2022-10-09 15:01:10.672] [exthost] [warning] [Decorations] CAPPING events from decorations provider vscode.git 3638
[2022-10-09 15:01:15.880] [exthost] [warning] [Decorations] CAPPING events from decorations provider vscode.git 3638
[2022-10-09 15:01:21.097] [exthost] [warning] [Decorations] CAPPING events from decorations provider vscode.git 3638
[2022-10-09 15:01:31.082] [exthost] [warning] [Decorations] CAPPING events from decorations provider vscode.git 3638
[2022-10-09 15:01:37.040] [exthost] [warning] [Decorations] CAPPING events from decorations provider vscode.git 3638
[2022-10-09 15:01:42.244] [exthost] [warning] [Decorations] CAPPING events from decorations provider vscode.git 3638
[2022-10-09 15:01:47.464] [exthost] [warning] [Decorations] CAPPING events from decorations provider vscode.git 3638
[2022-10-09 15:01:53.380] [exthost] [warning] [Decorations] CAPPING events from decorations provider vscode.git 3638
[2022-10-09 15:01:58.622] [exthost] [warning] [Decorations] CAPPING events from decorations provider vscode.git 3638
[2022-10-09 15:02:05.476] [exthost] [warning] [Decorations] CAPPING events from decorations provider vscode.git 3638
[2022-10-09 15:02:10.686] [exthost] [warning] [Decorations] CAPPING events from decorations provider vscode.git 3638
[2022-10-09 15:02:15.917] [exthost] [warning] [Decorations] CAPPING events from decorations provider vscode.git 3638
[2022-10-09 15:02:21.126] [exthost] [warning] [Decorations] CAPPING events from decorations provider vscode.git 3638
[2022-10-09 15:02:26.306] [exthost] [warning] [Decorations] CAPPING events from decorations provider vscode.git 3638
[2022-10-09 15:02:31.619] [exthost] [warning] [Decorations] CAPPING events from decorations provider vscode.git 3638
[2022-10-09 15:02:37.327] [exthost] [warning] [Decorations] CAPPING events from decorations provider vscode.git 3638
[2022-10-09 15:02:42.654] [exthost] [warning] [Decorations] CAPPING events from decorations provider vscode.git 3638
[2022-10-09 15:02:47.904] [exthost] [warning] [Decorations] CAPPING events from decorations provider vscode.git 3638
[2022-10-09 15:02:56.734] [exthost] [warning] [Decorations] CAPPING events from decorations provider vscode.git 3638
[2022-10-09 15:03:01.971] [exthost] [warning] [Decorations] CAPPING events from decorations provider vscode.git 3638
[2022-10-09 15:03:07.220] [exthost] [warning] [Decorations] CAPPING events from decorations provider vscode.git 3638
[2022-10-09 15:03:12.455] [exthost] [warning] [Decorations] CAPPING events from decorations provider vscode.git 3638
[2022-10-09 15:03:17.660] [exthost] [warning] [Decorations] CAPPING events from decorations provider vscode.git 3638
[2022-10-09 15:03:22.924] [exthost] [warning] [Decorations] CAPPING events from decorations provider vscode.git 3638
[2022-10-09 15:03:28.156] [exthost] [warning] [Decorations] CAPPING events from decorations provider vscode.git 3638
[2022-10-09 15:03:33.434] [exthost] [warning] [Decorations] CAPPING events from decorations provider vscode.git 3638
[2022-10-09 15:03:38.656] [exthost] [warning] [Decorations] CAPPING events from decorations provider vscode.git 3638
[2022-10-09 15:03:43.865] [exthost] [warning] [Decorations] CAPPING events from decorations provider vscode.git 3638
[2022-10-09 15:03:49.109] [exthost] [warning] [Decorations] CAPPING events from decorations provider vscode.git 3638
[2022-10-09 15:03:54.330] [exthost] [warning] [Decorations] CAPPING events from decorations provider vscode.git 3638
[2022-10-09 15:03:59.517] [exthost] [warning] [Decorations] CAPPING events from decorations provider vscode.git 3638
[2022-10-09 15:04:04.758] [exthost] [warning] [Decorations] CAPPING events from decorations provider vscode.git 3638
[2022-10-09 15:04:10.628] [exthost] [warning] [Decorations] CAPPING events from decorations provider vscode.git 3638
[2022-10-09 15:04:15.797] [exthost] [warning] [Decorations] CAPPING events from decorations provider vscode.git 3638
[2022-10-09 15:04:21.028] [exthost] [warning] [Decorations] CAPPING events from decorations provider vscode.git 3638
[2022-10-09 15:04:26.267] [exthost] [warning] [Decorations] CAPPING events from decorations provider vscode.git 3638
[2022-10-09 15:04:31.490] [exthost] [warning] [Decorations] CAPPING events from decorations provider vscode.git 3638
[2022-10-09 15:04:43.286] [exthost] [warning] [Decorations] CAPPING events from decorations provider vscode.git 3638
[2022-10-09 15:04:50.482] [exthost] [warning] [Decorations] CAPPING events from decorations provider vscode.git 3638
[2022-10-09 15:04:56.430] [exthost] [warning] [Decorations] CAPPING events from decorations provider vscode.git 3638
[2022-10-09 15:05:01.656] [exthost] [warning] [Decorations] CAPPING events from decorations provider vscode.git 3638
[2022-10-09 15:05:06.873] [exthost] [warning] [Decorations] CAPPING events from decorations provider vscode.git 3638
[2022-10-09 15:05:13.813] [exthost] [warning] [Decorations] CAPPING events from decorations provider vscode.git 3638
[2022-10-09 15:05:19.699] [exthost] [warning] [Decorations] CAPPING events from decorations provider vscode.git 3638
[2022-10-09 15:05:24.947] [exthost] [warning] [Decorations] CAPPING events from decorations provider vscode.git 3638
[2022-10-09 15:05:30.929] [exthost] [warning] [Decorations] CAPPING events from decorations provider vscode.git 3638
[2022-10-09 15:05:36.768] [exthost] [warning] [Decorations] CAPPING events from decorations provider vscode.git 3638
[2022-10-09 15:05:42.071] [exthost] [warning] [Decorations] CAPPING events from decorations provider vscode.git 3638
[2022-10-09 15:05:49.091] [exthost] [warning] [Decorations] CAPPING events from decorations provider vscode.git 3638
[2022-10-09 15:05:54.425] [exthost] [warning] [Decorations] CAPPING events from decorations provider vscode.git 3638
[2022-10-09 15:06:00.329] [exthost] [warning] [Decorations] CAPPING events from decorations provider vscode.git 3638
[2022-10-09 15:06:06.310] [exthost] [warning] [Decorations] CAPPING events from decorations provider vscode.git 3638
[2022-10-09 15:06:11.534] [exthost] [warning] [Decorations] CAPPING events from decorations provider vscode.git 3638
[2022-10-09 15:06:16.803] [exthost] [warning] [Decorations] CAPPING events from decorations provider vscode.git 3638
[2022-10-09 15:06:22.022] [exthost] [warning] [Decorations] CAPPING events from decorations provider vscode.git 3638
[2022-10-09 15:06:27.222] [exthost] [warning] [Decorations] CAPPING events from decorations provider vscode.git 3638
[2022-10-09 15:06:32.467] [exthost] [warning] [Decorations] CAPPING events from decorations provider vscode.git 3638
[2022-10-09 15:06:37.674] [exthost] [warning] [Decorations] CAPPING events from decorations provider vscode.git 3638
[2022-10-09 15:06:43.594] [exthost] [warning] [Decorations] CAPPING events from decorations provider vscode.git 3638
[2022-10-09 15:06:49.810] [exthost] [warning] [Decorations] CAPPING events from decorations provider vscode.git 3638
[2022-10-09 15:06:55.045] [exthost] [warning] [Decorations] CAPPING events from decorations provider vscode.git 3638
[2022-10-09 15:07:00.221] [exthost] [warning] [Decorations] CAPPING events from decorations provider vscode.git 3638
[2022-10-09 15:07:05.468] [exthost] [warning] [Decorations] CAPPING events from decorations provider vscode.git 3638
[2022-10-09 15:07:10.677] [exthost] [warning] [Decorations] CAPPING events from decorations provider vscode.git 3638
[2022-10-09 15:07:15.913] [exthost] [warning] [Decorations] CAPPING events from decorations provider vscode.git 3638
[2022-10-09 15:07:21.150] [exthost] [warning] [Decorations] CAPPING events from decorations provider vscode.git 3638
[2022-10-09 15:07:26.479] [exthost] [warning] [Decorations] CAPPING events from decorations provider vscode.git 3638
[2022-10-09 15:07:31.647] [exthost] [warning] [Decorations] CAPPING events from decorations provider vscode.git 3639
[2022-10-09 15:07:36.950] [exthost] [warning] [Decorations] CAPPING events from decorations provider vscode.git 3639
[2022-10-09 15:07:42.847] [exthost] [warning] [Decorations] CAPPING events from decorations provider vscode.git 3639
[2022-10-09 15:07:48.102] [exthost] [warning] [Decorations] CAPPING events from decorations provider vscode.git 3639
[2022-10-09 15:07:53.908] [exthost] [warning] [Decorations] CAPPING events from decorations provider vscode.git 3640
[2022-10-09 15:07:59.770] [exthost] [warning] [Decorations] CAPPING events from decorations provider vscode.git 3640
[2022-10-09 15:08:05.023] [exthost] [warning] [Decorations] CAPPING events from decorations provider vscode.git 3639
[2022-10-09 15:08:10.256] [exthost] [warning] [Decorations] CAPPING events from decorations provider vscode.git 3639
[2022-10-09 15:08:15.503] [exthost] [warning] [Decorations] CAPPING events from decorations provider vscode.git 3639
[2022-10-09 15:08:20.735] [exthost] [warning] [Decorations] CAPPING events from decorations provider vscode.git 3639
[2022-10-09 15:08:28.651] [exthost] [warning] [Decorations] CAPPING events from decorations provider vscode.git 3639
[2022-10-09 15:08:33.812] [exthost] [warning] [Decorations] CAPPING events from decorations provider vscode.git 3639
[2022-10-09 15:08:39.022] [exthost] [warning] [Decorations] CAPPING events from decorations provider vscode.git 3639
[2022-10-09 15:08:44.272] [exthost] [warning] [Decorations] CAPPING events from decorations provider vscode.git 3639
[2022-10-09 15:08:49.512] [exthost] [warning] [Decorations] CAPPING events from decorations provider vscode.git 3639
[2022-10-09 15:08:54.725] [exthost] [warning] [Decorations] CAPPING events from decorations provider vscode.git 3639
[2022-10-09 15:08:59.924] [exthost] [warning] [Decorations] CAPPING events from decorations provider vscode.git 3639
[2022-10-09 15:09:05.227] [exthost] [warning] [Decorations] CAPPING events from decorations provider vscode.git 3639
[2022-10-09 15:09:11.044] [exthost] [warning] [Decorations] CAPPING events from decorations provider vscode.git 3639
[2022-10-09 15:09:16.349] [exthost] [warning] [Decorations] CAPPING events from decorations provider vscode.git 3639
[2022-10-09 15:09:21.546] [exthost] [warning] [Decorations] CAPPING events from decorations provider vscode.git 3639
[2022-10-09 15:09:26.734] [exthost] [warning] [Decorations] CAPPING events from decorations provider vscode.git 3639
[2022-10-09 15:09:31.974] [exthost] [warning] [Decorations] CAPPING events from decorations provider vscode.git 3639
[2022-10-09 15:09:37.187] [exthost] [warning] [Decorations] CAPPING events from decorations provider vscode.git 3639
[2022-10-09 15:09:42.414] [exthost] [warning] [Decorations] CAPPING events from decorations provider vscode.git 3639
[2022-10-09 15:09:47.650] [exthost] [warning] [Decorations] CAPPING events from decorations provider vscode.git 3639
[2022-10-09 15:09:52.842] [exthost] [warning] [Decorations] CAPPING events from decorations provider vscode.git 3639
[2022-10-09 15:09:58.044] [exthost] [warning] [Decorations] CAPPING events from decorations provider vscode.git 3639
[2022-10-09 15:10:03.266] [exthost] [warning] [Decorations] CAPPING events from decorations provider vscode.git 3639
[2022-10-09 15:10:08.492] [exthost] [warning] [Decorations] CAPPING events from decorations provider vscode.git 3639
[2022-10-09 15:10:13.710] [exthost] [warning] [Decorations] CAPPING events from decorations provider vscode.git 3639
[2022-10-09 15:10:18.935] [exthost] [warning] [Decorations] CAPPING events from decorations provider vscode.git 3639
[2022-10-09 15:10:24.110] [exthost] [warning] [Decorations] CAPPING events from decorations provider vscode.git 3639
[2022-10-09 15:10:29.340] [exthost] [warning] [Decorations] CAPPING events from decorations provider vscode.git 3639
[2022-10-09 15:10:34.539] [exthost] [warning] [Decorations] CAPPING events from decorations provider vscode.git 3639
[2022-10-09 15:10:39.765] [exthost] [warning] [Decorations] CAPPING events from decorations provider vscode.git 3639
[2022-10-09 15:10:45.013] [exthost] [warning] [Decorations] CAPPING events from decorations provider vscode.git 3639
[2022-10-09 15:10:50.222] [exthost] [warning] [Decorations] CAPPING events from decorations provider vscode.git 3639
[2022-10-09 15:10:57.092] [exthost] [warning] [Decorations] CAPPING events from decorations provider vscode.git 3640
[2022-10-09 15:11:02.299] [exthost] [warning] [Decorations] CAPPING events from decorations provider vscode.git 3640
[2022-10-09 15:11:07.504] [exthost] [warning] [Decorations] CAPPING events from decorations provider vscode.git 3640
[2022-10-09 15:11:12.746] [exthost] [warning] [Decorations] CAPPING events from decorations provider vscode.git 3641
[2022-10-09 15:11:17.949] [exthost] [warning] [Decorations] CAPPING events from decorations provider vscode.git 3643
[2022-10-09 15:11:23.184] [exthost] [warning] [Decorations] CAPPING events from decorations provider vscode.git 3643
[2022-10-09 15:11:28.405] [exthost] [warning] [Decorations] CAPPING events from decorations provider vscode.git 3643
[2022-10-09 15:11:33.639] [exthost] [warning] [Decorations] CAPPING events from decorations provider vscode.git 3643
[2022-10-09 15:11:40.478] [exthost] [warning] [Decorations] CAPPING events from decorations provider vscode.git 3644
[2022-10-09 15:11:45.737] [exthost] [warning] [Decorations] CAPPING events from decorations provider vscode.git 3644
[2022-10-09 15:11:50.952] [exthost] [warning] [Decorations] CAPPING events from decorations provider vscode.git 3644
[2022-10-09 15:11:56.168] [exthost] [warning] [Decorations] CAPPING events from decorations provider vscode.git 3644
[2022-10-09 15:12:01.396] [exthost] [warning] [Decorations] CAPPING events from decorations provider vscode.git 3644
[2022-10-09 15:12:06.611] [exthost] [warning] [Decorations] CAPPING events from decorations provider vscode.git 3644
[2022-10-09 15:12:11.822] [exthost] [warning] [Decorations] CAPPING events from decorations provider vscode.git 3644
[2022-10-09 15:12:17.031] [exthost] [warning] [Decorations] CAPPING events from decorations provider vscode.git 3644
[2022-10-09 15:12:22.253] [exthost] [warning] [Decorations] CAPPING events from decorations provider vscode.git 3644
[2022-10-09 15:12:28.018] [exthost] [warning] [Decorations] CAPPING events from decorations provider vscode.git 3644
[2022-10-09 15:12:33.245] [exthost] [warning] [Decorations] CAPPING events from decorations provider vscode.git 3644
[2022-10-09 15:12:40.122] [exthost] [warning] [Decorations] CAPPING events from decorations provider vscode.git 3644
[2022-10-09 15:12:45.365] [exthost] [warning] [Decorations] CAPPING events from decorations provider vscode.git 3644
[2022-10-09 15:12:50.656] [exthost] [warning] [Decorations] CAPPING events from decorations provider vscode.git 3644
[2022-10-09 15:12:55.870] [exthost] [warning] [Decorations] CAPPING events from decorations provider vscode.git 3644
[2022-10-09 15:13:01.092] [exthost] [warning] [Decorations] CAPPING events from decorations provider vscode.git 3644
[2022-10-09 15:13:06.313] [exthost] [warning] [Decorations] CAPPING events from decorations provider vscode.git 3644
[2022-10-09 15:13:11.545] [exthost] [warning] [Decorations] CAPPING events from decorations provider vscode.git 3644
[2022-10-09 15:13:16.767] [exthost] [warning] [Decorations] CAPPING events from decorations provider vscode.git 3644
[2022-10-09 15:13:22.001] [exthost] [warning] [Decorations] CAPPING events from decorations provider vscode.git 3644
[2022-10-09 15:13:29.865] [exthost] [warning] [Decorations] CAPPING events from decorations provider vscode.git 3644
[2022-10-09 15:13:35.100] [exthost] [warning] [Decorations] CAPPING events from decorations provider vscode.git 3644
[2022-10-09 15:13:40.331] [exthost] [warning] [Decorations] CAPPING events from decorations provider vscode.git 3644
[2022-10-09 15:13:45.534] [exthost] [warning] [Decorations] CAPPING events from decorations provider vscode.git 3644
[2022-10-09 15:13:51.423] [exthost] [warning] [Decorations] CAPPING events from decorations provider vscode.git 3644
[2022-10-09 15:13:57.230] [exthost] [warning] [Decorations] CAPPING events from decorations provider vscode.git 3644
[2022-10-09 15:14:02.463] [exthost] [warning] [Decorations] CAPPING events from decorations provider vscode.git 3644
[2022-10-09 15:14:07.707] [exthost] [warning] [Decorations] CAPPING events from decorations provider vscode.git 3644
[2022-10-09 15:14:12.956] [exthost] [warning] [Decorations] CAPPING events from decorations provider vscode.git 3644
[2022-10-09 15:14:18.229] [exthost] [warning] [Decorations] CAPPING events from decorations provider vscode.git 3644
[2022-10-09 15:14:23.509] [exthost] [warning] [Decorations] CAPPING events from decorations provider vscode.git 3644
[2022-10-09 15:14:28.670] [exthost] [warning] [Decorations] CAPPING events from decorations provider vscode.git 3644
[2022-10-09 15:14:33.891] [exthost] [warning] [Decorations] CAPPING events from decorations provider vscode.git 3644
[2022-10-09 15:14:39.079] [exthost] [warning] [Decorations] CAPPING events from decorations provider vscode.git 3644
[2022-10-09 15:14:44.915] [exthost] [warning] [Decorations] CAPPING events from decorations provider vscode.git 3644
[2022-10-09 15:14:50.162] [exthost] [warning] [Decorations] CAPPING events from decorations provider vscode.git 3644
[2022-10-09 15:14:55.427] [exthost] [warning] [Decorations] CAPPING events from decorations provider vscode.git 3644
[2022-10-09 15:15:00.660] [exthost] [warning] [Decorations] CAPPING events from decorations provider vscode.git 3644
[2022-10-09 15:15:05.858] [exthost] [warning] [Decorations] CAPPING events from decorations provider vscode.git 3644
[2022-10-09 15:15:11.089] [exthost] [warning] [Decorations] CAPPING events from decorations provider vscode.git 3644
[2022-10-09 15:15:16.342] [exthost] [warning] [Decorations] CAPPING events from decorations provider vscode.git 3644
[2022-10-09 15:15:23.165] [exthost] [warning] [Decorations] CAPPING events from decorations provider vscode.git 3644
[2022-10-09 15:15:28.376] [exthost] [warning] [Decorations] CAPPING events from decorations provider vscode.git 3644
[2022-10-09 15:15:33.609] [exthost] [warning] [Decorations] CAPPING events from decorations provider vscode.git 3644
[2022-10-09 15:15:38.823] [exthost] [warning] [Decorations] CAPPING events from decorations provider vscode.git 3644
[2022-10-09 15:15:44.045] [exthost] [warning] [Decorations] CAPPING events from decorations provider vscode.git 3644
[2022-10-09 15:15:49.265] [exthost] [warning] [Decorations] CAPPING events from decorations provider vscode.git 3644
[2022-10-09 15:15:54.494] [exthost] [warning] [Decorations] CAPPING events from decorations provider vscode.git 3644
[2022-10-09 15:15:59.710] [exthost] [warning] [Decorations] CAPPING events from decorations provider vscode.git 3644
[2022-10-09 15:16:04.954] [exthost] [warning] [Decorations] CAPPING events from decorations provider vscode.git 3644
[2022-10-09 15:16:10.189] [exthost] [warning] [Decorations] CAPPING events from decorations provider vscode.git 3644
[2022-10-09 15:16:15.362] [exthost] [warning] [Decorations] CAPPING events from decorations provider vscode.git 3644
[2022-10-09 15:16:20.555] [exthost] [warning] [Decorations] CAPPING events from decorations provider vscode.git 3644
[2022-10-09 15:16:25.789] [exthost] [warning] [Decorations] CAPPING events from decorations provider vscode.git 3644
[2022-10-09 15:16:31.047] [exthost] [warning] [Decorations] CAPPING events from decorations provider vscode.git 3644
[2022-10-09 15:16:36.272] [exthost] [warning] [Decorations] CAPPING events from decorations provider vscode.git 3644
[2022-10-09 15:16:41.489] [exthost] [warning] [Decorations] CAPPING events from decorations provider vscode.git 3644
[2022-10-09 15:16:46.684] [exthost] [warning] [Decorations] CAPPING events from decorations provider vscode.git 3644
[2022-10-09 15:16:51.928] [exthost] [warning] [Decorations] CAPPING events from decorations provider vscode.git 3644
[2022-10-09 15:16:57.171] [exthost] [warning] [Decorations] CAPPING events from decorations provider vscode.git 3644
[2022-10-09 15:17:02.445] [exthost] [warning] [Decorations] CAPPING events from decorations provider vscode.git 3644
[2022-10-09 15:17:07.665] [exthost] [warning] [Decorations] CAPPING events from decorations provider vscode.git 3644
[2022-10-09 15:17:12.887] [exthost] [warning] [Decorations] CAPPING events from decorations provider vscode.git 3644
[2022-10-09 15:17:18.141] [exthost] [warning] [Decorations] CAPPING events from decorations provider vscode.git 3644
[2022-10-09 15:17:23.358] [exthost] [warning] [Decorations] CAPPING events from decorations provider vscode.git 3644
[2022-10-09 15:17:28.595] [exthost] [warning] [Decorations] CAPPING events from decorations provider vscode.git 3644
[2022-10-09 15:17:33.805] [exthost] [warning] [Decorations] CAPPING events from decorations provider vscode.git 3644
[2022-10-09 15:17:39.035] [exthost] [warning] [Decorations] CAPPING events from decorations provider vscode.git 3644
[2022-10-09 15:17:44.275] [exthost] [warning] [Decorations] CAPPING events from decorations provider vscode.git 3644
[2022-10-09 15:17:49.552] [exthost] [warning] [Decorations] CAPPING events from decorations provider vscode.git 3644
[2022-10-09 15:17:54.751] [exthost] [warning] [Decorations] CAPPING events from decorations provider vscode.git 3644
[2022-10-09 15:18:00.019] [exthost] [warning] [Decorations] CAPPING events from decorations provider vscode.git 3644
[2022-10-09 15:18:05.249] [exthost] [warning] [Decorations] CAPPING events from decorations provider vscode.git 3645
[2022-10-09 15:18:10.477] [exthost] [warning] [Decorations] CAPPING events from decorations provider vscode.git 3645
[2022-10-09 15:18:15.726] [exthost] [warning] [Decorations] CAPPING events from decorations provider vscode.git 3645
[2022-10-09 15:18:26.635] [exthost] [warning] [Decorations] CAPPING events from decorations provider vscode.git 3645
[2022-10-09 15:18:31.874] [exthost] [warning] [Decorations] CAPPING events from decorations provider vscode.git 3645
[2022-10-09 15:18:37.110] [exthost] [warning] [Decorations] CAPPING events from decorations provider vscode.git 3645
[2022-10-09 15:18:42.408] [exthost] [warning] [Decorations] CAPPING events from decorations provider vscode.git 3645
[2022-10-09 15:18:47.634] [exthost] [warning] [Decorations] CAPPING events from decorations provider vscode.git 3645
[2022-10-09 15:18:52.856] [exthost] [warning] [Decorations] CAPPING events from decorations provider vscode.git 3645
[2022-10-09 15:18:58.095] [exthost] [warning] [Decorations] CAPPING events from decorations provider vscode.git 3645
[2022-10-09 15:19:03.302] [exthost] [warning] [Decorations] CAPPING events from decorations provider vscode.git 3646
[2022-10-09 15:19:08.479] [exthost] [warning] [Decorations] CAPPING events from decorations provider vscode.git 3646
[2022-10-09 15:19:13.651] [exthost] [warning] [Decorations] CAPPING events from decorations provider vscode.git 3646
                                                                                                                                                                                                                                                                                                                                                                                                                                                                   